[ 2020-03-31T13:34:28+08:00 ] 58.56.90.246 /
INFO: [ app_begin ] --START--
INFO: Run Behavior\ReadHtmlCache [ RunTime:0.000543s ]
INFO: Run Behavior\CheckLang [ RunTime:0.003227s ]
INFO: [ app_begin ] --END-- [ RunTime:0.004608s ]

[ 2020-03-31T13:34:30+08:00 ] 58.56.90.246 /Pc/Index/index.html
INFO: [ app_begin ] --START--
INFO: Run Behavior\ReadHtmlCache [ RunTime:0.000387s ]
INFO: Run Behavior\CheckLang [ RunTime:0.000567s ]
INFO: [ app_begin ] --END-- [ RunTime:0.001337s ]
NOTIC: [8192] mysql_connect(): The mysql extension is deprecated and will be removed in the future: use mysqli or PDO instead /www/wwwroot/kmforex.com/ThinkPHP/Library/Think/Db/Driver/Mysql.class.php 第 52 行.
NOTIC: [8] Undefined index: HTTP_REFERER /www/wwwroot/kmforex.com/Application/Pc/Controller/CommonController.class.php 第 124 行.
ERR: 1064:You have an error in your SQL syntax; check the manual that corresponds to your MySQL server version for the right syntax to use near 'a' at line 1
 [ SQL语句 ] : SHOW COLUMNS FROM wp_option a
ERR: 1064:You have an error in your SQL syntax; check the manual that corresponds to your MySQL server version for the right syntax to use near 'a' at line 1
 [ SQL语句 ] : SHOW COLUMNS FROM wp_userinfo a
INFO: [ view_parse ] --START--
INFO: [ template_filter ] --START--
INFO: Run Behavior\ContentReplace [ RunTime:0.000236s ]
INFO: [ template_filter ] --END-- [ RunTime:0.000305s ]
NOTIC: [8] Undefined variable: info /www/wwwroot/kmforex.com/Application/Runtime/Cache/Pc/294c98e9819a9b31d643d623dee36931.php 第 950 行.
INFO: Run Behavior\ParseTemplate [ RunTime:0.213594s ]
INFO: [ view_parse ] --END-- [ RunTime:0.213666s ]
INFO: [ view_filter ] --START--
INFO: Run Behavior\WriteHtmlCache [ RunTime:0.003433s ]
INFO: [ view_filter ] --END-- [ RunTime:0.003478s ]
INFO: [ app_end ] --START--
INFO: Run Behavior\ShowPageTrace [ RunTime:0.000620s ]
INFO: [ app_end ] --END-- [ RunTime:0.000667s ]

[ 2020-03-31T13:35:01+08:00 ] 58.56.90.246 /Pc/Lang/index.html
INFO: [ app_begin ] --START--
INFO: Run Behavior\ReadHtmlCache [ RunTime:0.000378s ]
INFO: Run Behavior\CheckLang [ RunTime:0.081426s ]
INFO: [ app_begin ] --END-- [ RunTime:0.082252s ]
NOTIC: [8192] mysql_connect(): The mysql extension is deprecated and will be removed in the future: use mysqli or PDO instead /www/wwwroot/kmforex.com/ThinkPHP/Library/Think/Db/Driver/Mysql.class.php 第 52 行.
INFO: [ view_parse ] --START--
INFO: [ template_filter ] --START--
INFO: Run Behavior\ContentReplace [ RunTime:0.000078s ]
INFO: [ template_filter ] --END-- [ RunTime:0.000142s ]
NOTIC: [8] Use of undefined constant lang - assumed 'lang' /www/wwwroot/kmforex.com/Application/Runtime/Cache/Pc/f319b0eb24f0cbd502f8e6067260f86c.php 第 500 行.
NOTIC: [8] Use of undefined constant lang - assumed 'lang' /www/wwwroot/kmforex.com/Application/Runtime/Cache/Pc/f319b0eb24f0cbd502f8e6067260f86c.php 第 510 行.
NOTIC: [8] Use of undefined constant lang - assumed 'lang' /www/wwwroot/kmforex.com/Application/Runtime/Cache/Pc/f319b0eb24f0cbd502f8e6067260f86c.php 第 520 行.
INFO: Run Behavior\ParseTemplate [ RunTime:0.061101s ]
INFO: [ view_parse ] --END-- [ RunTime:0.061181s ]
INFO: [ view_filter ] --START--
INFO: Run Behavior\WriteHtmlCache [ RunTime:0.000184s ]
INFO: [ view_filter ] --END-- [ RunTime:0.000218s ]
INFO: [ app_end ] --START--
INFO: Run Behavior\ShowPageTrace [ RunTime:0.000525s ]
INFO: [ app_end ] --END-- [ RunTime:0.000582s ]

[ 2020-03-31T13:35:05+08:00 ] 58.56.90.246 /
INFO: [ app_begin ] --START--
INFO: Run Behavior\ReadHtmlCache [ RunTime:0.000382s ]
INFO: Run Behavior\CheckLang [ RunTime:0.000947s ]
INFO: [ app_begin ] --END-- [ RunTime:0.001669s ]

[ 2020-03-31T13:35:05+08:00 ] 58.56.90.246 /Pc/Index/index.html
INFO: [ app_begin ] --START--
INFO: Run Behavior\ReadHtmlCache [ RunTime:0.000361s ]
INFO: Run Behavior\CheckLang [ RunTime:0.046682s ]
INFO: [ app_begin ] --END-- [ RunTime:0.047424s ]
NOTIC: [8192] mysql_connect(): The mysql extension is deprecated and will be removed in the future: use mysqli or PDO instead /www/wwwroot/kmforex.com/ThinkPHP/Library/Think/Db/Driver/Mysql.class.php 第 52 行.
ERR: 1064:You have an error in your SQL syntax; check the manual that corresponds to your MySQL server version for the right syntax to use near 'a' at line 1
 [ SQL语句 ] : SHOW COLUMNS FROM wp_option a
ERR: 1064:You have an error in your SQL syntax; check the manual that corresponds to your MySQL server version for the right syntax to use near 'a' at line 1
 [ SQL语句 ] : SHOW COLUMNS FROM wp_userinfo a
INFO: [ view_parse ] --START--
INFO: [ template_filter ] --START--
INFO: Run Behavior\ContentReplace [ RunTime:0.000183s ]
INFO: [ template_filter ] --END-- [ RunTime:0.000278s ]
NOTIC: [8] Undefined variable: info /www/wwwroot/kmforex.com/Application/Runtime/Cache/Pc/294c98e9819a9b31d643d623dee36931.php 第 950 行.
INFO: Run Behavior\ParseTemplate [ RunTime:0.036781s ]
INFO: [ view_parse ] --END-- [ RunTime:0.036829s ]
INFO: [ view_filter ] --START--
INFO: Run Behavior\WriteHtmlCache [ RunTime:0.000189s ]
INFO: [ view_filter ] --END-- [ RunTime:0.000223s ]
INFO: [ app_end ] --START--
INFO: Run Behavior\ShowPageTrace [ RunTime:0.000430s ]
INFO: [ app_end ] --END-- [ RunTime:0.000480s ]

[ 2020-03-31T13:35:07+08:00 ] 58.56.90.246 /
INFO: [ app_begin ] --START--
INFO: Run Behavior\ReadHtmlCache [ RunTime:0.000399s ]
INFO: Run Behavior\CheckLang [ RunTime:0.000703s ]
INFO: [ app_begin ] --END-- [ RunTime:0.001434s ]

[ 2020-03-31T13:35:07+08:00 ] 58.56.90.246 /Pc/Index/index.html
INFO: [ app_begin ] --START--
INFO: Run Behavior\ReadHtmlCache [ RunTime:0.000340s ]
INFO: Run Behavior\CheckLang [ RunTime:0.000753s ]
INFO: [ app_begin ] --END-- [ RunTime:0.001467s ]
NOTIC: [8192] mysql_connect(): The mysql extension is deprecated and will be removed in the future: use mysqli or PDO instead /www/wwwroot/kmforex.com/ThinkPHP/Library/Think/Db/Driver/Mysql.class.php 第 52 行.
ERR: 1064:You have an error in your SQL syntax; check the manual that corresponds to your MySQL server version for the right syntax to use near 'a' at line 1
 [ SQL语句 ] : SHOW COLUMNS FROM wp_option a
ERR: 1064:You have an error in your SQL syntax; check the manual that corresponds to your MySQL server version for the right syntax to use near 'a' at line 1
 [ SQL语句 ] : SHOW COLUMNS FROM wp_userinfo a
INFO: [ view_parse ] --START--
INFO: [ template_filter ] --START--
INFO: Run Behavior\ContentReplace [ RunTime:0.000186s ]
INFO: [ template_filter ] --END-- [ RunTime:0.000239s ]
NOTIC: [8] Undefined variable: info /www/wwwroot/kmforex.com/Application/Runtime/Cache/Pc/294c98e9819a9b31d643d623dee36931.php 第 950 行.
INFO: Run Behavior\ParseTemplate [ RunTime:0.023412s ]
INFO: [ view_parse ] --END-- [ RunTime:0.023501s ]
INFO: [ view_filter ] --START--
INFO: Run Behavior\WriteHtmlCache [ RunTime:0.000125s ]
INFO: [ view_filter ] --END-- [ RunTime:0.000160s ]
INFO: [ app_end ] --START--
INFO: Run Behavior\ShowPageTrace [ RunTime:0.000373s ]
INFO: [ app_end ] --END-- [ RunTime:0.000420s ]

[ 2020-03-31T13:38:28+08:00 ] 58.56.90.246 /
INFO: [ app_begin ] --START--
INFO: Run Behavior\ReadHtmlCache [ RunTime:0.000364s ]
INFO: Run Behavior\CheckLang [ RunTime:0.002853s ]
INFO: [ app_begin ] --END-- [ RunTime:0.003553s ]

[ 2020-03-31T13:38:28+08:00 ] 58.56.90.246 /Pc/Index/index.html
INFO: [ app_begin ] --START--
INFO: Run Behavior\ReadHtmlCache [ RunTime:0.005402s ]
INFO: Run Behavior\CheckLang [ RunTime:0.000736s ]
INFO: [ app_begin ] --END-- [ RunTime:0.006495s ]
NOTIC: [8192] mysql_connect(): The mysql extension is deprecated and will be removed in the future: use mysqli or PDO instead /www/wwwroot/kmforex.com/ThinkPHP/Library/Think/Db/Driver/Mysql.class.php 第 52 行.
NOTIC: [8] Undefined index: HTTP_REFERER /www/wwwroot/kmforex.com/Application/Pc/Controller/CommonController.class.php 第 124 行.
ERR: 1064:You have an error in your SQL syntax; check the manual that corresponds to your MySQL server version for the right syntax to use near 'a' at line 1
 [ SQL语句 ] : SHOW COLUMNS FROM wp_option a
ERR: 1064:You have an error in your SQL syntax; check the manual that corresponds to your MySQL server version for the right syntax to use near 'a' at line 1
 [ SQL语句 ] : SHOW COLUMNS FROM wp_userinfo a
INFO: [ view_parse ] --START--
INFO: [ template_filter ] --START--
INFO: Run Behavior\ContentReplace [ RunTime:0.000193s ]
INFO: [ template_filter ] --END-- [ RunTime:0.000260s ]
NOTIC: [8] Undefined variable: info /www/wwwroot/kmforex.com/Application/Runtime/Cache/Pc/294c98e9819a9b31d643d623dee36931.php 第 950 行.
INFO: Run Behavior\ParseTemplate [ RunTime:0.047508s ]
INFO: [ view_parse ] --END-- [ RunTime:0.047569s ]
INFO: [ view_filter ] --START--
INFO: Run Behavior\WriteHtmlCache [ RunTime:0.000146s ]
INFO: [ view_filter ] --END-- [ RunTime:0.000183s ]
INFO: [ app_end ] --START--
INFO: Run Behavior\ShowPageTrace [ RunTime:0.000413s ]
INFO: [ app_end ] --END-- [ RunTime:0.000465s ]

[ 2020-03-31T13:38:30+08:00 ] 58.56.90.246 /Pc/Product/lists.html
INFO: [ app_begin ] --START--
INFO: Run Behavior\ReadHtmlCache [ RunTime:0.000350s ]
INFO: Run Behavior\CheckLang [ RunTime:0.020941s ]
INFO: [ app_begin ] --END-- [ RunTime:0.021667s ]
NOTIC: [8192] mysql_connect(): The mysql extension is deprecated and will be removed in the future: use mysqli or PDO instead /www/wwwroot/kmforex.com/ThinkPHP/Library/Think/Db/Driver/Mysql.class.php 第 52 行.
ERR: 1064:You have an error in your SQL syntax; check the manual that corresponds to your MySQL server version for the right syntax to use near 'a' at line 1
 [ SQL语句 ] : SHOW COLUMNS FROM wp_option a
NOTIC: [8] Undefined offset: 62 /www/wwwroot/kmforex.com/Application/Pc/Controller/ProductController.class.php 第 215 行.
NOTIC: [8] Undefined offset: 101 /www/wwwroot/kmforex.com/Application/Pc/Controller/ProductController.class.php 第 215 行.
NOTIC: [8] Undefined offset: 69 /www/wwwroot/kmforex.com/Application/Pc/Controller/ProductController.class.php 第 215 行.
NOTIC: [8] Undefined offset: 70 /www/wwwroot/kmforex.com/Application/Pc/Controller/ProductController.class.php 第 215 行.
NOTIC: [8] Undefined offset: 71 /www/wwwroot/kmforex.com/Application/Pc/Controller/ProductController.class.php 第 215 行.
NOTIC: [8] Undefined offset: 72 /www/wwwroot/kmforex.com/Application/Pc/Controller/ProductController.class.php 第 215 行.
NOTIC: [8] Undefined offset: 74 /www/wwwroot/kmforex.com/Application/Pc/Controller/ProductController.class.php 第 215 行.
NOTIC: [8] Undefined offset: 75 /www/wwwroot/kmforex.com/Application/Pc/Controller/ProductController.class.php 第 215 行.
NOTIC: [8] Undefined offset: 76 /www/wwwroot/kmforex.com/Application/Pc/Controller/ProductController.class.php 第 215 行.
NOTIC: [8] Undefined offset: 77 /www/wwwroot/kmforex.com/Application/Pc/Controller/ProductController.class.php 第 215 行.
NOTIC: [8] Undefined offset: 78 /www/wwwroot/kmforex.com/Application/Pc/Controller/ProductController.class.php 第 215 行.
NOTIC: [8] Undefined offset: 79 /www/wwwroot/kmforex.com/Application/Pc/Controller/ProductController.class.php 第 215 行.
NOTIC: [8] Undefined offset: 80 /www/wwwroot/kmforex.com/Application/Pc/Controller/ProductController.class.php 第 215 行.
NOTIC: [8] Undefined offset: 82 /www/wwwroot/kmforex.com/Application/Pc/Controller/ProductController.class.php 第 215 行.
NOTIC: [8] Undefined offset: 83 /www/wwwroot/kmforex.com/Application/Pc/Controller/ProductController.class.php 第 215 行.
NOTIC: [8] Undefined offset: 84 /www/wwwroot/kmforex.com/Application/Pc/Controller/ProductController.class.php 第 215 行.
NOTIC: [8] Undefined offset: 85 /www/wwwroot/kmforex.com/Application/Pc/Controller/ProductController.class.php 第 215 行.
NOTIC: [8] Undefined offset: 86 /www/wwwroot/kmforex.com/Application/Pc/Controller/ProductController.class.php 第 215 行.
NOTIC: [8] Undefined offset: 87 /www/wwwroot/kmforex.com/Application/Pc/Controller/ProductController.class.php 第 215 行.
NOTIC: [8] Undefined offset: 90 /www/wwwroot/kmforex.com/Application/Pc/Controller/ProductController.class.php 第 215 行.
NOTIC: [8] Undefined offset: 95 /www/wwwroot/kmforex.com/Application/Pc/Controller/ProductController.class.php 第 215 行.
INFO: [ view_parse ] --START--
INFO: [ template_filter ] --START--
INFO: Run Behavior\ContentReplace [ RunTime:0.000269s ]
INFO: [ template_filter ] --END-- [ RunTime:0.000332s ]
NOTIC: [8] Undefined variable: lang /www/wwwroot/kmforex.com/Application/Runtime/Cache/Pc/263edaac76f2de40cab8b3d446be49f8.php 第 283 行.
NOTIC: [8] Undefined variable: lang /www/wwwroot/kmforex.com/Application/Runtime/Cache/Pc/263edaac76f2de40cab8b3d446be49f8.php 第 285 行.
NOTIC: [8] Undefined index: status /www/wwwroot/kmforex.com/Application/Runtime/Cache/Pc/263edaac76f2de40cab8b3d446be49f8.php 第 572 行.
NOTIC: [8] Undefined index: status /www/wwwroot/kmforex.com/Application/Runtime/Cache/Pc/263edaac76f2de40cab8b3d446be49f8.php 第 572 行.
NOTIC: [8] Undefined index: status /www/wwwroot/kmforex.com/Application/Runtime/Cache/Pc/263edaac76f2de40cab8b3d446be49f8.php 第 572 行.
NOTIC: [8] Undefined index: status /www/wwwroot/kmforex.com/Application/Runtime/Cache/Pc/263edaac76f2de40cab8b3d446be49f8.php 第 572 行.
NOTIC: [8] Undefined index: status /www/wwwroot/kmforex.com/Application/Runtime/Cache/Pc/263edaac76f2de40cab8b3d446be49f8.php 第 572 行.
NOTIC: [8] Undefined index: status /www/wwwroot/kmforex.com/Application/Runtime/Cache/Pc/263edaac76f2de40cab8b3d446be49f8.php 第 572 行.
NOTIC: [8] Undefined index: status /www/wwwroot/kmforex.com/Application/Runtime/Cache/Pc/263edaac76f2de40cab8b3d446be49f8.php 第 572 行.
NOTIC: [8] Undefined index: status /www/wwwroot/kmforex.com/Application/Runtime/Cache/Pc/263edaac76f2de40cab8b3d446be49f8.php 第 572 行.
NOTIC: [8] Undefined index: status /www/wwwroot/kmforex.com/Application/Runtime/Cache/Pc/263edaac76f2de40cab8b3d446be49f8.php 第 572 行.
NOTIC: [8] Undefined index: status /www/wwwroot/kmforex.com/Application/Runtime/Cache/Pc/263edaac76f2de40cab8b3d446be49f8.php 第 572 行.
NOTIC: [8] Undefined index: status /www/wwwroot/kmforex.com/Application/Runtime/Cache/Pc/263edaac76f2de40cab8b3d446be49f8.php 第 572 行.
NOTIC: [8] Undefined index: status /www/wwwroot/kmforex.com/Application/Runtime/Cache/Pc/263edaac76f2de40cab8b3d446be49f8.php 第 572 行.
NOTIC: [8] Undefined index: status /www/wwwroot/kmforex.com/Application/Runtime/Cache/Pc/263edaac76f2de40cab8b3d446be49f8.php 第 572 行.
NOTIC: [8] Undefined index: status /www/wwwroot/kmforex.com/Application/Runtime/Cache/Pc/263edaac76f2de40cab8b3d446be49f8.php 第 572 行.
NOTIC: [8] Undefined index: status /www/wwwroot/kmforex.com/Application/Runtime/Cache/Pc/263edaac76f2de40cab8b3d446be49f8.php 第 572 行.
NOTIC: [8] Undefined index: status /www/wwwroot/kmforex.com/Application/Runtime/Cache/Pc/263edaac76f2de40cab8b3d446be49f8.php 第 572 行.
NOTIC: [8] Undefined index: status /www/wwwroot/kmforex.com/Application/Runtime/Cache/Pc/263edaac76f2de40cab8b3d446be49f8.php 第 585 行.
NOTIC: [8] Undefined index: status /www/wwwroot/kmforex.com/Application/Runtime/Cache/Pc/263edaac76f2de40cab8b3d446be49f8.php 第 585 行.
NOTIC: [8] Undefined index: status /www/wwwroot/kmforex.com/Application/Runtime/Cache/Pc/263edaac76f2de40cab8b3d446be49f8.php 第 598 行.
NOTIC: [8] Undefined index: status /www/wwwroot/kmforex.com/Application/Runtime/Cache/Pc/263edaac76f2de40cab8b3d446be49f8.php 第 598 行.
NOTIC: [8] Undefined index: status /www/wwwroot/kmforex.com/Application/Runtime/Cache/Pc/263edaac76f2de40cab8b3d446be49f8.php 第 611 行.
INFO: Run Behavior\ParseTemplate [ RunTime:0.061239s ]
INFO: [ view_parse ] --END-- [ RunTime:0.061297s ]
INFO: [ view_filter ] --START--
INFO: Run Behavior\WriteHtmlCache [ RunTime:0.000176s ]
INFO: [ view_filter ] --END-- [ RunTime:0.000213s ]
INFO: [ app_end ] --START--
INFO: Run Behavior\ShowPageTrace [ RunTime:0.000460s ]
INFO: [ app_end ] --END-- [ RunTime:0.000514s ]

[ 2020-03-31T13:38:34+08:00 ] 58.56.90.246 /Pc/Product/details/id/69/index/1.html
INFO: [ app_begin ] --START--
INFO: Run Behavior\ReadHtmlCache [ RunTime:0.000314s ]
INFO: Run Behavior\CheckLang [ RunTime:0.000622s ]
INFO: [ app_begin ] --END-- [ RunTime:0.001252s ]
NOTIC: [8192] mysql_connect(): The mysql extension is deprecated and will be removed in the future: use mysqli or PDO instead /www/wwwroot/kmforex.com/ThinkPHP/Library/Think/Db/Driver/Mysql.class.php 第 52 行.
ERR: 1064:You have an error in your SQL syntax; check the manual that corresponds to your MySQL server version for the right syntax to use near 'a' at line 1
 [ SQL语句 ] : SHOW COLUMNS FROM wp_option a
ERR: 1064:You have an error in your SQL syntax; check the manual that corresponds to your MySQL server version for the right syntax to use near 'a' at line 1
 [ SQL语句 ] : SHOW COLUMNS FROM wp_order a
NOTIC: [2] Invalid argument supplied for foreach() /www/wwwroot/kmforex.com/Application/Pc/Controller/ProductController.class.php 第 392 行.
INFO: [ view_parse ] --START--
INFO: [ template_filter ] --START--
INFO: Run Behavior\ContentReplace [ RunTime:0.000558s ]
INFO: [ template_filter ] --END-- [ RunTime:0.000632s ]
NOTIC: [8] Undefined variable: lang /www/wwwroot/kmforex.com/Application/Runtime/Cache/Pc/e75184cc8fcb6640863404cc5b5539d7.php 第 502 行.
NOTIC: [8] Undefined variable: lang /www/wwwroot/kmforex.com/Application/Runtime/Cache/Pc/e75184cc8fcb6640863404cc5b5539d7.php 第 504 行.
INFO: Run Behavior\ParseTemplate [ RunTime:0.092159s ]
INFO: [ view_parse ] --END-- [ RunTime:0.092223s ]
INFO: [ view_filter ] --START--
INFO: Run Behavior\WriteHtmlCache [ RunTime:0.000135s ]
INFO: [ view_filter ] --END-- [ RunTime:0.000172s ]
INFO: [ app_end ] --START--
INFO: Run Behavior\ShowPageTrace [ RunTime:0.000379s ]
INFO: [ app_end ] --END-- [ RunTime:0.000429s ]

[ 2020-03-31T13:38:35+08:00 ] 58.56.90.246 /Pc/Product/highcharts/code/fx_seurusd/interval/fenshi/type/candlestick/height/350/length/4.html
INFO: [ app_begin ] --START--
INFO: Run Behavior\ReadHtmlCache [ RunTime:0.000335s ]
INFO: Run Behavior\CheckLang [ RunTime:0.000667s ]
INFO: [ app_begin ] --END-- [ RunTime:0.001390s ]
NOTIC: [8192] mysql_connect(): The mysql extension is deprecated and will be removed in the future: use mysqli or PDO instead /www/wwwroot/kmforex.com/ThinkPHP/Library/Think/Db/Driver/Mysql.class.php 第 52 行.
ERR: 1064:You have an error in your SQL syntax; check the manual that corresponds to your MySQL server version for the right syntax to use near 'a' at line 1
 [ SQL语句 ] : SHOW COLUMNS FROM wp_option_classify a
INFO: [ view_parse ] --START--
INFO: [ template_filter ] --START--
INFO: Run Behavior\ContentReplace [ RunTime:0.000051s ]
INFO: [ template_filter ] --END-- [ RunTime:0.000106s ]
INFO: Run Behavior\ParseTemplate [ RunTime:0.024256s ]
INFO: [ view_parse ] --END-- [ RunTime:0.024312s ]
INFO: [ view_filter ] --START--
INFO: Run Behavior\WriteHtmlCache [ RunTime:0.000110s ]
INFO: [ view_filter ] --END-- [ RunTime:0.000144s ]
INFO: [ app_end ] --START--
INFO: Run Behavior\ShowPageTrace [ RunTime:0.000517s ]
INFO: [ app_end ] --END-- [ RunTime:0.000560s ]

[ 2020-03-31T13:38:35+08:00 ] 58.56.90.246 /Pc/Data/getData/code/fx_seurusd/interval/1m/rows/60.html
INFO: [ app_begin ] --START--
INFO: Run Behavior\ReadHtmlCache [ RunTime:0.000428s ]
INFO: Run Behavior\CheckLang [ RunTime:0.000491s ]
INFO: [ app_begin ] --END-- [ RunTime:0.001232s ]
NOTIC: [2] array_slice() expects parameter 1 to be array, boolean given /www/wwwroot/kmforex.com/Application/Pc/Controller/DataController.class.php 第 61 行.

[ 2020-03-31T21:24:22+08:00 ] 112.36.235.144 /
INFO: [ app_begin ] --START--
INFO: Run Behavior\ReadHtmlCache [ RunTime:0.000519s ]
INFO: Run Behavior\CheckLang [ RunTime:0.003266s ]
INFO: [ app_begin ] --END-- [ RunTime:0.004304s ]
NOTIC: [8] Undefined index: user_id /www/wwwroot/kmforex.com/Application/Home/Controller/CommonController.class.php 第 45 行.
NOTIC: [8192] mysql_connect(): The mysql extension is deprecated and will be removed in the future: use mysqli or PDO instead /www/wwwroot/kmforex.com/ThinkPHP/Library/Think/Db/Driver/Mysql.class.php 第 52 行.
ERR: 1064:You have an error in your SQL syntax; check the manual that corresponds to your MySQL server version for the right syntax to use near 'and is_read = 1 ) LIMIT 1' at line 1
 [ SQL语句 ] : SELECT COUNT(*) AS tp_count FROM `wp_money_flow` WHERE (  YEARWEEK(FROM_UNIXTIME(dateline,'%Y-%m-%d'),1) = YEARWEEK(DATE_FORMAT(now(),'%Y-%m-%d'),1) and uid= and is_read = 1 ) LIMIT 1  
NOTIC: [8] Undefined variable: user /www/wwwroot/kmforex.com/Application/Home/Controller/CommonController.class.php 第 97 行.
NOTIC: [8] Undefined index: HTTP_REFERER /www/wwwroot/kmforex.com/Application/Home/Controller/CommonController.class.php 第 112 行.
ERR: 1064:You have an error in your SQL syntax; check the manual that corresponds to your MySQL server version for the right syntax to use near 'a' at line 1
 [ SQL语句 ] : SHOW COLUMNS FROM wp_option a
ERR: 1064:You have an error in your SQL syntax; check the manual that corresponds to your MySQL server version for the right syntax to use near ') and a.global_flag=1 ) ORDER BY b.sort asc LIMIT 0,3' at line 1
 [ SQL语句 ] : SELECT a.id,a.capital_name,a.en_name,a.capital_key,a.pid,a.Price,a.DiffRate,b.capital_length FROM wp_option a left join wp_option_info b on a.id=b.option_id  WHERE ( exists(select b.option_id from wp_user_option c where a.id=c.option_id and c.user_id=) and a.global_flag=1 ) ORDER BY b.sort asc LIMIT 0,3  
ERR: 1064:You have an error in your SQL syntax; check the manual that corresponds to your MySQL server version for the right syntax to use near 'a' at line 1
 [ SQL语句 ] : SHOW COLUMNS FROM wp_userinfo a
INFO: [ view_parse ] --START--
INFO: [ template_filter ] --START--
INFO: Run Behavior\ContentReplace [ RunTime:0.000108s ]
INFO: [ template_filter ] --END-- [ RunTime:0.000172s ]
NOTIC: [8] Undefined variable: info /www/wwwroot/kmforex.com/Application/Runtime/Cache/Home/63efecedbc841600f0dc8a3f2f4786f2.php 第 419 行.
INFO: Run Behavior\ParseTemplate [ RunTime:0.055379s ]
INFO: [ view_parse ] --END-- [ RunTime:0.055447s ]
INFO: [ view_filter ] --START--
INFO: Run Behavior\WriteHtmlCache [ RunTime:0.001784s ]
INFO: [ view_filter ] --END-- [ RunTime:0.001821s ]
INFO: [ app_end ] --START--
INFO: Run Behavior\ShowPageTrace [ RunTime:0.000579s ]
INFO: [ app_end ] --END-- [ RunTime:0.000624s ]

[ 2020-03-31T22:58:32+08:00 ] 139.224.238.204 /
INFO: [ app_begin ] --START--
INFO: Run Behavior\ReadHtmlCache [ RunTime:0.000544s ]
INFO: Run Behavior\CheckLang [ RunTime:0.002621s ]
INFO: [ app_begin ] --END-- [ RunTime:0.003454s ]

[ 2020-03-31T22:58:32+08:00 ] 139.224.238.204 /Pc/Index/index.html
INFO: [ app_begin ] --START--
INFO: Run Behavior\ReadHtmlCache [ RunTime:0.000324s ]
INFO: Run Behavior\CheckLang [ RunTime:0.000785s ]
INFO: [ app_begin ] --END-- [ RunTime:0.001450s ]
NOTIC: [8] Undefined index: user_id /www/wwwroot/kmforex.com/Application/Pc/Controller/CommonController.class.php 第 45 行.
NOTIC: [8192] mysql_connect(): The mysql extension is deprecated and will be removed in the future: use mysqli or PDO instead /www/wwwroot/kmforex.com/ThinkPHP/Library/Think/Db/Driver/Mysql.class.php 第 52 行.
ERR: 1064:You have an error in your SQL syntax; check the manual that corresponds to your MySQL server version for the right syntax to use near 'and is_read = 1 ) LIMIT 1' at line 1
 [ SQL语句 ] : SELECT COUNT(*) AS tp_count FROM `wp_money_flow` WHERE (  YEARWEEK(FROM_UNIXTIME(dateline,'%Y-%m-%d'),1) = YEARWEEK(DATE_FORMAT(now(),'%Y-%m-%d'),1) and uid= and is_read = 1 ) LIMIT 1  
NOTIC: [8] Undefined variable: user /www/wwwroot/kmforex.com/Application/Pc/Controller/CommonController.class.php 第 109 行.
NOTIC: [8] Undefined index: HTTP_REFERER /www/wwwroot/kmforex.com/Application/Pc/Controller/CommonController.class.php 第 124 行.
ERR: 1064:You have an error in your SQL syntax; check the manual that corresponds to your MySQL server version for the right syntax to use near 'a' at line 1
 [ SQL语句 ] : SHOW COLUMNS FROM wp_option a
ERR: 1064:You have an error in your SQL syntax; check the manual that corresponds to your MySQL server version for the right syntax to use near ') and a.global_flag=1 ) ORDER BY b.sort asc LIMIT 0,3' at line 1
 [ SQL语句 ] : SELECT a.id,a.capital_name,a.en_name,a.capital_key,a.pid,a.Price,a.DiffRate,b.capital_length FROM wp_option a left join wp_option_info b on a.id=b.option_id  WHERE ( exists(select b.option_id from wp_user_option c where a.id=c.option_id and c.user_id=) and a.global_flag=1 ) ORDER BY b.sort asc LIMIT 0,3  
ERR: 1064:You have an error in your SQL syntax; check the manual that corresponds to your MySQL server version for the right syntax to use near 'a' at line 1
 [ SQL语句 ] : SHOW COLUMNS FROM wp_userinfo a
INFO: [ view_parse ] --START--
INFO: [ template_filter ] --START--
INFO: Run Behavior\ContentReplace [ RunTime:0.001191s ]
INFO: [ template_filter ] --END-- [ RunTime:0.001265s ]
NOTIC: [8] Undefined variable: info /www/wwwroot/kmforex.com/Application/Runtime/Cache/Pc/294c98e9819a9b31d643d623dee36931.php 第 950 行.
INFO: Run Behavior\ParseTemplate [ RunTime:0.041410s ]
INFO: [ view_parse ] --END-- [ RunTime:0.041453s ]
INFO: [ view_filter ] --START--
INFO: Run Behavior\WriteHtmlCache [ RunTime:0.000148s ]
INFO: [ view_filter ] --END-- [ RunTime:0.000181s ]
INFO: [ app_end ] --START--
INFO: Run Behavior\ShowPageTrace [ RunTime:0.000723s ]
INFO: [ app_end ] --END-- [ RunTime:0.000772s ]

