[ 2020-05-29T19:55:21+08:00 ] 112.36.235.186 /
INFO: [ app_begin ] --START--
INFO: Run Behavior\ReadHtmlCache [ RunTime:0.001329s ]
INFO: Run Behavior\CheckLang [ RunTime:0.004925s ]
INFO: [ app_begin ] --END-- [ RunTime:0.006623s ]

[ 2020-05-29T19:55:21+08:00 ] 112.36.235.186 /Pc/Index/index.html
INFO: [ app_begin ] --START--
INFO: Run Behavior\ReadHtmlCache [ RunTime:0.000346s ]
INFO: Run Behavior\CheckLang [ RunTime:0.001394s ]
INFO: [ app_begin ] --END-- [ RunTime:0.004287s ]
NOTIC: [8] Undefined index: user_id /www/wwwroot/kmforex.com/Application/Pc/Controller/CommonController.class.php 第 45 行.
NOTIC: [8192] mysql_connect(): The mysql extension is deprecated and will be removed in the future: use mysqli or PDO instead /www/wwwroot/kmforex.com/ThinkPHP/Library/Think/Db/Driver/Mysql.class.php 第 52 行.
ERR: 1064:You have an error in your SQL syntax; check the manual that corresponds to your MySQL server version for the right syntax to use near 'and is_read = 1 ) LIMIT 1' at line 1
 [ SQL语句 ] : SELECT COUNT(*) AS tp_count FROM `wp_money_flow` WHERE (  YEARWEEK(FROM_UNIXTIME(dateline,'%Y-%m-%d'),1) = YEARWEEK(DATE_FORMAT(now(),'%Y-%m-%d'),1) and uid= and is_read = 1 ) LIMIT 1  
NOTIC: [8] Undefined variable: user /www/wwwroot/kmforex.com/Application/Pc/Controller/CommonController.class.php 第 109 行.
NOTIC: [8] Undefined index: HTTP_REFERER /www/wwwroot/kmforex.com/Application/Pc/Controller/CommonController.class.php 第 124 行.
ERR: 1064:You have an error in your SQL syntax; check the manual that corresponds to your MySQL server version for the right syntax to use near 'a' at line 1
 [ SQL语句 ] : SHOW COLUMNS FROM wp_option a
ERR: 1064:You have an error in your SQL syntax; check the manual that corresponds to your MySQL server version for the right syntax to use near ') and a.global_flag=1 ) ORDER BY b.sort asc LIMIT 0,3' at line 1
 [ SQL语句 ] : SELECT a.id,a.capital_name,a.en_name,a.capital_key,a.pid,a.Price,a.DiffRate,b.capital_length FROM wp_option a left join wp_option_info b on a.id=b.option_id  WHERE ( exists(select b.option_id from wp_user_option c where a.id=c.option_id and c.user_id=) and a.global_flag=1 ) ORDER BY b.sort asc LIMIT 0,3  
ERR: 1064:You have an error in your SQL syntax; check the manual that corresponds to your MySQL server version for the right syntax to use near 'a' at line 1
 [ SQL语句 ] : SHOW COLUMNS FROM wp_userinfo a
INFO: [ view_parse ] --START--
INFO: [ template_filter ] --START--
INFO: Run Behavior\ContentReplace [ RunTime:0.000192s ]
INFO: [ template_filter ] --END-- [ RunTime:0.000248s ]
NOTIC: [8] Undefined variable: info /www/wwwroot/kmforex.com/Application/Runtime/Cache/Pc/294c98e9819a9b31d643d623dee36931.php 第 950 行.
INFO: Run Behavior\ParseTemplate [ RunTime:0.055958s ]
INFO: [ view_parse ] --END-- [ RunTime:0.056017s ]
INFO: [ view_filter ] --START--
INFO: Run Behavior\WriteHtmlCache [ RunTime:0.001967s ]
INFO: [ view_filter ] --END-- [ RunTime:0.002008s ]
INFO: [ app_end ] --START--
INFO: Run Behavior\ShowPageTrace [ RunTime:0.000682s ]
INFO: [ app_end ] --END-- [ RunTime:0.000733s ]

[ 2020-05-29T19:55:23+08:00 ] 112.36.235.186 /Pc/Index/index.html
INFO: [ app_begin ] --START--
INFO: Run Behavior\ReadHtmlCache [ RunTime:0.000440s ]
INFO: Run Behavior\CheckLang [ RunTime:0.000793s ]
INFO: [ app_begin ] --END-- [ RunTime:0.001595s ]

[ 2020-05-29T19:55:23+08:00 ] 112.36.235.186 /Home/Index/index.html
INFO: [ app_begin ] --START--
INFO: Run Behavior\ReadHtmlCache [ RunTime:0.000366s ]
INFO: Run Behavior\CheckLang [ RunTime:0.000701s ]
INFO: [ app_begin ] --END-- [ RunTime:0.001409s ]
NOTIC: [8] Undefined index: user_id /www/wwwroot/kmforex.com/Application/Home/Controller/CommonController.class.php 第 45 行.
NOTIC: [8192] mysql_connect(): The mysql extension is deprecated and will be removed in the future: use mysqli or PDO instead /www/wwwroot/kmforex.com/ThinkPHP/Library/Think/Db/Driver/Mysql.class.php 第 52 行.
ERR: 1064:You have an error in your SQL syntax; check the manual that corresponds to your MySQL server version for the right syntax to use near 'and is_read = 1 ) LIMIT 1' at line 1
 [ SQL语句 ] : SELECT COUNT(*) AS tp_count FROM `wp_money_flow` WHERE (  YEARWEEK(FROM_UNIXTIME(dateline,'%Y-%m-%d'),1) = YEARWEEK(DATE_FORMAT(now(),'%Y-%m-%d'),1) and uid= and is_read = 1 ) LIMIT 1  
NOTIC: [8] Undefined variable: user /www/wwwroot/kmforex.com/Application/Home/Controller/CommonController.class.php 第 97 行.
NOTIC: [8] Undefined index: HTTP_REFERER /www/wwwroot/kmforex.com/Application/Home/Controller/CommonController.class.php 第 112 行.
ERR: 1064:You have an error in your SQL syntax; check the manual that corresponds to your MySQL server version for the right syntax to use near 'a' at line 1
 [ SQL语句 ] : SHOW COLUMNS FROM wp_option a
ERR: 1064:You have an error in your SQL syntax; check the manual that corresponds to your MySQL server version for the right syntax to use near ') and a.global_flag=1 ) ORDER BY b.sort asc LIMIT 0,3' at line 1
 [ SQL语句 ] : SELECT a.id,a.capital_name,a.en_name,a.capital_key,a.pid,a.Price,a.DiffRate,b.capital_length FROM wp_option a left join wp_option_info b on a.id=b.option_id  WHERE ( exists(select b.option_id from wp_user_option c where a.id=c.option_id and c.user_id=) and a.global_flag=1 ) ORDER BY b.sort asc LIMIT 0,3  
ERR: 1064:You have an error in your SQL syntax; check the manual that corresponds to your MySQL server version for the right syntax to use near 'a' at line 1
 [ SQL语句 ] : SHOW COLUMNS FROM wp_userinfo a
INFO: [ view_parse ] --START--
INFO: [ template_filter ] --START--
INFO: Run Behavior\ContentReplace [ RunTime:0.000101s ]
INFO: [ template_filter ] --END-- [ RunTime:0.000160s ]
NOTIC: [8] Undefined variable: info /www/wwwroot/kmforex.com/Application/Runtime/Cache/Home/63efecedbc841600f0dc8a3f2f4786f2.php 第 419 行.
INFO: Run Behavior\ParseTemplate [ RunTime:0.016531s ]
INFO: [ view_parse ] --END-- [ RunTime:0.016579s ]
INFO: [ view_filter ] --START--
INFO: Run Behavior\WriteHtmlCache [ RunTime:0.000138s ]
INFO: [ view_filter ] --END-- [ RunTime:0.000172s ]
INFO: [ app_end ] --START--
INFO: Run Behavior\ShowPageTrace [ RunTime:0.000369s ]
INFO: [ app_end ] --END-- [ RunTime:0.000414s ]

[ 2020-05-29T19:56:34+08:00 ] 112.36.235.186 /Home/User/index.html
INFO: [ app_begin ] --START--
INFO: Run Behavior\ReadHtmlCache [ RunTime:0.000316s ]
INFO: Run Behavior\CheckLang [ RunTime:0.000919s ]
INFO: [ app_begin ] --END-- [ RunTime:0.001523s ]
NOTIC: [8] Undefined index: user_id /www/wwwroot/kmforex.com/Application/Home/Controller/CommonController.class.php 第 45 行.
NOTIC: [8192] mysql_connect(): The mysql extension is deprecated and will be removed in the future: use mysqli or PDO instead /www/wwwroot/kmforex.com/ThinkPHP/Library/Think/Db/Driver/Mysql.class.php 第 52 行.
ERR: 1064:You have an error in your SQL syntax; check the manual that corresponds to your MySQL server version for the right syntax to use near 'and is_read = 1 ) LIMIT 1' at line 1
 [ SQL语句 ] : SELECT COUNT(*) AS tp_count FROM `wp_money_flow` WHERE (  YEARWEEK(FROM_UNIXTIME(dateline,'%Y-%m-%d'),1) = YEARWEEK(DATE_FORMAT(now(),'%Y-%m-%d'),1) and uid= and is_read = 1 ) LIMIT 1  
NOTIC: [8] Undefined variable: user /www/wwwroot/kmforex.com/Application/Home/Controller/CommonController.class.php 第 97 行.
NOTIC: [8] Undefined index:  /www/wwwroot/kmforex.com/Application/Home/Controller/UserController.class.php 第 29 行.
NOTIC: [8] Undefined index: uid /www/wwwroot/kmforex.com/Application/Home/Controller/UserController.class.php 第 31 行.
INFO: [ view_parse ] --START--
INFO: [ template_filter ] --START--
INFO: Run Behavior\ContentReplace [ RunTime:0.000087s ]
INFO: [ template_filter ] --END-- [ RunTime:0.000148s ]
INFO: Run Behavior\ParseTemplate [ RunTime:0.029696s ]
INFO: [ view_parse ] --END-- [ RunTime:0.029757s ]
INFO: [ view_filter ] --START--
INFO: Run Behavior\WriteHtmlCache [ RunTime:0.000116s ]
INFO: [ view_filter ] --END-- [ RunTime:0.000149s ]
INFO: [ app_end ] --START--
INFO: Run Behavior\ShowPageTrace [ RunTime:0.000394s ]
INFO: [ app_end ] --END-- [ RunTime:0.000446s ]

[ 2020-05-29T19:56:35+08:00 ] 112.36.235.186 /Home/Login/login.html
INFO: [ app_begin ] --START--
INFO: Run Behavior\ReadHtmlCache [ RunTime:0.000365s ]
INFO: Run Behavior\CheckLang [ RunTime:0.000882s ]
INFO: [ app_begin ] --END-- [ RunTime:0.001601s ]
INFO: [ view_parse ] --START--
INFO: [ template_filter ] --START--
INFO: Run Behavior\ContentReplace [ RunTime:0.000055s ]
INFO: [ template_filter ] --END-- [ RunTime:0.000102s ]
INFO: Run Behavior\ParseTemplate [ RunTime:0.008469s ]
INFO: [ view_parse ] --END-- [ RunTime:0.008520s ]
INFO: [ view_filter ] --START--
INFO: Run Behavior\WriteHtmlCache [ RunTime:0.000115s ]
INFO: [ view_filter ] --END-- [ RunTime:0.000150s ]
INFO: [ app_end ] --START--
INFO: Run Behavior\ShowPageTrace [ RunTime:0.000417s ]
INFO: [ app_end ] --END-- [ RunTime:0.000468s ]

[ 2020-05-29T19:56:44+08:00 ] 112.36.235.186 /login
INFO: [ app_begin ] --START--
INFO: Run Behavior\ReadHtmlCache [ RunTime:0.000358s ]
INFO: Run Behavior\CheckLang [ RunTime:0.000458s ]
INFO: [ app_begin ] --END-- [ RunTime:0.001169s ]
NOTIC: [8] Undefined index: cuid /www/wwwroot/kmforex.com/Application/Admin/Controller/BaseController.class.php 第 12 行.
INFO: [ view_parse ] --START--
INFO: [ template_filter ] --START--
INFO: Run Behavior\ContentReplace [ RunTime:0.000058s ]
INFO: [ template_filter ] --END-- [ RunTime:0.000114s ]
INFO: Run Behavior\ParseTemplate [ RunTime:0.005791s ]
INFO: [ view_parse ] --END-- [ RunTime:0.005845s ]
INFO: [ view_filter ] --START--
INFO: Run Behavior\WriteHtmlCache [ RunTime:0.000110s ]
INFO: [ view_filter ] --END-- [ RunTime:0.000142s ]
INFO: [ app_end ] --START--
INFO: Run Behavior\ShowPageTrace [ RunTime:0.000407s ]
INFO: [ app_end ] --END-- [ RunTime:0.000460s ]

[ 2020-05-29T19:56:48+08:00 ] 112.36.235.186 /login/user/signin.html
INFO: [ app_begin ] --START--
INFO: Run Behavior\ReadHtmlCache [ RunTime:0.000392s ]
INFO: Run Behavior\CheckLang [ RunTime:0.000478s ]
INFO: [ app_begin ] --END-- [ RunTime:0.001231s ]
NOTIC: [8] Undefined index: cuid /www/wwwroot/kmforex.com/Application/Admin/Controller/BaseController.class.php 第 12 行.
NOTIC: [8192] mysql_connect(): The mysql extension is deprecated and will be removed in the future: use mysqli or PDO instead /www/wwwroot/kmforex.com/ThinkPHP/Library/Think/Db/Driver/Mysql.class.php 第 52 行.
INFO: [ view_parse ] --START--
INFO: [ template_filter ] --START--
INFO: Run Behavior\ContentReplace [ RunTime:0.000035s ]
INFO: [ template_filter ] --END-- [ RunTime:0.000094s ]
INFO: Run Behavior\ParseTemplate [ RunTime:0.005829s ]
INFO: [ view_parse ] --END-- [ RunTime:0.005898s ]
INFO: [ view_filter ] --START--
INFO: Run Behavior\WriteHtmlCache [ RunTime:0.000113s ]
INFO: [ view_filter ] --END-- [ RunTime:0.000145s ]
INFO: [ app_end ] --START--
INFO: Run Behavior\ShowPageTrace [ RunTime:0.000442s ]
INFO: [ app_end ] --END-- [ RunTime:0.000489s ]

[ 2020-05-29T19:56:49+08:00 ] 112.36.235.186 /login/index/index.html
INFO: [ app_begin ] --START--
INFO: Run Behavior\ReadHtmlCache [ RunTime:0.000379s ]
INFO: Run Behavior\CheckLang [ RunTime:0.000489s ]
INFO: [ app_begin ] --END-- [ RunTime:0.001272s ]
NOTIC: [8] Undefined index: newusername /www/wwwroot/kmforex.com/Application/Admin/Controller/BaseController.class.php 第 18 行.
NOTIC: [8192] mysql_connect(): The mysql extension is deprecated and will be removed in the future: use mysqli or PDO instead /www/wwwroot/kmforex.com/ThinkPHP/Library/Think/Db/Driver/Mysql.class.php 第 52 行.
ERR: 1064:You have an error in your SQL syntax; check the manual that corresponds to your MySQL server version for the right syntax to use near 'a' at line 1
 [ SQL语句 ] : SHOW COLUMNS FROM wp_order a
INFO: [ view_parse ] --START--
INFO: [ template_filter ] --START--
INFO: Run Behavior\ContentReplace [ RunTime:0.000159s ]
INFO: [ template_filter ] --END-- [ RunTime:0.000220s ]
INFO: Run Behavior\ParseTemplate [ RunTime:0.022944s ]
INFO: [ view_parse ] --END-- [ RunTime:0.023002s ]
INFO: [ view_filter ] --START--
INFO: Run Behavior\WriteHtmlCache [ RunTime:0.000138s ]
INFO: [ view_filter ] --END-- [ RunTime:0.000174s ]
INFO: [ app_end ] --START--
INFO: Run Behavior\ShowPageTrace [ RunTime:0.000399s ]
INFO: [ app_end ] --END-- [ RunTime:0.000446s ]

[ 2020-05-29T19:56:52+08:00 ] 112.36.235.186 /login/User/ulist
INFO: [ app_begin ] --START--
INFO: Run Behavior\ReadHtmlCache [ RunTime:0.000330s ]
INFO: Run Behavior\CheckLang [ RunTime:0.000477s ]
INFO: [ app_begin ] --END-- [ RunTime:0.001121s ]
NOTIC: [8] Undefined index: newusername /www/wwwroot/kmforex.com/Application/Admin/Controller/BaseController.class.php 第 18 行.
NOTIC: [8192] mysql_connect(): The mysql extension is deprecated and will be removed in the future: use mysqli or PDO instead /www/wwwroot/kmforex.com/ThinkPHP/Library/Think/Db/Driver/Mysql.class.php 第 52 行.
NOTIC: [8] Undefined variable: sea /www/wwwroot/kmforex.com/Application/Admin/Controller/UserController.class.php 第 238 行.
ERR: 1064:You have an error in your SQL syntax; check the manual that corresponds to your MySQL server version for the right syntax to use near 'a' at line 1
 [ SQL语句 ] : SHOW COLUMNS FROM wp_userinfo a
NOTIC: [8] Undefined variable: sea /www/wwwroot/kmforex.com/Application/Admin/Controller/UserController.class.php 第 251 行.
NOTIC: [8] Undefined index: fee_receive /www/wwwroot/kmforex.com/Application/Admin/Controller/UserController.class.php 第 284 行.
NOTIC: [8] Undefined index: fee_receive /www/wwwroot/kmforex.com/Application/Admin/Controller/UserController.class.php 第 284 行.
NOTIC: [8] Undefined index: fee_receive /www/wwwroot/kmforex.com/Application/Admin/Controller/UserController.class.php 第 284 行.
NOTIC: [8] Undefined index: fee_receive /www/wwwroot/kmforex.com/Application/Admin/Controller/UserController.class.php 第 284 行.
NOTIC: [8] Undefined index: fee_receive /www/wwwroot/kmforex.com/Application/Admin/Controller/UserController.class.php 第 284 行.
NOTIC: [8] Undefined index: fee_receive /www/wwwroot/kmforex.com/Application/Admin/Controller/UserController.class.php 第 284 行.
NOTIC: [8] Undefined index: fee_receive /www/wwwroot/kmforex.com/Application/Admin/Controller/UserController.class.php 第 284 行.
NOTIC: [8] Undefined index: fee_receive /www/wwwroot/kmforex.com/Application/Admin/Controller/UserController.class.php 第 284 行.
NOTIC: [8] Undefined index: fee_receive /www/wwwroot/kmforex.com/Application/Admin/Controller/UserController.class.php 第 284 行.
NOTIC: [8] Undefined index: fee_receive /www/wwwroot/kmforex.com/Application/Admin/Controller/UserController.class.php 第 284 行.
NOTIC: [8] Undefined variable: data /www/wwwroot/kmforex.com/Application/Admin/Controller/UserController.class.php 第 320 行.
NOTIC: [8] Undefined index: balance /www/wwwroot/kmforex.com/Application/Admin/Controller/UserController.class.php 第 320 行.
NOTIC: [8] Undefined index: gold /www/wwwroot/kmforex.com/Application/Admin/Controller/UserController.class.php 第 321 行.
NOTIC: [8] Undefined index: integral /www/wwwroot/kmforex.com/Application/Admin/Controller/UserController.class.php 第 322 行.
NOTIC: [8] Undefined index: recharge_total /www/wwwroot/kmforex.com/Application/Admin/Controller/UserController.class.php 第 323 行.
NOTIC: [8] Undefined index: money_total /www/wwwroot/kmforex.com/Application/Admin/Controller/UserController.class.php 第 324 行.
INFO: [ view_parse ] --START--
INFO: [ template_filter ] --START--
INFO: Run Behavior\ContentReplace [ RunTime:0.002191s ]
INFO: [ template_filter ] --END-- [ RunTime:0.002256s ]
NOTIC: [8] Undefined variable: user_id /www/wwwroot/kmforex.com/Application/Runtime/Cache/Admin/3e4cf35cba9777f02d032b5cfc1530ae.php 第 416 行.
NOTIC: [8] Undefined variable: jjr_info /www/wwwroot/kmforex.com/Application/Runtime/Cache/Admin/3e4cf35cba9777f02d032b5cfc1530ae.php 第 425 行.
NOTIC: [8] Use of undefined constant trade_frozen - assumed 'trade_frozen' /www/wwwroot/kmforex.com/Application/Runtime/Cache/Admin/3e4cf35cba9777f02d032b5cfc1530ae.php 第 432 行.
NOTIC: [8] Use of undefined constant trade_frozen - assumed 'trade_frozen' /www/wwwroot/kmforex.com/Application/Runtime/Cache/Admin/3e4cf35cba9777f02d032b5cfc1530ae.php 第 436 行.
NOTIC: [8] Use of undefined constant lastlog - assumed 'lastlog' /www/wwwroot/kmforex.com/Application/Runtime/Cache/Admin/3e4cf35cba9777f02d032b5cfc1530ae.php 第 543 行.
NOTIC: [8] Use of undefined constant uid - assumed 'uid' /www/wwwroot/kmforex.com/Application/Runtime/Cache/Admin/3e4cf35cba9777f02d032b5cfc1530ae.php 第 564 行.
NOTIC: [8] Use of undefined constant uid - assumed 'uid' /www/wwwroot/kmforex.com/Application/Runtime/Cache/Admin/3e4cf35cba9777f02d032b5cfc1530ae.php 第 565 行.
NOTIC: [8] Use of undefined constant lastlog - assumed 'lastlog' /www/wwwroot/kmforex.com/Application/Runtime/Cache/Admin/3e4cf35cba9777f02d032b5cfc1530ae.php 第 543 行.
NOTIC: [8] Use of undefined constant uid - assumed 'uid' /www/wwwroot/kmforex.com/Application/Runtime/Cache/Admin/3e4cf35cba9777f02d032b5cfc1530ae.php 第 564 行.
NOTIC: [8] Use of undefined constant uid - assumed 'uid' /www/wwwroot/kmforex.com/Application/Runtime/Cache/Admin/3e4cf35cba9777f02d032b5cfc1530ae.php 第 565 行.
NOTIC: [8] Use of undefined constant lastlog - assumed 'lastlog' /www/wwwroot/kmforex.com/Application/Runtime/Cache/Admin/3e4cf35cba9777f02d032b5cfc1530ae.php 第 543 行.
NOTIC: [8] Use of undefined constant uid - assumed 'uid' /www/wwwroot/kmforex.com/Application/Runtime/Cache/Admin/3e4cf35cba9777f02d032b5cfc1530ae.php 第 564 行.
NOTIC: [8] Use of undefined constant uid - assumed 'uid' /www/wwwroot/kmforex.com/Application/Runtime/Cache/Admin/3e4cf35cba9777f02d032b5cfc1530ae.php 第 565 行.
NOTIC: [8] Use of undefined constant lastlog - assumed 'lastlog' /www/wwwroot/kmforex.com/Application/Runtime/Cache/Admin/3e4cf35cba9777f02d032b5cfc1530ae.php 第 543 行.
NOTIC: [8] Use of undefined constant uid - assumed 'uid' /www/wwwroot/kmforex.com/Application/Runtime/Cache/Admin/3e4cf35cba9777f02d032b5cfc1530ae.php 第 564 行.
NOTIC: [8] Use of undefined constant uid - assumed 'uid' /www/wwwroot/kmforex.com/Application/Runtime/Cache/Admin/3e4cf35cba9777f02d032b5cfc1530ae.php 第 565 行.
NOTIC: [8] Use of undefined constant lastlog - assumed 'lastlog' /www/wwwroot/kmforex.com/Application/Runtime/Cache/Admin/3e4cf35cba9777f02d032b5cfc1530ae.php 第 543 行.
NOTIC: [8] Use of undefined constant uid - assumed 'uid' /www/wwwroot/kmforex.com/Application/Runtime/Cache/Admin/3e4cf35cba9777f02d032b5cfc1530ae.php 第 564 行.
NOTIC: [8] Use of undefined constant uid - assumed 'uid' /www/wwwroot/kmforex.com/Application/Runtime/Cache/Admin/3e4cf35cba9777f02d032b5cfc1530ae.php 第 565 行.
NOTIC: [8] Use of undefined constant lastlog - assumed 'lastlog' /www/wwwroot/kmforex.com/Application/Runtime/Cache/Admin/3e4cf35cba9777f02d032b5cfc1530ae.php 第 543 行.
NOTIC: [8] Use of undefined constant uid - assumed 'uid' /www/wwwroot/kmforex.com/Application/Runtime/Cache/Admin/3e4cf35cba9777f02d032b5cfc1530ae.php 第 564 行.
NOTIC: [8] Use of undefined constant uid - assumed 'uid' /www/wwwroot/kmforex.com/Application/Runtime/Cache/Admin/3e4cf35cba9777f02d032b5cfc1530ae.php 第 565 行.
NOTIC: [8] Use of undefined constant lastlog - assumed 'lastlog' /www/wwwroot/kmforex.com/Application/Runtime/Cache/Admin/3e4cf35cba9777f02d032b5cfc1530ae.php 第 543 行.
NOTIC: [8] Use of undefined constant uid - assumed 'uid' /www/wwwroot/kmforex.com/Application/Runtime/Cache/Admin/3e4cf35cba9777f02d032b5cfc1530ae.php 第 564 行.
NOTIC: [8] Use of undefined constant uid - assumed 'uid' /www/wwwroot/kmforex.com/Application/Runtime/Cache/Admin/3e4cf35cba9777f02d032b5cfc1530ae.php 第 565 行.
NOTIC: [8] Use of undefined constant lastlog - assumed 'lastlog' /www/wwwroot/kmforex.com/Application/Runtime/Cache/Admin/3e4cf35cba9777f02d032b5cfc1530ae.php 第 543 行.
NOTIC: [8] Use of undefined constant uid - assumed 'uid' /www/wwwroot/kmforex.com/Application/Runtime/Cache/Admin/3e4cf35cba9777f02d032b5cfc1530ae.php 第 564 行.
NOTIC: [8] Use of undefined constant uid - assumed 'uid' /www/wwwroot/kmforex.com/Application/Runtime/Cache/Admin/3e4cf35cba9777f02d032b5cfc1530ae.php 第 565 行.
NOTIC: [8] Use of undefined constant lastlog - assumed 'lastlog' /www/wwwroot/kmforex.com/Application/Runtime/Cache/Admin/3e4cf35cba9777f02d032b5cfc1530ae.php 第 543 行.
NOTIC: [8] Use of undefined constant uid - assumed 'uid' /www/wwwroot/kmforex.com/Application/Runtime/Cache/Admin/3e4cf35cba9777f02d032b5cfc1530ae.php 第 564 行.
NOTIC: [8] Use of undefined constant uid - assumed 'uid' /www/wwwroot/kmforex.com/Application/Runtime/Cache/Admin/3e4cf35cba9777f02d032b5cfc1530ae.php 第 565 行.
NOTIC: [8] Use of undefined constant lastlog - assumed 'lastlog' /www/wwwroot/kmforex.com/Application/Runtime/Cache/Admin/3e4cf35cba9777f02d032b5cfc1530ae.php 第 543 行.
NOTIC: [8] Use of undefined constant uid - assumed 'uid' /www/wwwroot/kmforex.com/Application/Runtime/Cache/Admin/3e4cf35cba9777f02d032b5cfc1530ae.php 第 564 行.
NOTIC: [8] Use of undefined constant uid - assumed 'uid' /www/wwwroot/kmforex.com/Application/Runtime/Cache/Admin/3e4cf35cba9777f02d032b5cfc1530ae.php 第 565 行.
INFO: Run Behavior\ParseTemplate [ RunTime:0.068983s ]
INFO: [ view_parse ] --END-- [ RunTime:0.069041s ]
INFO: [ view_filter ] --START--
INFO: Run Behavior\WriteHtmlCache [ RunTime:0.000192s ]
INFO: [ view_filter ] --END-- [ RunTime:0.000227s ]
INFO: [ app_end ] --START--
INFO: Run Behavior\ShowPageTrace [ RunTime:0.000428s ]
INFO: [ app_end ] --END-- [ RunTime:0.000481s ]

[ 2020-05-29T19:57:17+08:00 ] 112.36.235.186 /Home/Login/login.html
INFO: [ app_begin ] --START--
INFO: Run Behavior\ReadHtmlCache [ RunTime:0.000376s ]
INFO: Run Behavior\CheckLang [ RunTime:0.000627s ]
INFO: [ app_begin ] --END-- [ RunTime:0.001342s ]
NOTIC: [8192] mysql_connect(): The mysql extension is deprecated and will be removed in the future: use mysqli or PDO instead /www/wwwroot/kmforex.com/ThinkPHP/Library/Think/Db/Driver/Mysql.class.php 第 52 行.

[ 2020-05-29T19:57:19+08:00 ] 112.36.235.186 /Home/Index/index.html
INFO: [ app_begin ] --START--
INFO: Run Behavior\ReadHtmlCache [ RunTime:0.000402s ]
INFO: Run Behavior\CheckLang [ RunTime:0.000788s ]
INFO: [ app_begin ] --END-- [ RunTime:0.001549s ]
NOTIC: [8192] mysql_connect(): The mysql extension is deprecated and will be removed in the future: use mysqli or PDO instead /www/wwwroot/kmforex.com/ThinkPHP/Library/Think/Db/Driver/Mysql.class.php 第 52 行.
ERR: 1064:You have an error in your SQL syntax; check the manual that corresponds to your MySQL server version for the right syntax to use near 'a' at line 1
 [ SQL语句 ] : SHOW COLUMNS FROM wp_option a
ERR: 1064:You have an error in your SQL syntax; check the manual that corresponds to your MySQL server version for the right syntax to use near 'a' at line 1
 [ SQL语句 ] : SHOW COLUMNS FROM wp_userinfo a
INFO: [ view_parse ] --START--
INFO: [ template_filter ] --START--
INFO: Run Behavior\ContentReplace [ RunTime:0.000116s ]
INFO: [ template_filter ] --END-- [ RunTime:0.000184s ]
NOTIC: [8] Undefined variable: info /www/wwwroot/kmforex.com/Application/Runtime/Cache/Home/63efecedbc841600f0dc8a3f2f4786f2.php 第 419 行.
INFO: Run Behavior\ParseTemplate [ RunTime:0.034437s ]
INFO: [ view_parse ] --END-- [ RunTime:0.034488s ]
INFO: [ view_filter ] --START--
INFO: Run Behavior\WriteHtmlCache [ RunTime:0.000137s ]
INFO: [ view_filter ] --END-- [ RunTime:0.000188s ]
INFO: [ app_end ] --START--
INFO: Run Behavior\ShowPageTrace [ RunTime:0.000393s ]
INFO: [ app_end ] --END-- [ RunTime:0.000439s ]

[ 2020-05-29T19:57:20+08:00 ] 112.36.235.186 /Home/User/index.html
INFO: [ app_begin ] --START--
INFO: Run Behavior\ReadHtmlCache [ RunTime:0.000359s ]
INFO: Run Behavior\CheckLang [ RunTime:0.002951s ]
INFO: [ app_begin ] --END-- [ RunTime:0.003676s ]
NOTIC: [8192] mysql_connect(): The mysql extension is deprecated and will be removed in the future: use mysqli or PDO instead /www/wwwroot/kmforex.com/ThinkPHP/Library/Think/Db/Driver/Mysql.class.php 第 52 行.
INFO: [ view_parse ] --START--
INFO: [ template_filter ] --START--
INFO: Run Behavior\ContentReplace [ RunTime:0.000076s ]
INFO: [ template_filter ] --END-- [ RunTime:0.000123s ]
INFO: Run Behavior\ParseTemplate [ RunTime:0.009952s ]
INFO: [ view_parse ] --END-- [ RunTime:0.010016s ]
INFO: [ view_filter ] --START--
INFO: Run Behavior\WriteHtmlCache [ RunTime:0.000116s ]
INFO: [ view_filter ] --END-- [ RunTime:0.000149s ]
INFO: [ app_end ] --START--
INFO: Run Behavior\ShowPageTrace [ RunTime:0.000374s ]
INFO: [ app_end ] --END-- [ RunTime:0.000419s ]

[ 2020-05-29T19:57:21+08:00 ] 112.36.235.186 /Home/Recharge/index.html
INFO: [ app_begin ] --START--
INFO: Run Behavior\ReadHtmlCache [ RunTime:0.000420s ]
INFO: Run Behavior\CheckLang [ RunTime:0.002335s ]
INFO: [ app_begin ] --END-- [ RunTime:0.005727s ]
NOTIC: [8192] mysql_connect(): The mysql extension is deprecated and will be removed in the future: use mysqli or PDO instead /www/wwwroot/kmforex.com/ThinkPHP/Library/Think/Db/Driver/Mysql.class.php 第 52 行.
INFO: [ view_parse ] --START--
INFO: [ template_filter ] --START--
INFO: Run Behavior\ContentReplace [ RunTime:0.000104s ]
INFO: [ template_filter ] --END-- [ RunTime:0.000192s ]
INFO: Run Behavior\ParseTemplate [ RunTime:0.008846s ]
INFO: [ view_parse ] --END-- [ RunTime:0.008899s ]
INFO: [ view_filter ] --START--
INFO: Run Behavior\WriteHtmlCache [ RunTime:0.000142s ]
INFO: [ view_filter ] --END-- [ RunTime:0.000188s ]
INFO: [ app_end ] --START--
INFO: Run Behavior\ShowPageTrace [ RunTime:0.000354s ]
INFO: [ app_end ] --END-- [ RunTime:0.000400s ]

[ 2020-05-29T19:57:23+08:00 ] 112.36.235.186 /Home/User/index.html
INFO: [ app_begin ] --START--
INFO: Run Behavior\ReadHtmlCache [ RunTime:0.000556s ]
INFO: Run Behavior\CheckLang [ RunTime:0.001022s ]
INFO: [ app_begin ] --END-- [ RunTime:0.002077s ]
NOTIC: [8192] mysql_connect(): The mysql extension is deprecated and will be removed in the future: use mysqli or PDO instead /www/wwwroot/kmforex.com/ThinkPHP/Library/Think/Db/Driver/Mysql.class.php 第 52 行.
INFO: [ view_parse ] --START--
INFO: [ template_filter ] --START--
INFO: Run Behavior\ContentReplace [ RunTime:0.000126s ]
INFO: [ template_filter ] --END-- [ RunTime:0.000205s ]
INFO: Run Behavior\ParseTemplate [ RunTime:0.020255s ]
INFO: [ view_parse ] --END-- [ RunTime:0.020340s ]
INFO: [ view_filter ] --START--
INFO: Run Behavior\WriteHtmlCache [ RunTime:0.000186s ]
INFO: [ view_filter ] --END-- [ RunTime:0.000262s ]
INFO: [ app_end ] --START--
INFO: Run Behavior\ShowPageTrace [ RunTime:0.000564s ]
INFO: [ app_end ] --END-- [ RunTime:0.000636s ]

[ 2020-05-29T19:57:24+08:00 ] 112.36.235.186 /
INFO: [ app_begin ] --START--
INFO: Run Behavior\ReadHtmlCache [ RunTime:0.000426s ]
INFO: Run Behavior\CheckLang [ RunTime:0.003040s ]
INFO: [ app_begin ] --END-- [ RunTime:0.003896s ]
NOTIC: [8192] mysql_connect(): The mysql extension is deprecated and will be removed in the future: use mysqli or PDO instead /www/wwwroot/kmforex.com/ThinkPHP/Library/Think/Db/Driver/Mysql.class.php 第 52 行.
ERR: 1064:You have an error in your SQL syntax; check the manual that corresponds to your MySQL server version for the right syntax to use near 'a' at line 1
 [ SQL语句 ] : SHOW COLUMNS FROM wp_option a
ERR: 1064:You have an error in your SQL syntax; check the manual that corresponds to your MySQL server version for the right syntax to use near 'a' at line 1
 [ SQL语句 ] : SHOW COLUMNS FROM wp_userinfo a
INFO: [ view_parse ] --START--
INFO: [ template_filter ] --START--
INFO: Run Behavior\ContentReplace [ RunTime:0.000121s ]
INFO: [ template_filter ] --END-- [ RunTime:0.000174s ]
NOTIC: [8] Undefined variable: info /www/wwwroot/kmforex.com/Application/Runtime/Cache/Home/63efecedbc841600f0dc8a3f2f4786f2.php 第 419 行.
INFO: Run Behavior\ParseTemplate [ RunTime:0.016830s ]
INFO: [ view_parse ] --END-- [ RunTime:0.016887s ]
INFO: [ view_filter ] --START--
INFO: Run Behavior\WriteHtmlCache [ RunTime:0.000152s ]
INFO: [ view_filter ] --END-- [ RunTime:0.000209s ]
INFO: [ app_end ] --START--
INFO: Run Behavior\ShowPageTrace [ RunTime:0.000471s ]
INFO: [ app_end ] --END-- [ RunTime:0.000518s ]

[ 2020-05-29T19:57:25+08:00 ] 112.36.235.186 /Home/Lang/index.html
INFO: [ app_begin ] --START--
INFO: Run Behavior\ReadHtmlCache [ RunTime:0.000383s ]
INFO: Run Behavior\CheckLang [ RunTime:0.004753s ]
INFO: [ app_begin ] --END-- [ RunTime:0.005511s ]
NOTIC: [8192] mysql_connect(): The mysql extension is deprecated and will be removed in the future: use mysqli or PDO instead /www/wwwroot/kmforex.com/ThinkPHP/Library/Think/Db/Driver/Mysql.class.php 第 52 行.
INFO: [ view_parse ] --START--
INFO: [ template_filter ] --START--
INFO: Run Behavior\ContentReplace [ RunTime:0.000051s ]
INFO: [ template_filter ] --END-- [ RunTime:0.000100s ]
NOTIC: [8] Use of undefined constant lang - assumed 'lang' /www/wwwroot/kmforex.com/Application/Runtime/Cache/Home/b1f1bef4f0e3b33f47c813f173785ac7.php 第 261 行.
NOTIC: [8] Use of undefined constant lang - assumed 'lang' /www/wwwroot/kmforex.com/Application/Runtime/Cache/Home/b1f1bef4f0e3b33f47c813f173785ac7.php 第 271 行.
NOTIC: [8] Use of undefined constant lang - assumed 'lang' /www/wwwroot/kmforex.com/Application/Runtime/Cache/Home/b1f1bef4f0e3b33f47c813f173785ac7.php 第 281 行.
INFO: Run Behavior\ParseTemplate [ RunTime:0.006753s ]
INFO: [ view_parse ] --END-- [ RunTime:0.006801s ]
INFO: [ view_filter ] --START--
INFO: Run Behavior\WriteHtmlCache [ RunTime:0.000151s ]
INFO: [ view_filter ] --END-- [ RunTime:0.000186s ]
INFO: [ app_end ] --START--
INFO: Run Behavior\ShowPageTrace [ RunTime:0.000434s ]
INFO: [ app_end ] --END-- [ RunTime:0.000478s ]

[ 2020-05-29T19:57:26+08:00 ] 112.36.235.186 /?l=zh-cn
INFO: [ app_begin ] --START--
INFO: Run Behavior\ReadHtmlCache [ RunTime:0.000352s ]
INFO: Run Behavior\CheckLang [ RunTime:0.001589s ]
INFO: [ app_begin ] --END-- [ RunTime:0.002272s ]
NOTIC: [8192] mysql_connect(): The mysql extension is deprecated and will be removed in the future: use mysqli or PDO instead /www/wwwroot/kmforex.com/ThinkPHP/Library/Think/Db/Driver/Mysql.class.php 第 52 行.
ERR: 1064:You have an error in your SQL syntax; check the manual that corresponds to your MySQL server version for the right syntax to use near 'a' at line 1
 [ SQL语句 ] : SHOW COLUMNS FROM wp_option a
ERR: 1064:You have an error in your SQL syntax; check the manual that corresponds to your MySQL server version for the right syntax to use near 'a' at line 1
 [ SQL语句 ] : SHOW COLUMNS FROM wp_userinfo a
INFO: [ view_parse ] --START--
INFO: [ template_filter ] --START--
INFO: Run Behavior\ContentReplace [ RunTime:0.000101s ]
INFO: [ template_filter ] --END-- [ RunTime:0.000151s ]
NOTIC: [8] Undefined variable: info /www/wwwroot/kmforex.com/Application/Runtime/Cache/Home/63efecedbc841600f0dc8a3f2f4786f2.php 第 419 行.
INFO: Run Behavior\ParseTemplate [ RunTime:0.014972s ]
INFO: [ view_parse ] --END-- [ RunTime:0.015017s ]
INFO: [ view_filter ] --START--
INFO: Run Behavior\WriteHtmlCache [ RunTime:0.000155s ]
INFO: [ view_filter ] --END-- [ RunTime:0.000188s ]
INFO: [ app_end ] --START--
INFO: Run Behavior\ShowPageTrace [ RunTime:0.000358s ]
INFO: [ app_end ] --END-- [ RunTime:0.000399s ]

[ 2020-05-29T19:57:27+08:00 ] 112.36.235.186 /Home/User/index.html
INFO: [ app_begin ] --START--
INFO: Run Behavior\ReadHtmlCache [ RunTime:0.000342s ]
INFO: Run Behavior\CheckLang [ RunTime:0.000953s ]
INFO: [ app_begin ] --END-- [ RunTime:0.001587s ]
NOTIC: [8192] mysql_connect(): The mysql extension is deprecated and will be removed in the future: use mysqli or PDO instead /www/wwwroot/kmforex.com/ThinkPHP/Library/Think/Db/Driver/Mysql.class.php 第 52 行.
INFO: [ view_parse ] --START--
INFO: [ template_filter ] --START--
INFO: Run Behavior\ContentReplace [ RunTime:0.000081s ]
INFO: [ template_filter ] --END-- [ RunTime:0.000130s ]
INFO: Run Behavior\ParseTemplate [ RunTime:0.008824s ]
INFO: [ view_parse ] --END-- [ RunTime:0.008891s ]
INFO: [ view_filter ] --START--
INFO: Run Behavior\WriteHtmlCache [ RunTime:0.000217s ]
INFO: [ view_filter ] --END-- [ RunTime:0.000253s ]
INFO: [ app_end ] --START--
INFO: Run Behavior\ShowPageTrace [ RunTime:0.000360s ]
INFO: [ app_end ] --END-- [ RunTime:0.000404s ]

[ 2020-05-29T19:57:29+08:00 ] 112.36.235.186 /Home/User/index.html
INFO: [ app_begin ] --START--
INFO: Run Behavior\ReadHtmlCache [ RunTime:0.000398s ]
INFO: Run Behavior\CheckLang [ RunTime:0.000674s ]
INFO: [ app_begin ] --END-- [ RunTime:0.001400s ]
NOTIC: [8192] mysql_connect(): The mysql extension is deprecated and will be removed in the future: use mysqli or PDO instead /www/wwwroot/kmforex.com/ThinkPHP/Library/Think/Db/Driver/Mysql.class.php 第 52 行.
INFO: [ view_parse ] --START--
INFO: [ template_filter ] --START--
INFO: Run Behavior\ContentReplace [ RunTime:0.000078s ]
INFO: [ template_filter ] --END-- [ RunTime:0.000126s ]
INFO: Run Behavior\ParseTemplate [ RunTime:0.009321s ]
INFO: [ view_parse ] --END-- [ RunTime:0.009370s ]
INFO: [ view_filter ] --START--
INFO: Run Behavior\WriteHtmlCache [ RunTime:0.000130s ]
INFO: [ view_filter ] --END-- [ RunTime:0.000164s ]
INFO: [ app_end ] --START--
INFO: Run Behavior\ShowPageTrace [ RunTime:0.000363s ]
INFO: [ app_end ] --END-- [ RunTime:0.000408s ]

[ 2020-05-29T19:57:30+08:00 ] 112.36.235.186 /Home/Recharge/index.html
INFO: [ app_begin ] --START--
INFO: Run Behavior\ReadHtmlCache [ RunTime:0.000342s ]
INFO: Run Behavior\CheckLang [ RunTime:0.000834s ]
INFO: [ app_begin ] --END-- [ RunTime:0.001473s ]
NOTIC: [8192] mysql_connect(): The mysql extension is deprecated and will be removed in the future: use mysqli or PDO instead /www/wwwroot/kmforex.com/ThinkPHP/Library/Think/Db/Driver/Mysql.class.php 第 52 行.
INFO: [ view_parse ] --START--
INFO: [ template_filter ] --START--
INFO: Run Behavior\ContentReplace [ RunTime:0.000116s ]
INFO: [ template_filter ] --END-- [ RunTime:0.000160s ]
INFO: Run Behavior\ParseTemplate [ RunTime:0.008431s ]
INFO: [ view_parse ] --END-- [ RunTime:0.008479s ]
INFO: [ view_filter ] --START--
INFO: Run Behavior\WriteHtmlCache [ RunTime:0.000111s ]
INFO: [ view_filter ] --END-- [ RunTime:0.000144s ]
INFO: [ app_end ] --START--
INFO: Run Behavior\ShowPageTrace [ RunTime:0.000368s ]
INFO: [ app_end ] --END-- [ RunTime:0.000422s ]

[ 2020-05-29T19:57:34+08:00 ] 112.36.235.186 /Home/Recharge/recharge.html
INFO: [ app_begin ] --START--
INFO: Run Behavior\ReadHtmlCache [ RunTime:0.000367s ]
INFO: Run Behavior\CheckLang [ RunTime:0.000571s ]
INFO: [ app_begin ] --END-- [ RunTime:0.001318s ]
NOTIC: [8192] mysql_connect(): The mysql extension is deprecated and will be removed in the future: use mysqli or PDO instead /www/wwwroot/kmforex.com/ThinkPHP/Library/Think/Db/Driver/Mysql.class.php 第 52 行.

[ 2020-05-29T19:57:35+08:00 ] 112.36.235.186 /Home/Pay/index.html?balanceno=41590753454157963&amount=100
INFO: [ app_begin ] --START--
INFO: Run Behavior\ReadHtmlCache [ RunTime:0.000354s ]
INFO: Run Behavior\CheckLang [ RunTime:0.000889s ]
INFO: [ app_begin ] --END-- [ RunTime:0.001580s ]
NOTIC: [8192] mysql_connect(): The mysql extension is deprecated and will be removed in the future: use mysqli or PDO instead /www/wwwroot/kmforex.com/ThinkPHP/Library/Think/Db/Driver/Mysql.class.php 第 52 行.
INFO: [ app_end ] --START--
INFO: Run Behavior\ShowPageTrace [ RunTime:0.000552s ]
INFO: [ app_end ] --END-- [ RunTime:0.000635s ]

[ 2020-05-29T19:57:56+08:00 ] 112.36.235.186 /Home/Recharge/index.html
INFO: [ app_begin ] --START--
INFO: Run Behavior\ReadHtmlCache [ RunTime:0.000325s ]
INFO: Run Behavior\CheckLang [ RunTime:0.003286s ]
INFO: [ app_begin ] --END-- [ RunTime:0.003924s ]
NOTIC: [8192] mysql_connect(): The mysql extension is deprecated and will be removed in the future: use mysqli or PDO instead /www/wwwroot/kmforex.com/ThinkPHP/Library/Think/Db/Driver/Mysql.class.php 第 52 行.
INFO: [ view_parse ] --START--
INFO: [ template_filter ] --START--
INFO: Run Behavior\ContentReplace [ RunTime:0.000110s ]
INFO: [ template_filter ] --END-- [ RunTime:0.000162s ]
INFO: Run Behavior\ParseTemplate [ RunTime:0.007857s ]
INFO: [ view_parse ] --END-- [ RunTime:0.007906s ]
INFO: [ view_filter ] --START--
INFO: Run Behavior\WriteHtmlCache [ RunTime:0.000110s ]
INFO: [ view_filter ] --END-- [ RunTime:0.000142s ]
INFO: [ app_end ] --START--
INFO: Run Behavior\ShowPageTrace [ RunTime:0.000349s ]
INFO: [ app_end ] --END-- [ RunTime:0.000391s ]

[ 2020-05-29T19:57:57+08:00 ] 112.36.235.186 /Home/Recharge/index.html
INFO: [ app_begin ] --START--
INFO: Run Behavior\ReadHtmlCache [ RunTime:0.000364s ]
INFO: Run Behavior\CheckLang [ RunTime:0.000558s ]
INFO: [ app_begin ] --END-- [ RunTime:0.001262s ]
NOTIC: [8192] mysql_connect(): The mysql extension is deprecated and will be removed in the future: use mysqli or PDO instead /www/wwwroot/kmforex.com/ThinkPHP/Library/Think/Db/Driver/Mysql.class.php 第 52 行.
INFO: [ view_parse ] --START--
INFO: [ template_filter ] --START--
INFO: Run Behavior\ContentReplace [ RunTime:0.000118s ]
INFO: [ template_filter ] --END-- [ RunTime:0.000168s ]
INFO: Run Behavior\ParseTemplate [ RunTime:0.008448s ]
INFO: [ view_parse ] --END-- [ RunTime:0.008495s ]
INFO: [ view_filter ] --START--
INFO: Run Behavior\WriteHtmlCache [ RunTime:0.000129s ]
INFO: [ view_filter ] --END-- [ RunTime:0.000161s ]
INFO: [ app_end ] --START--
INFO: Run Behavior\ShowPageTrace [ RunTime:0.000399s ]
INFO: [ app_end ] --END-- [ RunTime:0.000441s ]

[ 2020-05-29T19:57:59+08:00 ] 112.36.235.186 /Home/Recharge/recharge.html
INFO: [ app_begin ] --START--
INFO: Run Behavior\ReadHtmlCache [ RunTime:0.000364s ]
INFO: Run Behavior\CheckLang [ RunTime:0.000571s ]
INFO: [ app_begin ] --END-- [ RunTime:0.001225s ]
NOTIC: [8192] mysql_connect(): The mysql extension is deprecated and will be removed in the future: use mysqli or PDO instead /www/wwwroot/kmforex.com/ThinkPHP/Library/Think/Db/Driver/Mysql.class.php 第 52 行.

[ 2020-05-29T19:58:28+08:00 ] 112.36.235.186 /Home/Pay/index.html?balanceno=41590753479413253&amount=100
INFO: [ app_begin ] --START--
INFO: Run Behavior\ReadHtmlCache [ RunTime:0.000341s ]
INFO: Run Behavior\CheckLang [ RunTime:0.000490s ]
INFO: [ app_begin ] --END-- [ RunTime:0.001153s ]
NOTIC: [8192] mysql_connect(): The mysql extension is deprecated and will be removed in the future: use mysqli or PDO instead /www/wwwroot/kmforex.com/ThinkPHP/Library/Think/Db/Driver/Mysql.class.php 第 52 行.
INFO: [ app_end ] --START--
INFO: Run Behavior\ShowPageTrace [ RunTime:0.000400s ]
INFO: [ app_end ] --END-- [ RunTime:0.000454s ]

[ 2020-05-29T19:59:16+08:00 ] 112.36.235.186 /Home/Recharge/index.html
INFO: [ app_begin ] --START--
INFO: Run Behavior\ReadHtmlCache [ RunTime:0.000318s ]
INFO: Run Behavior\CheckLang [ RunTime:0.000560s ]
INFO: [ app_begin ] --END-- [ RunTime:0.001216s ]
NOTIC: [8192] mysql_connect(): The mysql extension is deprecated and will be removed in the future: use mysqli or PDO instead /www/wwwroot/kmforex.com/ThinkPHP/Library/Think/Db/Driver/Mysql.class.php 第 52 行.
INFO: [ view_parse ] --START--
INFO: [ template_filter ] --START--
INFO: Run Behavior\ContentReplace [ RunTime:0.000099s ]
INFO: [ template_filter ] --END-- [ RunTime:0.000148s ]
INFO: Run Behavior\ParseTemplate [ RunTime:0.009572s ]
INFO: [ view_parse ] --END-- [ RunTime:0.009620s ]
INFO: [ view_filter ] --START--
INFO: Run Behavior\WriteHtmlCache [ RunTime:0.000111s ]
INFO: [ view_filter ] --END-- [ RunTime:0.000144s ]
INFO: [ app_end ] --START--
INFO: Run Behavior\ShowPageTrace [ RunTime:0.000370s ]
INFO: [ app_end ] --END-- [ RunTime:0.000416s ]

[ 2020-05-29T19:59:19+08:00 ] 112.36.235.186 /Home/Recharge/recharge.html
INFO: [ app_begin ] --START--
INFO: Run Behavior\ReadHtmlCache [ RunTime:0.000313s ]
INFO: Run Behavior\CheckLang [ RunTime:0.000596s ]
INFO: [ app_begin ] --END-- [ RunTime:0.001250s ]
NOTIC: [8192] mysql_connect(): The mysql extension is deprecated and will be removed in the future: use mysqli or PDO instead /www/wwwroot/kmforex.com/ThinkPHP/Library/Think/Db/Driver/Mysql.class.php 第 52 行.

[ 2020-05-29T19:59:19+08:00 ] 112.36.235.186 /Home/Pay/index.html?balanceno=41590753559380168&amount=100
INFO: [ app_begin ] --START--
INFO: Run Behavior\ReadHtmlCache [ RunTime:0.000541s ]
INFO: Run Behavior\CheckLang [ RunTime:0.000748s ]
INFO: [ app_begin ] --END-- [ RunTime:0.001700s ]
NOTIC: [8192] mysql_connect(): The mysql extension is deprecated and will be removed in the future: use mysqli or PDO instead /www/wwwroot/kmforex.com/ThinkPHP/Library/Think/Db/Driver/Mysql.class.php 第 52 行.
INFO: [ app_end ] --START--
INFO: Run Behavior\ShowPageTrace [ RunTime:0.000623s ]
INFO: [ app_end ] --END-- [ RunTime:0.000701s ]

[ 2020-05-29T19:59:49+08:00 ] 112.36.235.186 /Home/Recharge/index.html
INFO: [ app_begin ] --START--
INFO: Run Behavior\ReadHtmlCache [ RunTime:0.000344s ]
INFO: Run Behavior\CheckLang [ RunTime:0.003366s ]
INFO: [ app_begin ] --END-- [ RunTime:0.004023s ]
NOTIC: [8192] mysql_connect(): The mysql extension is deprecated and will be removed in the future: use mysqli or PDO instead /www/wwwroot/kmforex.com/ThinkPHP/Library/Think/Db/Driver/Mysql.class.php 第 52 行.
INFO: [ view_parse ] --START--
INFO: [ template_filter ] --START--
INFO: Run Behavior\ContentReplace [ RunTime:0.000118s ]
INFO: [ template_filter ] --END-- [ RunTime:0.000171s ]
INFO: Run Behavior\ParseTemplate [ RunTime:0.007755s ]
INFO: [ view_parse ] --END-- [ RunTime:0.007801s ]
INFO: [ view_filter ] --START--
INFO: Run Behavior\WriteHtmlCache [ RunTime:0.000118s ]
INFO: [ view_filter ] --END-- [ RunTime:0.000152s ]
INFO: [ app_end ] --START--
INFO: Run Behavior\ShowPageTrace [ RunTime:0.000367s ]
INFO: [ app_end ] --END-- [ RunTime:0.000410s ]

[ 2020-05-29T19:59:52+08:00 ] 112.36.235.186 /Home/Recharge/recharge.html
INFO: [ app_begin ] --START--
INFO: Run Behavior\ReadHtmlCache [ RunTime:0.000337s ]
INFO: Run Behavior\CheckLang [ RunTime:0.000628s ]
INFO: [ app_begin ] --END-- [ RunTime:0.001286s ]
NOTIC: [8192] mysql_connect(): The mysql extension is deprecated and will be removed in the future: use mysqli or PDO instead /www/wwwroot/kmforex.com/ThinkPHP/Library/Think/Db/Driver/Mysql.class.php 第 52 行.

[ 2020-05-29T19:59:52+08:00 ] 112.36.235.186 /Home/Pay/index.html?balanceno=41590753592126821&amount=100
INFO: [ app_begin ] --START--
INFO: Run Behavior\ReadHtmlCache [ RunTime:0.000396s ]
INFO: Run Behavior\CheckLang [ RunTime:0.000546s ]
INFO: [ app_begin ] --END-- [ RunTime:0.001251s ]
NOTIC: [8192] mysql_connect(): The mysql extension is deprecated and will be removed in the future: use mysqli or PDO instead /www/wwwroot/kmforex.com/ThinkPHP/Library/Think/Db/Driver/Mysql.class.php 第 52 行.
INFO: [ app_end ] --START--
INFO: Run Behavior\ShowPageTrace [ RunTime:0.000474s ]
INFO: [ app_end ] --END-- [ RunTime:0.000537s ]

[ 2020-05-29T20:00:51+08:00 ] 112.36.235.186 /Home/Recharge/index.html
INFO: [ app_begin ] --START--
INFO: Run Behavior\ReadHtmlCache [ RunTime:0.000350s ]
INFO: Run Behavior\CheckLang [ RunTime:0.000538s ]
INFO: [ app_begin ] --END-- [ RunTime:0.001174s ]
NOTIC: [8192] mysql_connect(): The mysql extension is deprecated and will be removed in the future: use mysqli or PDO instead /www/wwwroot/kmforex.com/ThinkPHP/Library/Think/Db/Driver/Mysql.class.php 第 52 行.
INFO: [ view_parse ] --START--
INFO: [ template_filter ] --START--
INFO: Run Behavior\ContentReplace [ RunTime:0.000110s ]
INFO: [ template_filter ] --END-- [ RunTime:0.000154s ]
INFO: Run Behavior\ParseTemplate [ RunTime:0.007410s ]
INFO: [ view_parse ] --END-- [ RunTime:0.007453s ]
INFO: [ view_filter ] --START--
INFO: Run Behavior\WriteHtmlCache [ RunTime:0.000126s ]
INFO: [ view_filter ] --END-- [ RunTime:0.000159s ]
INFO: [ app_end ] --START--
INFO: Run Behavior\ShowPageTrace [ RunTime:0.000344s ]
INFO: [ app_end ] --END-- [ RunTime:0.000386s ]

[ 2020-05-29T20:00:51+08:00 ] 112.36.235.186 /Home/Recharge/index.html
INFO: [ app_begin ] --START--
INFO: Run Behavior\ReadHtmlCache [ RunTime:0.000320s ]
INFO: Run Behavior\CheckLang [ RunTime:0.000555s ]
INFO: [ app_begin ] --END-- [ RunTime:0.001174s ]
NOTIC: [8192] mysql_connect(): The mysql extension is deprecated and will be removed in the future: use mysqli or PDO instead /www/wwwroot/kmforex.com/ThinkPHP/Library/Think/Db/Driver/Mysql.class.php 第 52 行.
INFO: [ view_parse ] --START--
INFO: [ template_filter ] --START--
INFO: Run Behavior\ContentReplace [ RunTime:0.000134s ]
INFO: [ template_filter ] --END-- [ RunTime:0.000198s ]
INFO: Run Behavior\ParseTemplate [ RunTime:0.007685s ]
INFO: [ view_parse ] --END-- [ RunTime:0.007734s ]
INFO: [ view_filter ] --START--
INFO: Run Behavior\WriteHtmlCache [ RunTime:0.000112s ]
INFO: [ view_filter ] --END-- [ RunTime:0.000144s ]
INFO: [ app_end ] --START--
INFO: Run Behavior\ShowPageTrace [ RunTime:0.000411s ]
INFO: [ app_end ] --END-- [ RunTime:0.000453s ]

[ 2020-05-29T20:00:53+08:00 ] 112.36.235.186 /Home/Recharge/recharge.html
INFO: [ app_begin ] --START--
INFO: Run Behavior\ReadHtmlCache [ RunTime:0.000317s ]
INFO: Run Behavior\CheckLang [ RunTime:0.000580s ]
INFO: [ app_begin ] --END-- [ RunTime:0.001177s ]
NOTIC: [8192] mysql_connect(): The mysql extension is deprecated and will be removed in the future: use mysqli or PDO instead /www/wwwroot/kmforex.com/ThinkPHP/Library/Think/Db/Driver/Mysql.class.php 第 52 行.

[ 2020-05-29T20:00:54+08:00 ] 112.36.235.186 /Home/Pay/index.html?balanceno=41590753653582099&amount=100
INFO: [ app_begin ] --START--
INFO: Run Behavior\ReadHtmlCache [ RunTime:0.000366s ]
INFO: Run Behavior\CheckLang [ RunTime:0.000559s ]
INFO: [ app_begin ] --END-- [ RunTime:0.001255s ]
NOTIC: [8192] mysql_connect(): The mysql extension is deprecated and will be removed in the future: use mysqli or PDO instead /www/wwwroot/kmforex.com/ThinkPHP/Library/Think/Db/Driver/Mysql.class.php 第 52 行.
INFO: [ app_end ] --START--
INFO: Run Behavior\ShowPageTrace [ RunTime:0.000398s ]
INFO: [ app_end ] --END-- [ RunTime:0.000451s ]

[ 2020-05-29T20:01:35+08:00 ] 112.36.235.186 /Home/Recharge/index.html
INFO: [ app_begin ] --START--
INFO: Run Behavior\ReadHtmlCache [ RunTime:0.000349s ]
INFO: Run Behavior\CheckLang [ RunTime:0.000550s ]
INFO: [ app_begin ] --END-- [ RunTime:0.001188s ]
NOTIC: [8192] mysql_connect(): The mysql extension is deprecated and will be removed in the future: use mysqli or PDO instead /www/wwwroot/kmforex.com/ThinkPHP/Library/Think/Db/Driver/Mysql.class.php 第 52 行.
INFO: [ view_parse ] --START--
INFO: [ template_filter ] --START--
INFO: Run Behavior\ContentReplace [ RunTime:0.000111s ]
INFO: [ template_filter ] --END-- [ RunTime:0.000156s ]
INFO: Run Behavior\ParseTemplate [ RunTime:0.009894s ]
INFO: [ view_parse ] --END-- [ RunTime:0.009937s ]
INFO: [ view_filter ] --START--
INFO: Run Behavior\WriteHtmlCache [ RunTime:0.000126s ]
INFO: [ view_filter ] --END-- [ RunTime:0.000159s ]
INFO: [ app_end ] --START--
INFO: Run Behavior\ShowPageTrace [ RunTime:0.000355s ]
INFO: [ app_end ] --END-- [ RunTime:0.000396s ]

[ 2020-05-29T20:03:14+08:00 ] 112.36.235.186 /Home/Recharge/index.html
INFO: [ app_begin ] --START--
INFO: Run Behavior\ReadHtmlCache [ RunTime:0.000335s ]
INFO: Run Behavior\CheckLang [ RunTime:0.000614s ]
INFO: [ app_begin ] --END-- [ RunTime:0.005032s ]
NOTIC: [8192] mysql_connect(): The mysql extension is deprecated and will be removed in the future: use mysqli or PDO instead /www/wwwroot/kmforex.com/ThinkPHP/Library/Think/Db/Driver/Mysql.class.php 第 52 行.
INFO: [ view_parse ] --START--
INFO: [ template_filter ] --START--
INFO: Run Behavior\ContentReplace [ RunTime:0.000119s ]
INFO: [ template_filter ] --END-- [ RunTime:0.000177s ]
INFO: Run Behavior\ParseTemplate [ RunTime:0.020094s ]
INFO: [ view_parse ] --END-- [ RunTime:0.020145s ]
INFO: [ view_filter ] --START--
INFO: Run Behavior\WriteHtmlCache [ RunTime:0.000114s ]
INFO: [ view_filter ] --END-- [ RunTime:0.000146s ]
INFO: [ app_end ] --START--
INFO: Run Behavior\ShowPageTrace [ RunTime:0.000446s ]
INFO: [ app_end ] --END-- [ RunTime:0.000490s ]

[ 2020-05-29T20:03:16+08:00 ] 112.36.235.186 /Home/Recharge/recharge.html
INFO: [ app_begin ] --START--
INFO: Run Behavior\ReadHtmlCache [ RunTime:0.000338s ]
INFO: Run Behavior\CheckLang [ RunTime:0.002850s ]
INFO: [ app_begin ] --END-- [ RunTime:0.003535s ]
NOTIC: [8192] mysql_connect(): The mysql extension is deprecated and will be removed in the future: use mysqli or PDO instead /www/wwwroot/kmforex.com/ThinkPHP/Library/Think/Db/Driver/Mysql.class.php 第 52 行.

[ 2020-05-29T20:03:17+08:00 ] 112.36.235.186 /Home/Pay/index.html?balanceno=41590753796620755&amount=100
INFO: [ app_begin ] --START--
INFO: Run Behavior\ReadHtmlCache [ RunTime:0.000315s ]
INFO: Run Behavior\CheckLang [ RunTime:0.000500s ]
INFO: [ app_begin ] --END-- [ RunTime:0.001108s ]
NOTIC: [8192] mysql_connect(): The mysql extension is deprecated and will be removed in the future: use mysqli or PDO instead /www/wwwroot/kmforex.com/ThinkPHP/Library/Think/Db/Driver/Mysql.class.php 第 52 行.
INFO: [ app_end ] --START--
INFO: Run Behavior\ShowPageTrace [ RunTime:0.000469s ]
INFO: [ app_end ] --END-- [ RunTime:0.000520s ]

[ 2020-05-29T20:03:39+08:00 ] 112.36.235.186 /Home/Recharge/index.html
INFO: [ app_begin ] --START--
INFO: Run Behavior\ReadHtmlCache [ RunTime:0.000319s ]
INFO: Run Behavior\CheckLang [ RunTime:0.000537s ]
INFO: [ app_begin ] --END-- [ RunTime:0.001178s ]
NOTIC: [8192] mysql_connect(): The mysql extension is deprecated and will be removed in the future: use mysqli or PDO instead /www/wwwroot/kmforex.com/ThinkPHP/Library/Think/Db/Driver/Mysql.class.php 第 52 行.
INFO: [ view_parse ] --START--
INFO: [ template_filter ] --START--
INFO: Run Behavior\ContentReplace [ RunTime:0.000100s ]
INFO: [ template_filter ] --END-- [ RunTime:0.000146s ]
INFO: Run Behavior\ParseTemplate [ RunTime:0.007499s ]
INFO: [ view_parse ] --END-- [ RunTime:0.007546s ]
INFO: [ view_filter ] --START--
INFO: Run Behavior\WriteHtmlCache [ RunTime:0.000112s ]
INFO: [ view_filter ] --END-- [ RunTime:0.000145s ]
INFO: [ app_end ] --START--
INFO: Run Behavior\ShowPageTrace [ RunTime:0.000393s ]
INFO: [ app_end ] --END-- [ RunTime:0.000437s ]

[ 2020-05-29T20:03:41+08:00 ] 112.36.235.186 /Home/Recharge/recharge.html
INFO: [ app_begin ] --START--
INFO: Run Behavior\ReadHtmlCache [ RunTime:0.000356s ]
INFO: Run Behavior\CheckLang [ RunTime:0.000553s ]
INFO: [ app_begin ] --END-- [ RunTime:0.001247s ]
NOTIC: [8192] mysql_connect(): The mysql extension is deprecated and will be removed in the future: use mysqli or PDO instead /www/wwwroot/kmforex.com/ThinkPHP/Library/Think/Db/Driver/Mysql.class.php 第 52 行.

[ 2020-05-29T20:03:42+08:00 ] 112.36.235.186 /Home/Pay/index.html?balanceno=41590753821906281&amount=200
INFO: [ app_begin ] --START--
INFO: Run Behavior\ReadHtmlCache [ RunTime:0.000363s ]
INFO: Run Behavior\CheckLang [ RunTime:0.000495s ]
INFO: [ app_begin ] --END-- [ RunTime:0.001178s ]
NOTIC: [8192] mysql_connect(): The mysql extension is deprecated and will be removed in the future: use mysqli or PDO instead /www/wwwroot/kmforex.com/ThinkPHP/Library/Think/Db/Driver/Mysql.class.php 第 52 行.
INFO: [ app_end ] --START--
INFO: Run Behavior\ShowPageTrace [ RunTime:0.000378s ]
INFO: [ app_end ] --END-- [ RunTime:0.000440s ]

[ 2020-05-29T20:07:11+08:00 ] 112.36.235.186 /Home/Recharge/index.html
INFO: [ app_begin ] --START--
INFO: Run Behavior\ReadHtmlCache [ RunTime:0.000314s ]
INFO: Run Behavior\CheckLang [ RunTime:0.000570s ]
INFO: [ app_begin ] --END-- [ RunTime:0.001179s ]
NOTIC: [8192] mysql_connect(): The mysql extension is deprecated and will be removed in the future: use mysqli or PDO instead /www/wwwroot/kmforex.com/ThinkPHP/Library/Think/Db/Driver/Mysql.class.php 第 52 行.
INFO: [ view_parse ] --START--
INFO: [ template_filter ] --START--
INFO: Run Behavior\ContentReplace [ RunTime:0.000099s ]
INFO: [ template_filter ] --END-- [ RunTime:0.000143s ]
INFO: Run Behavior\ParseTemplate [ RunTime:0.007522s ]
INFO: [ view_parse ] --END-- [ RunTime:0.007567s ]
INFO: [ view_filter ] --START--
INFO: Run Behavior\WriteHtmlCache [ RunTime:0.000111s ]
INFO: [ view_filter ] --END-- [ RunTime:0.000143s ]
INFO: [ app_end ] --START--
INFO: Run Behavior\ShowPageTrace [ RunTime:0.000351s ]
INFO: [ app_end ] --END-- [ RunTime:0.000393s ]

[ 2020-05-29T20:07:14+08:00 ] 112.36.235.186 /Home/Recharge/recharge.html
INFO: [ app_begin ] --START--
INFO: Run Behavior\ReadHtmlCache [ RunTime:0.000334s ]
INFO: Run Behavior\CheckLang [ RunTime:0.000682s ]
INFO: [ app_begin ] --END-- [ RunTime:0.001357s ]
NOTIC: [8192] mysql_connect(): The mysql extension is deprecated and will be removed in the future: use mysqli or PDO instead /www/wwwroot/kmforex.com/ThinkPHP/Library/Think/Db/Driver/Mysql.class.php 第 52 行.

[ 2020-05-29T20:07:14+08:00 ] 112.36.235.186 /Home/Pay/index.html?balanceno=41590754034597959&amount=100
INFO: [ app_begin ] --START--
INFO: Run Behavior\ReadHtmlCache [ RunTime:0.000336s ]
INFO: Run Behavior\CheckLang [ RunTime:0.000533s ]
INFO: [ app_begin ] --END-- [ RunTime:0.001207s ]
NOTIC: [8192] mysql_connect(): The mysql extension is deprecated and will be removed in the future: use mysqli or PDO instead /www/wwwroot/kmforex.com/ThinkPHP/Library/Think/Db/Driver/Mysql.class.php 第 52 行.
INFO: [ app_end ] --START--
INFO: Run Behavior\ShowPageTrace [ RunTime:0.000438s ]
INFO: [ app_end ] --END-- [ RunTime:0.000514s ]

[ 2020-05-29T20:17:00+08:00 ] 112.36.235.186 /Home/Recharge/index.html
INFO: [ app_begin ] --START--
INFO: Run Behavior\ReadHtmlCache [ RunTime:0.000336s ]
INFO: Run Behavior\CheckLang [ RunTime:0.000541s ]
INFO: [ app_begin ] --END-- [ RunTime:0.001162s ]
NOTIC: [8192] mysql_connect(): The mysql extension is deprecated and will be removed in the future: use mysqli or PDO instead /www/wwwroot/kmforex.com/ThinkPHP/Library/Think/Db/Driver/Mysql.class.php 第 52 行.
INFO: [ view_parse ] --START--
INFO: [ template_filter ] --START--
INFO: Run Behavior\ContentReplace [ RunTime:0.000119s ]
INFO: [ template_filter ] --END-- [ RunTime:0.000193s ]
INFO: Run Behavior\ParseTemplate [ RunTime:0.027522s ]
INFO: [ view_parse ] --END-- [ RunTime:0.027594s ]
INFO: [ view_filter ] --START--
INFO: Run Behavior\WriteHtmlCache [ RunTime:0.000171s ]
INFO: [ view_filter ] --END-- [ RunTime:0.000220s ]
INFO: [ app_end ] --START--
INFO: Run Behavior\ShowPageTrace [ RunTime:0.000458s ]
INFO: [ app_end ] --END-- [ RunTime:0.000511s ]

[ 2020-05-29T20:41:15+08:00 ] 47.101.60.165 /
INFO: [ app_begin ] --START--
INFO: Run Behavior\ReadHtmlCache [ RunTime:0.000323s ]
INFO: Run Behavior\CheckLang [ RunTime:0.001784s ]
INFO: [ app_begin ] --END-- [ RunTime:0.002391s ]

[ 2020-05-29T20:41:15+08:00 ] 47.101.60.165 /Pc/Index/index.html
INFO: [ app_begin ] --START--
INFO: Run Behavior\ReadHtmlCache [ RunTime:0.000375s ]
INFO: Run Behavior\CheckLang [ RunTime:0.036430s ]
INFO: [ app_begin ] --END-- [ RunTime:0.037145s ]
NOTIC: [8] Undefined index: user_id /www/wwwroot/kmforex.com/Application/Pc/Controller/CommonController.class.php 第 45 行.
NOTIC: [8192] mysql_connect(): The mysql extension is deprecated and will be removed in the future: use mysqli or PDO instead /www/wwwroot/kmforex.com/ThinkPHP/Library/Think/Db/Driver/Mysql.class.php 第 52 行.
ERR: 1064:You have an error in your SQL syntax; check the manual that corresponds to your MySQL server version for the right syntax to use near 'and is_read = 1 ) LIMIT 1' at line 1
 [ SQL语句 ] : SELECT COUNT(*) AS tp_count FROM `wp_money_flow` WHERE (  YEARWEEK(FROM_UNIXTIME(dateline,'%Y-%m-%d'),1) = YEARWEEK(DATE_FORMAT(now(),'%Y-%m-%d'),1) and uid= and is_read = 1 ) LIMIT 1  
NOTIC: [8] Undefined variable: user /www/wwwroot/kmforex.com/Application/Pc/Controller/CommonController.class.php 第 109 行.
NOTIC: [8] Undefined index: HTTP_REFERER /www/wwwroot/kmforex.com/Application/Pc/Controller/CommonController.class.php 第 124 行.
ERR: 1064:You have an error in your SQL syntax; check the manual that corresponds to your MySQL server version for the right syntax to use near 'a' at line 1
 [ SQL语句 ] : SHOW COLUMNS FROM wp_option a
ERR: 1064:You have an error in your SQL syntax; check the manual that corresponds to your MySQL server version for the right syntax to use near ') and a.global_flag=1 ) ORDER BY b.sort asc LIMIT 0,3' at line 1
 [ SQL语句 ] : SELECT a.id,a.capital_name,a.en_name,a.capital_key,a.pid,a.Price,a.DiffRate,b.capital_length FROM wp_option a left join wp_option_info b on a.id=b.option_id  WHERE ( exists(select b.option_id from wp_user_option c where a.id=c.option_id and c.user_id=) and a.global_flag=1 ) ORDER BY b.sort asc LIMIT 0,3  
ERR: 1064:You have an error in your SQL syntax; check the manual that corresponds to your MySQL server version for the right syntax to use near 'a' at line 1
 [ SQL语句 ] : SHOW COLUMNS FROM wp_userinfo a
INFO: [ view_parse ] --START--
INFO: [ template_filter ] --START--
INFO: Run Behavior\ContentReplace [ RunTime:0.000185s ]
INFO: [ template_filter ] --END-- [ RunTime:0.000234s ]
NOTIC: [8] Undefined variable: info /www/wwwroot/kmforex.com/Application/Runtime/Cache/Pc/294c98e9819a9b31d643d623dee36931.php 第 950 行.
INFO: Run Behavior\ParseTemplate [ RunTime:0.024038s ]
INFO: [ view_parse ] --END-- [ RunTime:0.024079s ]
INFO: [ view_filter ] --START--
INFO: Run Behavior\WriteHtmlCache [ RunTime:0.000121s ]
INFO: [ view_filter ] --END-- [ RunTime:0.000153s ]
INFO: [ app_end ] --START--
INFO: Run Behavior\ShowPageTrace [ RunTime:0.000362s ]
INFO: [ app_end ] --END-- [ RunTime:0.000403s ]

