[ 2020-06-12T04:32:24+08:00 ] 119.23.174.205 /
NOTIC: [8] Undefined index: HTTP_HOST /www/wwwroot/kmforex.com/ThinkPHP/Library/Think/Dispatcher.class.php 第 39 行.
NOTIC: [8] Undefined index: HTTP_HOST /www/wwwroot/kmforex.com/ThinkPHP/Library/Think/Dispatcher.class.php 第 46 行.
INFO: [ app_begin ] --START--
INFO: Run Behavior\ReadHtmlCache [ RunTime:0.000530s ]
INFO: Run Behavior\CheckLang [ RunTime:0.003041s ]
INFO: [ app_begin ] --END-- [ RunTime:0.003712s ]

[ 2020-06-12T16:40:43+08:00 ] 47.92.130.247 /
INFO: [ app_begin ] --START--
INFO: Run Behavior\ReadHtmlCache [ RunTime:0.000636s ]
INFO: Run Behavior\CheckLang [ RunTime:0.001146s ]
INFO: [ app_begin ] --END-- [ RunTime:0.002399s ]

[ 2020-06-12T16:40:43+08:00 ] 47.92.130.247 /Pc/Index/index.html
INFO: [ app_begin ] --START--
INFO: Run Behavior\ReadHtmlCache [ RunTime:0.000340s ]
INFO: Run Behavior\CheckLang [ RunTime:0.000783s ]
INFO: [ app_begin ] --END-- [ RunTime:0.001484s ]
NOTIC: [8] Undefined index: user_id /www/wwwroot/kmforex.com/Application/Pc/Controller/CommonController.class.php 第 45 行.
NOTIC: [8192] mysql_connect(): The mysql extension is deprecated and will be removed in the future: use mysqli or PDO instead /www/wwwroot/kmforex.com/ThinkPHP/Library/Think/Db/Driver/Mysql.class.php 第 52 行.
ERR: 1064:You have an error in your SQL syntax; check the manual that corresponds to your MySQL server version for the right syntax to use near 'and is_read = 1 ) LIMIT 1' at line 1
 [ SQL语句 ] : SELECT COUNT(*) AS tp_count FROM `wp_money_flow` WHERE (  YEARWEEK(FROM_UNIXTIME(dateline,'%Y-%m-%d'),1) = YEARWEEK(DATE_FORMAT(now(),'%Y-%m-%d'),1) and uid= and is_read = 1 ) LIMIT 1  
NOTIC: [8] Undefined variable: user /www/wwwroot/kmforex.com/Application/Pc/Controller/CommonController.class.php 第 109 行.
NOTIC: [8] Undefined index: HTTP_REFERER /www/wwwroot/kmforex.com/Application/Pc/Controller/CommonController.class.php 第 124 行.
ERR: 1064:You have an error in your SQL syntax; check the manual that corresponds to your MySQL server version for the right syntax to use near 'a' at line 1
 [ SQL语句 ] : SHOW COLUMNS FROM wp_option a
ERR: 1064:You have an error in your SQL syntax; check the manual that corresponds to your MySQL server version for the right syntax to use near ') and a.global_flag=1 ) ORDER BY b.sort asc LIMIT 0,3' at line 1
 [ SQL语句 ] : SELECT a.id,a.capital_name,a.en_name,a.capital_key,a.pid,a.Price,a.DiffRate,b.capital_length FROM wp_option a left join wp_option_info b on a.id=b.option_id  WHERE ( exists(select b.option_id from wp_user_option c where a.id=c.option_id and c.user_id=) and a.global_flag=1 ) ORDER BY b.sort asc LIMIT 0,3  
ERR: 1064:You have an error in your SQL syntax; check the manual that corresponds to your MySQL server version for the right syntax to use near 'a' at line 1
 [ SQL语句 ] : SHOW COLUMNS FROM wp_userinfo a
INFO: [ view_parse ] --START--
INFO: [ template_filter ] --START--
INFO: Run Behavior\ContentReplace [ RunTime:0.000186s ]
INFO: [ template_filter ] --END-- [ RunTime:0.000262s ]
NOTIC: [8] Undefined variable: info /www/wwwroot/kmforex.com/Application/Runtime/Cache/Pc/294c98e9819a9b31d643d623dee36931.php 第 950 行.
INFO: Run Behavior\ParseTemplate [ RunTime:0.059627s ]
INFO: [ view_parse ] --END-- [ RunTime:0.059686s ]
INFO: [ view_filter ] --START--
INFO: Run Behavior\WriteHtmlCache [ RunTime:0.000320s ]
INFO: [ view_filter ] --END-- [ RunTime:0.000357s ]
INFO: [ app_end ] --START--
INFO: Run Behavior\ShowPageTrace [ RunTime:0.000573s ]
INFO: [ app_end ] --END-- [ RunTime:0.000620s ]

[ 2020-06-12T23:03:07+08:00 ] 47.102.184.30 /
NOTIC: [8] Undefined index: HTTP_HOST /www/wwwroot/kmforex.com/ThinkPHP/Library/Think/Dispatcher.class.php 第 39 行.
NOTIC: [8] Undefined index: HTTP_HOST /www/wwwroot/kmforex.com/ThinkPHP/Library/Think/Dispatcher.class.php 第 46 行.
INFO: [ app_begin ] --START--
INFO: Run Behavior\ReadHtmlCache [ RunTime:0.003690s ]
INFO: Run Behavior\CheckLang [ RunTime:0.002187s ]
INFO: [ app_begin ] --END-- [ RunTime:0.006005s ]

[ 2020-06-12T23:09:23+08:00 ] 47.102.184.30 /
NOTIC: [8] Undefined index: HTTP_HOST /www/wwwroot/kmforex.com/ThinkPHP/Library/Think/Dispatcher.class.php 第 39 行.
NOTIC: [8] Undefined index: HTTP_HOST /www/wwwroot/kmforex.com/ThinkPHP/Library/Think/Dispatcher.class.php 第 46 行.
INFO: [ app_begin ] --START--
INFO: Run Behavior\ReadHtmlCache [ RunTime:0.000543s ]
INFO: Run Behavior\CheckLang [ RunTime:0.000553s ]
INFO: [ app_begin ] --END-- [ RunTime:0.001220s ]

[ 2020-06-12T23:09:44+08:00 ] 47.102.184.30 /
NOTIC: [8] Undefined index: HTTP_HOST /www/wwwroot/kmforex.com/ThinkPHP/Library/Think/Dispatcher.class.php 第 39 行.
NOTIC: [8] Undefined index: HTTP_HOST /www/wwwroot/kmforex.com/ThinkPHP/Library/Think/Dispatcher.class.php 第 46 行.
INFO: [ app_begin ] --START--
INFO: Run Behavior\ReadHtmlCache [ RunTime:0.000337s ]
INFO: Run Behavior\CheckLang [ RunTime:0.001898s ]
INFO: [ app_begin ] --END-- [ RunTime:0.002398s ]

[ 2020-06-12T23:09:44+08:00 ] 47.102.184.30 /
INFO: [ app_begin ] --START--
INFO: Run Behavior\ReadHtmlCache [ RunTime:0.000365s ]
INFO: Run Behavior\CheckLang [ RunTime:0.000612s ]
INFO: [ app_begin ] --END-- [ RunTime:0.001326s ]

