[ 2020-06-25T17:42:51+08:00 ] 58.52.90.85 /
INFO: [ app_begin ] --START--
INFO: Run Behavior\ReadHtmlCache [ RunTime:0.000556s ]
INFO: Run Behavior\CheckLang [ RunTime:0.004034s ]
INFO: [ app_begin ] --END-- [ RunTime:0.005144s ]

[ 2020-06-25T17:42:51+08:00 ] 58.52.90.85 /Pc/Index/index.html
INFO: [ app_begin ] --START--
INFO: Run Behavior\ReadHtmlCache [ RunTime:0.000336s ]
INFO: Run Behavior\CheckLang [ RunTime:0.000904s ]
INFO: [ app_begin ] --END-- [ RunTime:0.001607s ]
NOTIC: [8] Undefined index: user_id /www/wwwroot/kmforex.com/Application/Pc/Controller/CommonController.class.php 第 45 行.
NOTIC: [8192] mysql_connect(): The mysql extension is deprecated and will be removed in the future: use mysqli or PDO instead /www/wwwroot/kmforex.com/ThinkPHP/Library/Think/Db/Driver/Mysql.class.php 第 52 行.
ERR: 1064:You have an error in your SQL syntax; check the manual that corresponds to your MySQL server version for the right syntax to use near 'and is_read = 1 ) LIMIT 1' at line 1
 [ SQL语句 ] : SELECT COUNT(*) AS tp_count FROM `wp_money_flow` WHERE (  YEARWEEK(FROM_UNIXTIME(dateline,'%Y-%m-%d'),1) = YEARWEEK(DATE_FORMAT(now(),'%Y-%m-%d'),1) and uid= and is_read = 1 ) LIMIT 1  
NOTIC: [8] Undefined variable: user /www/wwwroot/kmforex.com/Application/Pc/Controller/CommonController.class.php 第 109 行.
NOTIC: [8] Undefined index: HTTP_REFERER /www/wwwroot/kmforex.com/Application/Pc/Controller/CommonController.class.php 第 124 行.
ERR: 1064:You have an error in your SQL syntax; check the manual that corresponds to your MySQL server version for the right syntax to use near 'a' at line 1
 [ SQL语句 ] : SHOW COLUMNS FROM wp_option a
ERR: 1064:You have an error in your SQL syntax; check the manual that corresponds to your MySQL server version for the right syntax to use near ') and a.global_flag=1 ) ORDER BY b.sort asc LIMIT 0,3' at line 1
 [ SQL语句 ] : SELECT a.id,a.capital_name,a.en_name,a.capital_key,a.pid,a.Price,a.DiffRate,b.capital_length FROM wp_option a left join wp_option_info b on a.id=b.option_id  WHERE ( exists(select b.option_id from wp_user_option c where a.id=c.option_id and c.user_id=) and a.global_flag=1 ) ORDER BY b.sort asc LIMIT 0,3  
ERR: 1064:You have an error in your SQL syntax; check the manual that corresponds to your MySQL server version for the right syntax to use near 'a' at line 1
 [ SQL语句 ] : SHOW COLUMNS FROM wp_userinfo a
INFO: [ view_parse ] --START--
INFO: [ template_filter ] --START--
INFO: Run Behavior\ContentReplace [ RunTime:0.000218s ]
INFO: [ template_filter ] --END-- [ RunTime:0.000281s ]
NOTIC: [8] Undefined variable: info /www/wwwroot/kmforex.com/Application/Runtime/Cache/Pc/294c98e9819a9b31d643d623dee36931.php 第 950 行.
INFO: Run Behavior\ParseTemplate [ RunTime:0.029875s ]
INFO: [ view_parse ] --END-- [ RunTime:0.029936s ]
INFO: [ view_filter ] --START--
INFO: Run Behavior\WriteHtmlCache [ RunTime:0.000387s ]
INFO: [ view_filter ] --END-- [ RunTime:0.000423s ]
INFO: [ app_end ] --START--
INFO: Run Behavior\ShowPageTrace [ RunTime:0.000580s ]
INFO: [ app_end ] --END-- [ RunTime:0.000626s ]

[ 2020-06-25T17:50:58+08:00 ] 58.52.90.85 /
INFO: [ app_begin ] --START--
INFO: Run Behavior\ReadHtmlCache [ RunTime:0.000358s ]
INFO: Run Behavior\CheckLang [ RunTime:0.000752s ]
INFO: [ app_begin ] --END-- [ RunTime:0.001476s ]

[ 2020-06-25T17:50:58+08:00 ] 58.52.90.85 /Pc/Index/index.html
INFO: [ app_begin ] --START--
INFO: Run Behavior\ReadHtmlCache [ RunTime:0.000379s ]
INFO: Run Behavior\CheckLang [ RunTime:0.000650s ]
INFO: [ app_begin ] --END-- [ RunTime:0.001361s ]
NOTIC: [8] Undefined index: user_id /www/wwwroot/kmforex.com/Application/Pc/Controller/CommonController.class.php 第 45 行.
NOTIC: [8192] mysql_connect(): The mysql extension is deprecated and will be removed in the future: use mysqli or PDO instead /www/wwwroot/kmforex.com/ThinkPHP/Library/Think/Db/Driver/Mysql.class.php 第 52 行.
ERR: 1064:You have an error in your SQL syntax; check the manual that corresponds to your MySQL server version for the right syntax to use near 'and is_read = 1 ) LIMIT 1' at line 1
 [ SQL语句 ] : SELECT COUNT(*) AS tp_count FROM `wp_money_flow` WHERE (  YEARWEEK(FROM_UNIXTIME(dateline,'%Y-%m-%d'),1) = YEARWEEK(DATE_FORMAT(now(),'%Y-%m-%d'),1) and uid= and is_read = 1 ) LIMIT 1  
NOTIC: [8] Undefined variable: user /www/wwwroot/kmforex.com/Application/Pc/Controller/CommonController.class.php 第 109 行.
NOTIC: [8] Undefined index: HTTP_REFERER /www/wwwroot/kmforex.com/Application/Pc/Controller/CommonController.class.php 第 124 行.
ERR: 1064:You have an error in your SQL syntax; check the manual that corresponds to your MySQL server version for the right syntax to use near 'a' at line 1
 [ SQL语句 ] : SHOW COLUMNS FROM wp_option a
ERR: 1064:You have an error in your SQL syntax; check the manual that corresponds to your MySQL server version for the right syntax to use near ') and a.global_flag=1 ) ORDER BY b.sort asc LIMIT 0,3' at line 1
 [ SQL语句 ] : SELECT a.id,a.capital_name,a.en_name,a.capital_key,a.pid,a.Price,a.DiffRate,b.capital_length FROM wp_option a left join wp_option_info b on a.id=b.option_id  WHERE ( exists(select b.option_id from wp_user_option c where a.id=c.option_id and c.user_id=) and a.global_flag=1 ) ORDER BY b.sort asc LIMIT 0,3  
ERR: 1064:You have an error in your SQL syntax; check the manual that corresponds to your MySQL server version for the right syntax to use near 'a' at line 1
 [ SQL语句 ] : SHOW COLUMNS FROM wp_userinfo a
INFO: [ view_parse ] --START--
INFO: [ template_filter ] --START--
INFO: Run Behavior\ContentReplace [ RunTime:0.000200s ]
INFO: [ template_filter ] --END-- [ RunTime:0.000258s ]
NOTIC: [8] Undefined variable: info /www/wwwroot/kmforex.com/Application/Runtime/Cache/Pc/294c98e9819a9b31d643d623dee36931.php 第 950 行.
INFO: Run Behavior\ParseTemplate [ RunTime:0.043058s ]
INFO: [ view_parse ] --END-- [ RunTime:0.043110s ]
INFO: [ view_filter ] --START--
INFO: Run Behavior\WriteHtmlCache [ RunTime:0.000152s ]
INFO: [ view_filter ] --END-- [ RunTime:0.000187s ]
INFO: [ app_end ] --START--
INFO: Run Behavior\ShowPageTrace [ RunTime:0.000638s ]
INFO: [ app_end ] --END-- [ RunTime:0.000686s ]

[ 2020-06-25T17:58:15+08:00 ] 58.52.90.85 /Pc/Product/lists.html
INFO: [ app_begin ] --START--
INFO: Run Behavior\ReadHtmlCache [ RunTime:0.000360s ]
INFO: Run Behavior\CheckLang [ RunTime:0.000860s ]
INFO: [ app_begin ] --END-- [ RunTime:0.002071s ]
NOTIC: [8] Undefined index: user_id /www/wwwroot/kmforex.com/Application/Pc/Controller/CommonController.class.php 第 45 行.
NOTIC: [8192] mysql_connect(): The mysql extension is deprecated and will be removed in the future: use mysqli or PDO instead /www/wwwroot/kmforex.com/ThinkPHP/Library/Think/Db/Driver/Mysql.class.php 第 52 行.
ERR: 1064:You have an error in your SQL syntax; check the manual that corresponds to your MySQL server version for the right syntax to use near 'and is_read = 1 ) LIMIT 1' at line 1
 [ SQL语句 ] : SELECT COUNT(*) AS tp_count FROM `wp_money_flow` WHERE (  YEARWEEK(FROM_UNIXTIME(dateline,'%Y-%m-%d'),1) = YEARWEEK(DATE_FORMAT(now(),'%Y-%m-%d'),1) and uid= and is_read = 1 ) LIMIT 1  
NOTIC: [8] Undefined variable: user /www/wwwroot/kmforex.com/Application/Pc/Controller/CommonController.class.php 第 109 行.
ERR: 1064:You have an error in your SQL syntax; check the manual that corresponds to your MySQL server version for the right syntax to use near 'a' at line 1
 [ SQL语句 ] : SHOW COLUMNS FROM wp_option a
ERR: 1064:You have an error in your SQL syntax; check the manual that corresponds to your MySQL server version for the right syntax to use near ') and a.global_flag=1 ) ORDER BY b.sort asc' at line 1
 [ SQL语句 ] : SELECT a.id,a.capital_name,a.en_name,a.capital_key,a.option_key,a.pid,a.sp,a.bp,a.erence,b.capital_length FROM wp_option a left join wp_option_info b on a.id=b.option_id  WHERE ( exists(select b.option_id from wp_user_option c where a.id=c.option_id and c.user_id=) and a.global_flag=1 ) ORDER BY b.sort asc 
NOTIC: [2] Invalid argument supplied for foreach() /www/wwwroot/kmforex.com/Application/Pc/Controller/ProductController.class.php 第 104 行.
INFO: [ view_parse ] --START--
INFO: [ template_filter ] --START--
INFO: Run Behavior\ContentReplace [ RunTime:0.000245s ]
INFO: [ template_filter ] --END-- [ RunTime:0.000310s ]
NOTIC: [8] Undefined variable: lang /www/wwwroot/kmforex.com/Application/Runtime/Cache/Pc/263edaac76f2de40cab8b3d446be49f8.php 第 283 行.
NOTIC: [8] Undefined variable: lang /www/wwwroot/kmforex.com/Application/Runtime/Cache/Pc/263edaac76f2de40cab8b3d446be49f8.php 第 285 行.
NOTIC: [8] Undefined index: status /www/wwwroot/kmforex.com/Application/Runtime/Cache/Pc/263edaac76f2de40cab8b3d446be49f8.php 第 572 行.
NOTIC: [8] Undefined index: status /www/wwwroot/kmforex.com/Application/Runtime/Cache/Pc/263edaac76f2de40cab8b3d446be49f8.php 第 572 行.
NOTIC: [8] Undefined index: status /www/wwwroot/kmforex.com/Application/Runtime/Cache/Pc/263edaac76f2de40cab8b3d446be49f8.php 第 572 行.
NOTIC: [8] Undefined index: status /www/wwwroot/kmforex.com/Application/Runtime/Cache/Pc/263edaac76f2de40cab8b3d446be49f8.php 第 572 行.
NOTIC: [8] Undefined index: status /www/wwwroot/kmforex.com/Application/Runtime/Cache/Pc/263edaac76f2de40cab8b3d446be49f8.php 第 572 行.
NOTIC: [8] Undefined index: status /www/wwwroot/kmforex.com/Application/Runtime/Cache/Pc/263edaac76f2de40cab8b3d446be49f8.php 第 572 行.
NOTIC: [8] Undefined index: status /www/wwwroot/kmforex.com/Application/Runtime/Cache/Pc/263edaac76f2de40cab8b3d446be49f8.php 第 572 行.
NOTIC: [8] Undefined index: status /www/wwwroot/kmforex.com/Application/Runtime/Cache/Pc/263edaac76f2de40cab8b3d446be49f8.php 第 572 行.
NOTIC: [8] Undefined index: status /www/wwwroot/kmforex.com/Application/Runtime/Cache/Pc/263edaac76f2de40cab8b3d446be49f8.php 第 572 行.
NOTIC: [8] Undefined index: status /www/wwwroot/kmforex.com/Application/Runtime/Cache/Pc/263edaac76f2de40cab8b3d446be49f8.php 第 572 行.
NOTIC: [8] Undefined index: status /www/wwwroot/kmforex.com/Application/Runtime/Cache/Pc/263edaac76f2de40cab8b3d446be49f8.php 第 572 行.
NOTIC: [8] Undefined index: status /www/wwwroot/kmforex.com/Application/Runtime/Cache/Pc/263edaac76f2de40cab8b3d446be49f8.php 第 572 行.
NOTIC: [8] Undefined index: status /www/wwwroot/kmforex.com/Application/Runtime/Cache/Pc/263edaac76f2de40cab8b3d446be49f8.php 第 572 行.
NOTIC: [8] Undefined index: status /www/wwwroot/kmforex.com/Application/Runtime/Cache/Pc/263edaac76f2de40cab8b3d446be49f8.php 第 572 行.
NOTIC: [8] Undefined index: status /www/wwwroot/kmforex.com/Application/Runtime/Cache/Pc/263edaac76f2de40cab8b3d446be49f8.php 第 572 行.
NOTIC: [8] Undefined index: status /www/wwwroot/kmforex.com/Application/Runtime/Cache/Pc/263edaac76f2de40cab8b3d446be49f8.php 第 572 行.
NOTIC: [8] Undefined index: status /www/wwwroot/kmforex.com/Application/Runtime/Cache/Pc/263edaac76f2de40cab8b3d446be49f8.php 第 572 行.
NOTIC: [8] Undefined index: status /www/wwwroot/kmforex.com/Application/Runtime/Cache/Pc/263edaac76f2de40cab8b3d446be49f8.php 第 572 行.
NOTIC: [8] Undefined index: status /www/wwwroot/kmforex.com/Application/Runtime/Cache/Pc/263edaac76f2de40cab8b3d446be49f8.php 第 585 行.
NOTIC: [8] Undefined index: status /www/wwwroot/kmforex.com/Application/Runtime/Cache/Pc/263edaac76f2de40cab8b3d446be49f8.php 第 585 行.
NOTIC: [8] Undefined index: status /www/wwwroot/kmforex.com/Application/Runtime/Cache/Pc/263edaac76f2de40cab8b3d446be49f8.php 第 585 行.
NOTIC: [8] Undefined index: status /www/wwwroot/kmforex.com/Application/Runtime/Cache/Pc/263edaac76f2de40cab8b3d446be49f8.php 第 585 行.
NOTIC: [8] Undefined index: status /www/wwwroot/kmforex.com/Application/Runtime/Cache/Pc/263edaac76f2de40cab8b3d446be49f8.php 第 598 行.
NOTIC: [8] Undefined index: status /www/wwwroot/kmforex.com/Application/Runtime/Cache/Pc/263edaac76f2de40cab8b3d446be49f8.php 第 598 行.
NOTIC: [8] Undefined index: status /www/wwwroot/kmforex.com/Application/Runtime/Cache/Pc/263edaac76f2de40cab8b3d446be49f8.php 第 598 行.
NOTIC: [8] Undefined index: status /www/wwwroot/kmforex.com/Application/Runtime/Cache/Pc/263edaac76f2de40cab8b3d446be49f8.php 第 598 行.
NOTIC: [8] Undefined index: status /www/wwwroot/kmforex.com/Application/Runtime/Cache/Pc/263edaac76f2de40cab8b3d446be49f8.php 第 598 行.
NOTIC: [8] Undefined index: status /www/wwwroot/kmforex.com/Application/Runtime/Cache/Pc/263edaac76f2de40cab8b3d446be49f8.php 第 611 行.
NOTIC: [8] Undefined index: status /www/wwwroot/kmforex.com/Application/Runtime/Cache/Pc/263edaac76f2de40cab8b3d446be49f8.php 第 611 行.
NOTIC: [8] Undefined index: status /www/wwwroot/kmforex.com/Application/Runtime/Cache/Pc/263edaac76f2de40cab8b3d446be49f8.php 第 611 行.
NOTIC: [8] Undefined index: status /www/wwwroot/kmforex.com/Application/Runtime/Cache/Pc/263edaac76f2de40cab8b3d446be49f8.php 第 611 行.
INFO: Run Behavior\ParseTemplate [ RunTime:0.043029s ]
INFO: [ view_parse ] --END-- [ RunTime:0.043086s ]
INFO: [ view_filter ] --START--
INFO: Run Behavior\WriteHtmlCache [ RunTime:0.000140s ]
INFO: [ view_filter ] --END-- [ RunTime:0.000174s ]
INFO: [ app_end ] --START--
INFO: Run Behavior\ShowPageTrace [ RunTime:0.000616s ]
INFO: [ app_end ] --END-- [ RunTime:0.000663s ]

[ 2020-06-25T22:35:58+08:00 ] 47.98.105.115 /
INFO: [ app_begin ] --START--
INFO: Run Behavior\ReadHtmlCache [ RunTime:0.000570s ]
INFO: Run Behavior\CheckLang [ RunTime:0.003528s ]
INFO: [ app_begin ] --END-- [ RunTime:0.005090s ]

[ 2020-06-25T22:35:58+08:00 ] 47.98.105.115 /Pc/Index/index.html
INFO: [ app_begin ] --START--
INFO: Run Behavior\ReadHtmlCache [ RunTime:0.000372s ]
INFO: Run Behavior\CheckLang [ RunTime:0.000773s ]
INFO: [ app_begin ] --END-- [ RunTime:0.001504s ]
NOTIC: [8] Undefined index: user_id /www/wwwroot/kmforex.com/Application/Pc/Controller/CommonController.class.php 第 45 行.
NOTIC: [8192] mysql_connect(): The mysql extension is deprecated and will be removed in the future: use mysqli or PDO instead /www/wwwroot/kmforex.com/ThinkPHP/Library/Think/Db/Driver/Mysql.class.php 第 52 行.
ERR: 1064:You have an error in your SQL syntax; check the manual that corresponds to your MySQL server version for the right syntax to use near 'and is_read = 1 ) LIMIT 1' at line 1
 [ SQL语句 ] : SELECT COUNT(*) AS tp_count FROM `wp_money_flow` WHERE (  YEARWEEK(FROM_UNIXTIME(dateline,'%Y-%m-%d'),1) = YEARWEEK(DATE_FORMAT(now(),'%Y-%m-%d'),1) and uid= and is_read = 1 ) LIMIT 1  
NOTIC: [8] Undefined variable: user /www/wwwroot/kmforex.com/Application/Pc/Controller/CommonController.class.php 第 109 行.
NOTIC: [8] Undefined index: HTTP_REFERER /www/wwwroot/kmforex.com/Application/Pc/Controller/CommonController.class.php 第 124 行.
ERR: 1064:You have an error in your SQL syntax; check the manual that corresponds to your MySQL server version for the right syntax to use near 'a' at line 1
 [ SQL语句 ] : SHOW COLUMNS FROM wp_option a
ERR: 1064:You have an error in your SQL syntax; check the manual that corresponds to your MySQL server version for the right syntax to use near ') and a.global_flag=1 ) ORDER BY b.sort asc LIMIT 0,3' at line 1
 [ SQL语句 ] : SELECT a.id,a.capital_name,a.en_name,a.capital_key,a.pid,a.Price,a.DiffRate,b.capital_length FROM wp_option a left join wp_option_info b on a.id=b.option_id  WHERE ( exists(select b.option_id from wp_user_option c where a.id=c.option_id and c.user_id=) and a.global_flag=1 ) ORDER BY b.sort asc LIMIT 0,3  
ERR: 1064:You have an error in your SQL syntax; check the manual that corresponds to your MySQL server version for the right syntax to use near 'a' at line 1
 [ SQL语句 ] : SHOW COLUMNS FROM wp_userinfo a
INFO: [ view_parse ] --START--
INFO: [ template_filter ] --START--
INFO: Run Behavior\ContentReplace [ RunTime:0.000197s ]
INFO: [ template_filter ] --END-- [ RunTime:0.000261s ]
NOTIC: [8] Undefined variable: info /www/wwwroot/kmforex.com/Application/Runtime/Cache/Pc/294c98e9819a9b31d643d623dee36931.php 第 950 行.
INFO: Run Behavior\ParseTemplate [ RunTime:0.030945s ]
INFO: [ view_parse ] --END-- [ RunTime:0.031006s ]
INFO: [ view_filter ] --START--
INFO: Run Behavior\WriteHtmlCache [ RunTime:0.000505s ]
INFO: [ view_filter ] --END-- [ RunTime:0.000539s ]
INFO: [ app_end ] --START--
INFO: Run Behavior\ShowPageTrace [ RunTime:0.000561s ]
INFO: [ app_end ] --END-- [ RunTime:0.000606s ]

