[ 2020-05-30T01:02:27+08:00 ] 180.163.220.68 /Home/User/index.html
INFO: [ app_begin ] --START--
INFO: Run Behavior\ReadHtmlCache [ RunTime:0.000588s ]
INFO: Run Behavior\CheckLang [ RunTime:0.001128s ]
INFO: [ app_begin ] --END-- [ RunTime:0.002234s ]
NOTIC: [8] Undefined index: user_id /www/wwwroot/kmforex.com/Application/Home/Controller/CommonController.class.php 第 45 行.
NOTIC: [8192] mysql_connect(): The mysql extension is deprecated and will be removed in the future: use mysqli or PDO instead /www/wwwroot/kmforex.com/ThinkPHP/Library/Think/Db/Driver/Mysql.class.php 第 52 行.
ERR: 1064:You have an error in your SQL syntax; check the manual that corresponds to your MySQL server version for the right syntax to use near 'and is_read = 1 ) LIMIT 1' at line 1
 [ SQL语句 ] : SELECT COUNT(*) AS tp_count FROM `wp_money_flow` WHERE (  YEARWEEK(FROM_UNIXTIME(dateline,'%Y-%m-%d'),1) = YEARWEEK(DATE_FORMAT(now(),'%Y-%m-%d'),1) and uid= and is_read = 1 ) LIMIT 1  
NOTIC: [8] Undefined variable: user /www/wwwroot/kmforex.com/Application/Home/Controller/CommonController.class.php 第 97 行.
NOTIC: [8] Undefined index: HTTP_REFERER /www/wwwroot/kmforex.com/Application/Home/Controller/CommonController.class.php 第 112 行.
NOTIC: [8] Undefined index:  /www/wwwroot/kmforex.com/Application/Home/Controller/UserController.class.php 第 29 行.
NOTIC: [8] Undefined index: uid /www/wwwroot/kmforex.com/Application/Home/Controller/UserController.class.php 第 31 行.
INFO: [ view_parse ] --START--
INFO: [ template_filter ] --START--
INFO: Run Behavior\ContentReplace [ RunTime:0.000082s ]
INFO: [ template_filter ] --END-- [ RunTime:0.000140s ]
INFO: Run Behavior\ParseTemplate [ RunTime:0.014293s ]
INFO: [ view_parse ] --END-- [ RunTime:0.014349s ]
INFO: [ view_filter ] --START--
INFO: Run Behavior\WriteHtmlCache [ RunTime:0.000342s ]
INFO: [ view_filter ] --END-- [ RunTime:0.000383s ]
INFO: [ app_end ] --START--
INFO: Run Behavior\ShowPageTrace [ RunTime:0.000584s ]
INFO: [ app_end ] --END-- [ RunTime:0.000629s ]

[ 2020-05-30T01:02:28+08:00 ] 180.163.220.68 /Home/User/index.html
INFO: [ app_begin ] --START--
INFO: Run Behavior\ReadHtmlCache [ RunTime:0.000311s ]
INFO: Run Behavior\CheckLang [ RunTime:0.001308s ]
INFO: [ app_begin ] --END-- [ RunTime:0.001935s ]
NOTIC: [8] Undefined index: user_id /www/wwwroot/kmforex.com/Application/Home/Controller/CommonController.class.php 第 45 行.
NOTIC: [8192] mysql_connect(): The mysql extension is deprecated and will be removed in the future: use mysqli or PDO instead /www/wwwroot/kmforex.com/ThinkPHP/Library/Think/Db/Driver/Mysql.class.php 第 52 行.
ERR: 1064:You have an error in your SQL syntax; check the manual that corresponds to your MySQL server version for the right syntax to use near 'and is_read = 1 ) LIMIT 1' at line 1
 [ SQL语句 ] : SELECT COUNT(*) AS tp_count FROM `wp_money_flow` WHERE (  YEARWEEK(FROM_UNIXTIME(dateline,'%Y-%m-%d'),1) = YEARWEEK(DATE_FORMAT(now(),'%Y-%m-%d'),1) and uid= and is_read = 1 ) LIMIT 1  
NOTIC: [8] Undefined variable: user /www/wwwroot/kmforex.com/Application/Home/Controller/CommonController.class.php 第 97 行.
NOTIC: [8] Undefined index:  /www/wwwroot/kmforex.com/Application/Home/Controller/UserController.class.php 第 29 行.
NOTIC: [8] Undefined index: uid /www/wwwroot/kmforex.com/Application/Home/Controller/UserController.class.php 第 31 行.
INFO: [ view_parse ] --START--
INFO: [ template_filter ] --START--
INFO: Run Behavior\ContentReplace [ RunTime:0.000073s ]
INFO: [ template_filter ] --END-- [ RunTime:0.000123s ]
INFO: Run Behavior\ParseTemplate [ RunTime:0.009206s ]
INFO: [ view_parse ] --END-- [ RunTime:0.009267s ]
INFO: [ view_filter ] --START--
INFO: Run Behavior\WriteHtmlCache [ RunTime:0.000111s ]
INFO: [ view_filter ] --END-- [ RunTime:0.000150s ]
INFO: [ app_end ] --START--
INFO: Run Behavior\ShowPageTrace [ RunTime:0.000357s ]
INFO: [ app_end ] --END-- [ RunTime:0.000400s ]

[ 2020-05-30T01:11:18+08:00 ] 42.236.10.78 /Home/Pay/index.html
INFO: [ app_begin ] --START--
INFO: Run Behavior\ReadHtmlCache [ RunTime:0.000373s ]
INFO: Run Behavior\CheckLang [ RunTime:0.000697s ]
INFO: [ app_begin ] --END-- [ RunTime:0.001353s ]
NOTIC: [8] Undefined index: user_id /www/wwwroot/kmforex.com/Application/Home/Controller/CommonController.class.php 第 45 行.
NOTIC: [8192] mysql_connect(): The mysql extension is deprecated and will be removed in the future: use mysqli or PDO instead /www/wwwroot/kmforex.com/ThinkPHP/Library/Think/Db/Driver/Mysql.class.php 第 52 行.
ERR: 1064:You have an error in your SQL syntax; check the manual that corresponds to your MySQL server version for the right syntax to use near 'and is_read = 1 ) LIMIT 1' at line 1
 [ SQL语句 ] : SELECT COUNT(*) AS tp_count FROM `wp_money_flow` WHERE (  YEARWEEK(FROM_UNIXTIME(dateline,'%Y-%m-%d'),1) = YEARWEEK(DATE_FORMAT(now(),'%Y-%m-%d'),1) and uid= and is_read = 1 ) LIMIT 1  
NOTIC: [8] Undefined variable: user /www/wwwroot/kmforex.com/Application/Home/Controller/CommonController.class.php 第 97 行.
NOTIC: [8] Undefined index: HTTP_REFERER /www/wwwroot/kmforex.com/Application/Home/Controller/CommonController.class.php 第 112 行.

[ 2020-05-30T01:11:21+08:00 ] 42.236.10.78 /Home/Pay/index.html
INFO: [ app_begin ] --START--
INFO: Run Behavior\ReadHtmlCache [ RunTime:0.000316s ]
INFO: Run Behavior\CheckLang [ RunTime:0.000392s ]
INFO: [ app_begin ] --END-- [ RunTime:0.001060s ]
NOTIC: [8] Undefined index: user_id /www/wwwroot/kmforex.com/Application/Home/Controller/CommonController.class.php 第 45 行.
NOTIC: [8192] mysql_connect(): The mysql extension is deprecated and will be removed in the future: use mysqli or PDO instead /www/wwwroot/kmforex.com/ThinkPHP/Library/Think/Db/Driver/Mysql.class.php 第 52 行.
ERR: 1064:You have an error in your SQL syntax; check the manual that corresponds to your MySQL server version for the right syntax to use near 'and is_read = 1 ) LIMIT 1' at line 1
 [ SQL语句 ] : SELECT COUNT(*) AS tp_count FROM `wp_money_flow` WHERE (  YEARWEEK(FROM_UNIXTIME(dateline,'%Y-%m-%d'),1) = YEARWEEK(DATE_FORMAT(now(),'%Y-%m-%d'),1) and uid= and is_read = 1 ) LIMIT 1  
NOTIC: [8] Undefined variable: user /www/wwwroot/kmforex.com/Application/Home/Controller/CommonController.class.php 第 97 行.

[ 2020-05-30T01:11:32+08:00 ] 42.236.10.84 /Home/Recharge/index.html
INFO: [ app_begin ] --START--
INFO: Run Behavior\ReadHtmlCache [ RunTime:0.000352s ]
INFO: Run Behavior\CheckLang [ RunTime:0.000783s ]
INFO: [ app_begin ] --END-- [ RunTime:0.001448s ]
NOTIC: [8] Undefined index: user_id /www/wwwroot/kmforex.com/Application/Home/Controller/CommonController.class.php 第 45 行.
NOTIC: [8192] mysql_connect(): The mysql extension is deprecated and will be removed in the future: use mysqli or PDO instead /www/wwwroot/kmforex.com/ThinkPHP/Library/Think/Db/Driver/Mysql.class.php 第 52 行.
ERR: 1064:You have an error in your SQL syntax; check the manual that corresponds to your MySQL server version for the right syntax to use near 'and is_read = 1 ) LIMIT 1' at line 1
 [ SQL语句 ] : SELECT COUNT(*) AS tp_count FROM `wp_money_flow` WHERE (  YEARWEEK(FROM_UNIXTIME(dateline,'%Y-%m-%d'),1) = YEARWEEK(DATE_FORMAT(now(),'%Y-%m-%d'),1) and uid= and is_read = 1 ) LIMIT 1  
NOTIC: [8] Undefined variable: user /www/wwwroot/kmforex.com/Application/Home/Controller/CommonController.class.php 第 97 行.
NOTIC: [8] Undefined index: HTTP_REFERER /www/wwwroot/kmforex.com/Application/Home/Controller/CommonController.class.php 第 112 行.

[ 2020-05-30T01:11:32+08:00 ] 42.236.10.84 /Home/Recharge/index.html
INFO: [ app_begin ] --START--
INFO: Run Behavior\ReadHtmlCache [ RunTime:0.000308s ]
INFO: Run Behavior\CheckLang [ RunTime:0.000866s ]
INFO: [ app_begin ] --END-- [ RunTime:0.001448s ]
NOTIC: [8] Undefined index: user_id /www/wwwroot/kmforex.com/Application/Home/Controller/CommonController.class.php 第 45 行.
NOTIC: [8192] mysql_connect(): The mysql extension is deprecated and will be removed in the future: use mysqli or PDO instead /www/wwwroot/kmforex.com/ThinkPHP/Library/Think/Db/Driver/Mysql.class.php 第 52 行.
ERR: 1064:You have an error in your SQL syntax; check the manual that corresponds to your MySQL server version for the right syntax to use near 'and is_read = 1 ) LIMIT 1' at line 1
 [ SQL语句 ] : SELECT COUNT(*) AS tp_count FROM `wp_money_flow` WHERE (  YEARWEEK(FROM_UNIXTIME(dateline,'%Y-%m-%d'),1) = YEARWEEK(DATE_FORMAT(now(),'%Y-%m-%d'),1) and uid= and is_read = 1 ) LIMIT 1  
NOTIC: [8] Undefined variable: user /www/wwwroot/kmforex.com/Application/Home/Controller/CommonController.class.php 第 97 行.

[ 2020-05-30T01:11:32+08:00 ] 42.236.10.84 /Home/Login/login.html
INFO: [ app_begin ] --START--
INFO: Run Behavior\ReadHtmlCache [ RunTime:0.000353s ]
INFO: Run Behavior\CheckLang [ RunTime:0.003270s ]
INFO: [ app_begin ] --END-- [ RunTime:0.003922s ]
INFO: [ view_parse ] --START--
INFO: [ template_filter ] --START--
INFO: Run Behavior\ContentReplace [ RunTime:0.000078s ]
INFO: [ template_filter ] --END-- [ RunTime:0.000123s ]
INFO: Run Behavior\ParseTemplate [ RunTime:0.006166s ]
INFO: [ view_parse ] --END-- [ RunTime:0.006217s ]
INFO: [ view_filter ] --START--
INFO: Run Behavior\WriteHtmlCache [ RunTime:0.000111s ]
INFO: [ view_filter ] --END-- [ RunTime:0.000145s ]
INFO: [ app_end ] --START--
INFO: Run Behavior\ShowPageTrace [ RunTime:0.000379s ]
INFO: [ app_end ] --END-- [ RunTime:0.000424s ]

[ 2020-05-30T01:11:35+08:00 ] 42.236.10.84 /
INFO: [ app_begin ] --START--
INFO: Run Behavior\ReadHtmlCache [ RunTime:0.000309s ]
INFO: Run Behavior\CheckLang [ RunTime:0.000790s ]
INFO: [ app_begin ] --END-- [ RunTime:0.001375s ]
NOTIC: [8] Undefined index: user_id /www/wwwroot/kmforex.com/Application/Home/Controller/CommonController.class.php 第 45 行.
NOTIC: [8192] mysql_connect(): The mysql extension is deprecated and will be removed in the future: use mysqli or PDO instead /www/wwwroot/kmforex.com/ThinkPHP/Library/Think/Db/Driver/Mysql.class.php 第 52 行.
ERR: 1064:You have an error in your SQL syntax; check the manual that corresponds to your MySQL server version for the right syntax to use near 'and is_read = 1 ) LIMIT 1' at line 1
 [ SQL语句 ] : SELECT COUNT(*) AS tp_count FROM `wp_money_flow` WHERE (  YEARWEEK(FROM_UNIXTIME(dateline,'%Y-%m-%d'),1) = YEARWEEK(DATE_FORMAT(now(),'%Y-%m-%d'),1) and uid= and is_read = 1 ) LIMIT 1  
NOTIC: [8] Undefined variable: user /www/wwwroot/kmforex.com/Application/Home/Controller/CommonController.class.php 第 97 行.
NOTIC: [8] Undefined index: HTTP_REFERER /www/wwwroot/kmforex.com/Application/Home/Controller/CommonController.class.php 第 112 行.
ERR: 1064:You have an error in your SQL syntax; check the manual that corresponds to your MySQL server version for the right syntax to use near 'a' at line 1
 [ SQL语句 ] : SHOW COLUMNS FROM wp_option a
ERR: 1064:You have an error in your SQL syntax; check the manual that corresponds to your MySQL server version for the right syntax to use near ') and a.global_flag=1 ) ORDER BY b.sort asc LIMIT 0,3' at line 1
 [ SQL语句 ] : SELECT a.id,a.capital_name,a.en_name,a.capital_key,a.pid,a.Price,a.DiffRate,b.capital_length FROM wp_option a left join wp_option_info b on a.id=b.option_id  WHERE ( exists(select b.option_id from wp_user_option c where a.id=c.option_id and c.user_id=) and a.global_flag=1 ) ORDER BY b.sort asc LIMIT 0,3  
ERR: 1064:You have an error in your SQL syntax; check the manual that corresponds to your MySQL server version for the right syntax to use near 'a' at line 1
 [ SQL语句 ] : SHOW COLUMNS FROM wp_userinfo a
INFO: [ view_parse ] --START--
INFO: [ template_filter ] --START--
INFO: Run Behavior\ContentReplace [ RunTime:0.000104s ]
INFO: [ template_filter ] --END-- [ RunTime:0.000153s ]
NOTIC: [8] Undefined variable: info /www/wwwroot/kmforex.com/Application/Runtime/Cache/Home/63efecedbc841600f0dc8a3f2f4786f2.php 第 419 行.
INFO: Run Behavior\ParseTemplate [ RunTime:0.015134s ]
INFO: [ view_parse ] --END-- [ RunTime:0.015177s ]
INFO: [ view_filter ] --START--
INFO: Run Behavior\WriteHtmlCache [ RunTime:0.000121s ]
INFO: [ view_filter ] --END-- [ RunTime:0.000154s ]
INFO: [ app_end ] --START--
INFO: Run Behavior\ShowPageTrace [ RunTime:0.000350s ]
INFO: [ app_end ] --END-- [ RunTime:0.000394s ]

[ 2020-05-30T01:11:36+08:00 ] 42.236.10.84 /
INFO: [ app_begin ] --START--
INFO: Run Behavior\ReadHtmlCache [ RunTime:0.000339s ]
INFO: Run Behavior\CheckLang [ RunTime:0.000972s ]
INFO: [ app_begin ] --END-- [ RunTime:0.001585s ]
NOTIC: [8] Undefined index: user_id /www/wwwroot/kmforex.com/Application/Home/Controller/CommonController.class.php 第 45 行.
NOTIC: [8192] mysql_connect(): The mysql extension is deprecated and will be removed in the future: use mysqli or PDO instead /www/wwwroot/kmforex.com/ThinkPHP/Library/Think/Db/Driver/Mysql.class.php 第 52 行.
ERR: 1064:You have an error in your SQL syntax; check the manual that corresponds to your MySQL server version for the right syntax to use near 'and is_read = 1 ) LIMIT 1' at line 1
 [ SQL语句 ] : SELECT COUNT(*) AS tp_count FROM `wp_money_flow` WHERE (  YEARWEEK(FROM_UNIXTIME(dateline,'%Y-%m-%d'),1) = YEARWEEK(DATE_FORMAT(now(),'%Y-%m-%d'),1) and uid= and is_read = 1 ) LIMIT 1  
NOTIC: [8] Undefined variable: user /www/wwwroot/kmforex.com/Application/Home/Controller/CommonController.class.php 第 97 行.
ERR: 1064:You have an error in your SQL syntax; check the manual that corresponds to your MySQL server version for the right syntax to use near 'a' at line 1
 [ SQL语句 ] : SHOW COLUMNS FROM wp_option a
ERR: 1064:You have an error in your SQL syntax; check the manual that corresponds to your MySQL server version for the right syntax to use near ') and a.global_flag=1 ) ORDER BY b.sort asc LIMIT 0,3' at line 1
 [ SQL语句 ] : SELECT a.id,a.capital_name,a.en_name,a.capital_key,a.pid,a.Price,a.DiffRate,b.capital_length FROM wp_option a left join wp_option_info b on a.id=b.option_id  WHERE ( exists(select b.option_id from wp_user_option c where a.id=c.option_id and c.user_id=) and a.global_flag=1 ) ORDER BY b.sort asc LIMIT 0,3  
ERR: 1064:You have an error in your SQL syntax; check the manual that corresponds to your MySQL server version for the right syntax to use near 'a' at line 1
 [ SQL语句 ] : SHOW COLUMNS FROM wp_userinfo a
INFO: [ view_parse ] --START--
INFO: [ template_filter ] --START--
INFO: Run Behavior\ContentReplace [ RunTime:0.000103s ]
INFO: [ template_filter ] --END-- [ RunTime:0.000150s ]
NOTIC: [8] Undefined variable: info /www/wwwroot/kmforex.com/Application/Runtime/Cache/Home/63efecedbc841600f0dc8a3f2f4786f2.php 第 419 行.
INFO: Run Behavior\ParseTemplate [ RunTime:0.015972s ]
INFO: [ view_parse ] --END-- [ RunTime:0.016017s ]
INFO: [ view_filter ] --START--
INFO: Run Behavior\WriteHtmlCache [ RunTime:0.000123s ]
INFO: [ view_filter ] --END-- [ RunTime:0.000156s ]
INFO: [ app_end ] --START--
INFO: Run Behavior\ShowPageTrace [ RunTime:0.000355s ]
INFO: [ app_end ] --END-- [ RunTime:0.000448s ]

[ 2020-05-30T01:12:57+08:00 ] 180.163.220.68 /login
INFO: [ app_begin ] --START--
INFO: Run Behavior\ReadHtmlCache [ RunTime:0.000343s ]
INFO: Run Behavior\CheckLang [ RunTime:0.000506s ]
INFO: [ app_begin ] --END-- [ RunTime:0.001130s ]
NOTIC: [8] Undefined index: cuid /www/wwwroot/kmforex.com/Application/Admin/Controller/BaseController.class.php 第 12 行.
INFO: [ view_parse ] --START--
INFO: [ template_filter ] --START--
INFO: Run Behavior\ContentReplace [ RunTime:0.000051s ]
INFO: [ template_filter ] --END-- [ RunTime:0.000094s ]
INFO: Run Behavior\ParseTemplate [ RunTime:0.009095s ]
INFO: [ view_parse ] --END-- [ RunTime:0.009138s ]
INFO: [ view_filter ] --START--
INFO: Run Behavior\WriteHtmlCache [ RunTime:0.000108s ]
INFO: [ view_filter ] --END-- [ RunTime:0.000140s ]
INFO: [ app_end ] --START--
INFO: Run Behavior\ShowPageTrace [ RunTime:0.000332s ]
INFO: [ app_end ] --END-- [ RunTime:0.000367s ]

[ 2020-05-30T01:12:58+08:00 ] 180.163.220.67 /login
INFO: [ app_begin ] --START--
INFO: Run Behavior\ReadHtmlCache [ RunTime:0.000349s ]
INFO: Run Behavior\CheckLang [ RunTime:0.000339s ]
INFO: [ app_begin ] --END-- [ RunTime:0.001053s ]
NOTIC: [8] Undefined index: cuid /www/wwwroot/kmforex.com/Application/Admin/Controller/BaseController.class.php 第 12 行.
INFO: [ view_parse ] --START--
INFO: [ template_filter ] --START--
INFO: Run Behavior\ContentReplace [ RunTime:0.000053s ]
INFO: [ template_filter ] --END-- [ RunTime:0.000107s ]
INFO: Run Behavior\ParseTemplate [ RunTime:0.011151s ]
INFO: [ view_parse ] --END-- [ RunTime:0.011203s ]
INFO: [ view_filter ] --START--
INFO: Run Behavior\WriteHtmlCache [ RunTime:0.000109s ]
INFO: [ view_filter ] --END-- [ RunTime:0.000141s ]
INFO: [ app_end ] --START--
INFO: Run Behavior\ShowPageTrace [ RunTime:0.000345s ]
INFO: [ app_end ] --END-- [ RunTime:0.000384s ]

[ 2020-05-30T01:13:31+08:00 ] 180.163.220.68 /Home/Lang/index.html
INFO: [ app_begin ] --START--
INFO: Run Behavior\ReadHtmlCache [ RunTime:0.000358s ]
INFO: Run Behavior\CheckLang [ RunTime:0.000780s ]
INFO: [ app_begin ] --END-- [ RunTime:0.001424s ]
NOTIC: [8] Undefined index: user_id /www/wwwroot/kmforex.com/Application/Home/Controller/CommonController.class.php 第 45 行.
NOTIC: [8192] mysql_connect(): The mysql extension is deprecated and will be removed in the future: use mysqli or PDO instead /www/wwwroot/kmforex.com/ThinkPHP/Library/Think/Db/Driver/Mysql.class.php 第 52 行.
ERR: 1064:You have an error in your SQL syntax; check the manual that corresponds to your MySQL server version for the right syntax to use near 'and is_read = 1 ) LIMIT 1' at line 1
 [ SQL语句 ] : SELECT COUNT(*) AS tp_count FROM `wp_money_flow` WHERE (  YEARWEEK(FROM_UNIXTIME(dateline,'%Y-%m-%d'),1) = YEARWEEK(DATE_FORMAT(now(),'%Y-%m-%d'),1) and uid= and is_read = 1 ) LIMIT 1  
NOTIC: [8] Undefined variable: user /www/wwwroot/kmforex.com/Application/Home/Controller/CommonController.class.php 第 97 行.
NOTIC: [8] Undefined index: HTTP_REFERER /www/wwwroot/kmforex.com/Application/Home/Controller/CommonController.class.php 第 112 行.
INFO: [ view_parse ] --START--
INFO: [ template_filter ] --START--
INFO: Run Behavior\ContentReplace [ RunTime:0.000042s ]
INFO: [ template_filter ] --END-- [ RunTime:0.000086s ]
NOTIC: [8] Use of undefined constant lang - assumed 'lang' /www/wwwroot/kmforex.com/Application/Runtime/Cache/Home/b1f1bef4f0e3b33f47c813f173785ac7.php 第 261 行.
NOTIC: [8] Use of undefined constant lang - assumed 'lang' /www/wwwroot/kmforex.com/Application/Runtime/Cache/Home/b1f1bef4f0e3b33f47c813f173785ac7.php 第 271 行.
NOTIC: [8] Use of undefined constant lang - assumed 'lang' /www/wwwroot/kmforex.com/Application/Runtime/Cache/Home/b1f1bef4f0e3b33f47c813f173785ac7.php 第 281 行.
INFO: Run Behavior\ParseTemplate [ RunTime:0.005882s ]
INFO: [ view_parse ] --END-- [ RunTime:0.005934s ]
INFO: [ view_filter ] --START--
INFO: Run Behavior\WriteHtmlCache [ RunTime:0.000107s ]
INFO: [ view_filter ] --END-- [ RunTime:0.000139s ]
INFO: [ app_end ] --START--
INFO: Run Behavior\ShowPageTrace [ RunTime:0.000334s ]
INFO: [ app_end ] --END-- [ RunTime:0.000374s ]

[ 2020-05-30T01:13:34+08:00 ] 180.163.220.68 /Home/Lang/index.html
INFO: [ app_begin ] --START--
INFO: Run Behavior\ReadHtmlCache [ RunTime:0.000316s ]
INFO: Run Behavior\CheckLang [ RunTime:0.000390s ]
INFO: [ app_begin ] --END-- [ RunTime:0.001023s ]
NOTIC: [8] Undefined index: user_id /www/wwwroot/kmforex.com/Application/Home/Controller/CommonController.class.php 第 45 行.
NOTIC: [8192] mysql_connect(): The mysql extension is deprecated and will be removed in the future: use mysqli or PDO instead /www/wwwroot/kmforex.com/ThinkPHP/Library/Think/Db/Driver/Mysql.class.php 第 52 行.
ERR: 1064:You have an error in your SQL syntax; check the manual that corresponds to your MySQL server version for the right syntax to use near 'and is_read = 1 ) LIMIT 1' at line 1
 [ SQL语句 ] : SELECT COUNT(*) AS tp_count FROM `wp_money_flow` WHERE (  YEARWEEK(FROM_UNIXTIME(dateline,'%Y-%m-%d'),1) = YEARWEEK(DATE_FORMAT(now(),'%Y-%m-%d'),1) and uid= and is_read = 1 ) LIMIT 1  
NOTIC: [8] Undefined variable: user /www/wwwroot/kmforex.com/Application/Home/Controller/CommonController.class.php 第 97 行.
INFO: [ view_parse ] --START--
INFO: [ template_filter ] --START--
INFO: Run Behavior\ContentReplace [ RunTime:0.000036s ]
INFO: [ template_filter ] --END-- [ RunTime:0.000075s ]
NOTIC: [8] Use of undefined constant lang - assumed 'lang' /www/wwwroot/kmforex.com/Application/Runtime/Cache/Home/b1f1bef4f0e3b33f47c813f173785ac7.php 第 261 行.
NOTIC: [8] Use of undefined constant lang - assumed 'lang' /www/wwwroot/kmforex.com/Application/Runtime/Cache/Home/b1f1bef4f0e3b33f47c813f173785ac7.php 第 271 行.
NOTIC: [8] Use of undefined constant lang - assumed 'lang' /www/wwwroot/kmforex.com/Application/Runtime/Cache/Home/b1f1bef4f0e3b33f47c813f173785ac7.php 第 281 行.
INFO: Run Behavior\ParseTemplate [ RunTime:0.005074s ]
INFO: [ view_parse ] --END-- [ RunTime:0.005110s ]
INFO: [ view_filter ] --START--
INFO: Run Behavior\WriteHtmlCache [ RunTime:0.000105s ]
INFO: [ view_filter ] --END-- [ RunTime:0.000161s ]
INFO: [ app_end ] --START--
INFO: Run Behavior\ShowPageTrace [ RunTime:0.000337s ]
INFO: [ app_end ] --END-- [ RunTime:0.000376s ]

[ 2020-05-30T05:58:17+08:00 ] 47.101.199.159 /
INFO: [ app_begin ] --START--
INFO: Run Behavior\ReadHtmlCache [ RunTime:0.000576s ]
INFO: Run Behavior\CheckLang [ RunTime:0.001959s ]
INFO: [ app_begin ] --END-- [ RunTime:0.003085s ]

[ 2020-05-30T05:58:17+08:00 ] 47.101.199.159 /Pc/Index/index.html
INFO: [ app_begin ] --START--
INFO: Run Behavior\ReadHtmlCache [ RunTime:0.000676s ]
INFO: Run Behavior\CheckLang [ RunTime:0.003969s ]
INFO: [ app_begin ] --END-- [ RunTime:0.005011s ]
NOTIC: [8] Undefined index: user_id /www/wwwroot/kmforex.com/Application/Pc/Controller/CommonController.class.php 第 45 行.
NOTIC: [8192] mysql_connect(): The mysql extension is deprecated and will be removed in the future: use mysqli or PDO instead /www/wwwroot/kmforex.com/ThinkPHP/Library/Think/Db/Driver/Mysql.class.php 第 52 行.
ERR: 1064:You have an error in your SQL syntax; check the manual that corresponds to your MySQL server version for the right syntax to use near 'and is_read = 1 ) LIMIT 1' at line 1
 [ SQL语句 ] : SELECT COUNT(*) AS tp_count FROM `wp_money_flow` WHERE (  YEARWEEK(FROM_UNIXTIME(dateline,'%Y-%m-%d'),1) = YEARWEEK(DATE_FORMAT(now(),'%Y-%m-%d'),1) and uid= and is_read = 1 ) LIMIT 1  
NOTIC: [8] Undefined variable: user /www/wwwroot/kmforex.com/Application/Pc/Controller/CommonController.class.php 第 109 行.
NOTIC: [8] Undefined index: HTTP_REFERER /www/wwwroot/kmforex.com/Application/Pc/Controller/CommonController.class.php 第 124 行.
ERR: 1064:You have an error in your SQL syntax; check the manual that corresponds to your MySQL server version for the right syntax to use near 'a' at line 1
 [ SQL语句 ] : SHOW COLUMNS FROM wp_option a
ERR: 1064:You have an error in your SQL syntax; check the manual that corresponds to your MySQL server version for the right syntax to use near ') and a.global_flag=1 ) ORDER BY b.sort asc LIMIT 0,3' at line 1
 [ SQL语句 ] : SELECT a.id,a.capital_name,a.en_name,a.capital_key,a.pid,a.Price,a.DiffRate,b.capital_length FROM wp_option a left join wp_option_info b on a.id=b.option_id  WHERE ( exists(select b.option_id from wp_user_option c where a.id=c.option_id and c.user_id=) and a.global_flag=1 ) ORDER BY b.sort asc LIMIT 0,3  
ERR: 1064:You have an error in your SQL syntax; check the manual that corresponds to your MySQL server version for the right syntax to use near 'a' at line 1
 [ SQL语句 ] : SHOW COLUMNS FROM wp_userinfo a
INFO: [ view_parse ] --START--
INFO: [ template_filter ] --START--
INFO: Run Behavior\ContentReplace [ RunTime:0.000186s ]
INFO: [ template_filter ] --END-- [ RunTime:0.000247s ]
NOTIC: [8] Undefined variable: info /www/wwwroot/kmforex.com/Application/Runtime/Cache/Pc/294c98e9819a9b31d643d623dee36931.php 第 950 行.
INFO: Run Behavior\ParseTemplate [ RunTime:0.272866s ]
INFO: [ view_parse ] --END-- [ RunTime:0.272924s ]
INFO: [ view_filter ] --START--
INFO: Run Behavior\WriteHtmlCache [ RunTime:0.000383s ]
INFO: [ view_filter ] --END-- [ RunTime:0.000418s ]
INFO: [ app_end ] --START--
INFO: Run Behavior\ShowPageTrace [ RunTime:0.000575s ]
INFO: [ app_end ] --END-- [ RunTime:0.000621s ]

