[ 2020-10-11T10:43:25+08:00 ] 61.151.206.16 /
INFO: [ app_begin ] --START--
INFO: Run Behavior\ReadHtmlCache [ RunTime:0.001799s ]
INFO: Run Behavior\CheckLang [ RunTime:0.005565s ]
INFO: [ app_begin ] --END-- [ RunTime:0.009014s ]
NOTIC: [8] Undefined index: user_id /www/wwwroot/kmforex.com/Application/Home/Controller/CommonController.class.php 第 45 行.
NOTIC: [8192] mysql_connect(): The mysql extension is deprecated and will be removed in the future: use mysqli or PDO instead /www/wwwroot/kmforex.com/ThinkPHP/Library/Think/Db/Driver/Mysql.class.php 第 52 行.
ERR: 1064:You have an error in your SQL syntax; check the manual that corresponds to your MySQL server version for the right syntax to use near 'and is_read = 1 ) LIMIT 1' at line 1
 [ SQL语句 ] : SELECT COUNT(*) AS tp_count FROM `wp_money_flow` WHERE (  YEARWEEK(FROM_UNIXTIME(dateline,'%Y-%m-%d'),1) = YEARWEEK(DATE_FORMAT(now(),'%Y-%m-%d'),1) and uid= and is_read = 1 ) LIMIT 1  
NOTIC: [8] Undefined variable: user /www/wwwroot/kmforex.com/Application/Home/Controller/CommonController.class.php 第 97 行.
NOTIC: [8] Undefined index: HTTP_REFERER /www/wwwroot/kmforex.com/Application/Home/Controller/CommonController.class.php 第 112 行.
ERR: 1064:You have an error in your SQL syntax; check the manual that corresponds to your MySQL server version for the right syntax to use near 'a' at line 1
 [ SQL语句 ] : SHOW COLUMNS FROM wp_option a
ERR: 1064:You have an error in your SQL syntax; check the manual that corresponds to your MySQL server version for the right syntax to use near ') and a.global_flag=1 ) ORDER BY b.sort asc LIMIT 0,3' at line 1
 [ SQL语句 ] : SELECT a.id,a.capital_name,a.en_name,a.capital_key,a.pid,a.Price,a.DiffRate,b.capital_length FROM wp_option a left join wp_option_info b on a.id=b.option_id  WHERE ( exists(select b.option_id from wp_user_option c where a.id=c.option_id and c.user_id=) and a.global_flag=1 ) ORDER BY b.sort asc LIMIT 0,3  
ERR: 1064:You have an error in your SQL syntax; check the manual that corresponds to your MySQL server version for the right syntax to use near 'a' at line 1
 [ SQL语句 ] : SHOW COLUMNS FROM wp_userinfo a
INFO: [ view_parse ] --START--
INFO: [ template_filter ] --START--
INFO: Run Behavior\ContentReplace [ RunTime:0.000113s ]
INFO: [ template_filter ] --END-- [ RunTime:0.000175s ]
NOTIC: [8] Undefined variable: info /www/wwwroot/kmforex.com/Application/Runtime/Cache/Home/63efecedbc841600f0dc8a3f2f4786f2.php 第 419 行.
INFO: Run Behavior\ParseTemplate [ RunTime:0.098159s ]
INFO: [ view_parse ] --END-- [ RunTime:0.098220s ]
INFO: [ view_filter ] --START--
INFO: Run Behavior\WriteHtmlCache [ RunTime:0.001907s ]
INFO: [ view_filter ] --END-- [ RunTime:0.001950s ]
INFO: [ app_end ] --START--
INFO: Run Behavior\ShowPageTrace [ RunTime:0.001808s ]
INFO: [ app_end ] --END-- [ RunTime:0.001856s ]

[ 2020-10-11T12:06:25+08:00 ] 106.15.180.251 /
INFO: [ app_begin ] --START--
INFO: Run Behavior\ReadHtmlCache [ RunTime:0.001769s ]
INFO: Run Behavior\CheckLang [ RunTime:0.004800s ]
INFO: [ app_begin ] --END-- [ RunTime:0.008233s ]

[ 2020-10-11T12:06:26+08:00 ] 106.15.180.251 /Pc/Index/index.html
INFO: [ app_begin ] --START--
INFO: Run Behavior\ReadHtmlCache [ RunTime:0.000392s ]
INFO: Run Behavior\CheckLang [ RunTime:0.001886s ]
INFO: [ app_begin ] --END-- [ RunTime:0.002686s ]
NOTIC: [8] Undefined index: user_id /www/wwwroot/kmforex.com/Application/Pc/Controller/CommonController.class.php 第 45 行.
NOTIC: [8192] mysql_connect(): The mysql extension is deprecated and will be removed in the future: use mysqli or PDO instead /www/wwwroot/kmforex.com/ThinkPHP/Library/Think/Db/Driver/Mysql.class.php 第 52 行.
ERR: 1064:You have an error in your SQL syntax; check the manual that corresponds to your MySQL server version for the right syntax to use near 'and is_read = 1 ) LIMIT 1' at line 1
 [ SQL语句 ] : SELECT COUNT(*) AS tp_count FROM `wp_money_flow` WHERE (  YEARWEEK(FROM_UNIXTIME(dateline,'%Y-%m-%d'),1) = YEARWEEK(DATE_FORMAT(now(),'%Y-%m-%d'),1) and uid= and is_read = 1 ) LIMIT 1  
NOTIC: [8] Undefined variable: user /www/wwwroot/kmforex.com/Application/Pc/Controller/CommonController.class.php 第 109 行.
NOTIC: [8] Undefined index: HTTP_REFERER /www/wwwroot/kmforex.com/Application/Pc/Controller/CommonController.class.php 第 124 行.
ERR: 1064:You have an error in your SQL syntax; check the manual that corresponds to your MySQL server version for the right syntax to use near 'a' at line 1
 [ SQL语句 ] : SHOW COLUMNS FROM wp_option a
ERR: 1064:You have an error in your SQL syntax; check the manual that corresponds to your MySQL server version for the right syntax to use near ') and a.global_flag=1 ) ORDER BY b.sort asc LIMIT 0,3' at line 1
 [ SQL语句 ] : SELECT a.id,a.capital_name,a.en_name,a.capital_key,a.pid,a.Price,a.DiffRate,b.capital_length FROM wp_option a left join wp_option_info b on a.id=b.option_id  WHERE ( exists(select b.option_id from wp_user_option c where a.id=c.option_id and c.user_id=) and a.global_flag=1 ) ORDER BY b.sort asc LIMIT 0,3  
ERR: 1064:You have an error in your SQL syntax; check the manual that corresponds to your MySQL server version for the right syntax to use near 'a' at line 1
 [ SQL语句 ] : SHOW COLUMNS FROM wp_userinfo a
INFO: [ view_parse ] --START--
INFO: [ template_filter ] --START--
INFO: Run Behavior\ContentReplace [ RunTime:0.000196s ]
INFO: [ template_filter ] --END-- [ RunTime:0.000256s ]
NOTIC: [8] Undefined variable: info /www/wwwroot/kmforex.com/Application/Runtime/Cache/Pc/294c98e9819a9b31d643d623dee36931.php 第 950 行.
INFO: Run Behavior\ParseTemplate [ RunTime:0.114374s ]
INFO: [ view_parse ] --END-- [ RunTime:0.114428s ]
INFO: [ view_filter ] --START--
INFO: Run Behavior\WriteHtmlCache [ RunTime:0.001680s ]
INFO: [ view_filter ] --END-- [ RunTime:0.001729s ]
INFO: [ app_end ] --START--
INFO: Run Behavior\ShowPageTrace [ RunTime:0.002085s ]
INFO: [ app_end ] --END-- [ RunTime:0.002132s ]

[ 2020-10-11T13:02:27+08:00 ] 114.242.250.238 /
INFO: [ app_begin ] --START--
INFO: Run Behavior\ReadHtmlCache [ RunTime:0.000382s ]
INFO: Run Behavior\CheckLang [ RunTime:0.005440s ]
INFO: [ app_begin ] --END-- [ RunTime:0.006123s ]
NOTIC: [8] Undefined index: user_id /www/wwwroot/kmforex.com/Application/Home/Controller/CommonController.class.php 第 45 行.
NOTIC: [8192] mysql_connect(): The mysql extension is deprecated and will be removed in the future: use mysqli or PDO instead /www/wwwroot/kmforex.com/ThinkPHP/Library/Think/Db/Driver/Mysql.class.php 第 52 行.
ERR: 1064:You have an error in your SQL syntax; check the manual that corresponds to your MySQL server version for the right syntax to use near 'and is_read = 1 ) LIMIT 1' at line 1
 [ SQL语句 ] : SELECT COUNT(*) AS tp_count FROM `wp_money_flow` WHERE (  YEARWEEK(FROM_UNIXTIME(dateline,'%Y-%m-%d'),1) = YEARWEEK(DATE_FORMAT(now(),'%Y-%m-%d'),1) and uid= and is_read = 1 ) LIMIT 1  
NOTIC: [8] Undefined variable: user /www/wwwroot/kmforex.com/Application/Home/Controller/CommonController.class.php 第 97 行.
NOTIC: [8] Undefined index: HTTP_REFERER /www/wwwroot/kmforex.com/Application/Home/Controller/CommonController.class.php 第 112 行.
ERR: 1064:You have an error in your SQL syntax; check the manual that corresponds to your MySQL server version for the right syntax to use near 'a' at line 1
 [ SQL语句 ] : SHOW COLUMNS FROM wp_option a
ERR: 1064:You have an error in your SQL syntax; check the manual that corresponds to your MySQL server version for the right syntax to use near ') and a.global_flag=1 ) ORDER BY b.sort asc LIMIT 0,3' at line 1
 [ SQL语句 ] : SELECT a.id,a.capital_name,a.en_name,a.capital_key,a.pid,a.Price,a.DiffRate,b.capital_length FROM wp_option a left join wp_option_info b on a.id=b.option_id  WHERE ( exists(select b.option_id from wp_user_option c where a.id=c.option_id and c.user_id=) and a.global_flag=1 ) ORDER BY b.sort asc LIMIT 0,3  
ERR: 1064:You have an error in your SQL syntax; check the manual that corresponds to your MySQL server version for the right syntax to use near 'a' at line 1
 [ SQL语句 ] : SHOW COLUMNS FROM wp_userinfo a
INFO: [ view_parse ] --START--
INFO: [ template_filter ] --START--
INFO: Run Behavior\ContentReplace [ RunTime:0.000107s ]
INFO: [ template_filter ] --END-- [ RunTime:0.000180s ]
NOTIC: [8] Undefined variable: info /www/wwwroot/kmforex.com/Application/Runtime/Cache/Home/63efecedbc841600f0dc8a3f2f4786f2.php 第 419 行.
INFO: Run Behavior\ParseTemplate [ RunTime:0.092964s ]
INFO: [ view_parse ] --END-- [ RunTime:0.093016s ]
INFO: [ view_filter ] --START--
INFO: Run Behavior\WriteHtmlCache [ RunTime:0.000165s ]
INFO: [ view_filter ] --END-- [ RunTime:0.000203s ]

[ 2020-10-11T13:02:30+08:00 ] 114.242.250.238 /
INFO: [ app_begin ] --START--
INFO: Run Behavior\ReadHtmlCache [ RunTime:0.000359s ]
INFO: Run Behavior\CheckLang [ RunTime:0.000702s ]
INFO: [ app_begin ] --END-- [ RunTime:0.004406s ]
NOTIC: [8] Undefined index: user_id /www/wwwroot/kmforex.com/Application/Home/Controller/CommonController.class.php 第 45 行.
NOTIC: [8192] mysql_connect(): The mysql extension is deprecated and will be removed in the future: use mysqli or PDO instead /www/wwwroot/kmforex.com/ThinkPHP/Library/Think/Db/Driver/Mysql.class.php 第 52 行.
ERR: 1064:You have an error in your SQL syntax; check the manual that corresponds to your MySQL server version for the right syntax to use near 'and is_read = 1 ) LIMIT 1' at line 1
 [ SQL语句 ] : SELECT COUNT(*) AS tp_count FROM `wp_money_flow` WHERE (  YEARWEEK(FROM_UNIXTIME(dateline,'%Y-%m-%d'),1) = YEARWEEK(DATE_FORMAT(now(),'%Y-%m-%d'),1) and uid= and is_read = 1 ) LIMIT 1  
NOTIC: [8] Undefined variable: user /www/wwwroot/kmforex.com/Application/Home/Controller/CommonController.class.php 第 97 行.
NOTIC: [8] Undefined index: HTTP_REFERER /www/wwwroot/kmforex.com/Application/Home/Controller/CommonController.class.php 第 112 行.
ERR: 1064:You have an error in your SQL syntax; check the manual that corresponds to your MySQL server version for the right syntax to use near 'a' at line 1
 [ SQL语句 ] : SHOW COLUMNS FROM wp_option a
ERR: 1064:You have an error in your SQL syntax; check the manual that corresponds to your MySQL server version for the right syntax to use near ') and a.global_flag=1 ) ORDER BY b.sort asc LIMIT 0,3' at line 1
 [ SQL语句 ] : SELECT a.id,a.capital_name,a.en_name,a.capital_key,a.pid,a.Price,a.DiffRate,b.capital_length FROM wp_option a left join wp_option_info b on a.id=b.option_id  WHERE ( exists(select b.option_id from wp_user_option c where a.id=c.option_id and c.user_id=) and a.global_flag=1 ) ORDER BY b.sort asc LIMIT 0,3  
ERR: 1064:You have an error in your SQL syntax; check the manual that corresponds to your MySQL server version for the right syntax to use near 'a' at line 1
 [ SQL语句 ] : SHOW COLUMNS FROM wp_userinfo a
INFO: [ view_parse ] --START--
INFO: [ template_filter ] --START--
INFO: Run Behavior\ContentReplace [ RunTime:0.000115s ]
INFO: [ template_filter ] --END-- [ RunTime:0.000168s ]
NOTIC: [8] Undefined variable: info /www/wwwroot/kmforex.com/Application/Runtime/Cache/Home/63efecedbc841600f0dc8a3f2f4786f2.php 第 419 行.
INFO: Run Behavior\ParseTemplate [ RunTime:0.031098s ]
INFO: [ view_parse ] --END-- [ RunTime:0.031144s ]
INFO: [ view_filter ] --START--
INFO: Run Behavior\WriteHtmlCache [ RunTime:0.000138s ]
INFO: [ view_filter ] --END-- [ RunTime:0.000170s ]
INFO: [ app_end ] --START--
INFO: Run Behavior\ShowPageTrace [ RunTime:0.001672s ]
INFO: [ app_end ] --END-- [ RunTime:0.001718s ]

[ 2020-10-11T13:02:32+08:00 ] 114.242.250.238 /Home/Lang/index.html
INFO: [ app_begin ] --START--
INFO: Run Behavior\ReadHtmlCache [ RunTime:0.000351s ]
INFO: Run Behavior\CheckLang [ RunTime:0.001859s ]
INFO: [ app_begin ] --END-- [ RunTime:0.002568s ]
NOTIC: [8] Undefined index: user_id /www/wwwroot/kmforex.com/Application/Home/Controller/CommonController.class.php 第 45 行.
NOTIC: [8192] mysql_connect(): The mysql extension is deprecated and will be removed in the future: use mysqli or PDO instead /www/wwwroot/kmforex.com/ThinkPHP/Library/Think/Db/Driver/Mysql.class.php 第 52 行.
ERR: 1064:You have an error in your SQL syntax; check the manual that corresponds to your MySQL server version for the right syntax to use near 'and is_read = 1 ) LIMIT 1' at line 1
 [ SQL语句 ] : SELECT COUNT(*) AS tp_count FROM `wp_money_flow` WHERE (  YEARWEEK(FROM_UNIXTIME(dateline,'%Y-%m-%d'),1) = YEARWEEK(DATE_FORMAT(now(),'%Y-%m-%d'),1) and uid= and is_read = 1 ) LIMIT 1  
NOTIC: [8] Undefined variable: user /www/wwwroot/kmforex.com/Application/Home/Controller/CommonController.class.php 第 97 行.
INFO: [ view_parse ] --START--
INFO: [ template_filter ] --START--
INFO: Run Behavior\ContentReplace [ RunTime:0.000044s ]
INFO: [ template_filter ] --END-- [ RunTime:0.000107s ]
NOTIC: [8] Use of undefined constant lang - assumed 'lang' /www/wwwroot/kmforex.com/Application/Runtime/Cache/Home/b1f1bef4f0e3b33f47c813f173785ac7.php 第 261 行.
NOTIC: [8] Use of undefined constant lang - assumed 'lang' /www/wwwroot/kmforex.com/Application/Runtime/Cache/Home/b1f1bef4f0e3b33f47c813f173785ac7.php 第 271 行.
NOTIC: [8] Use of undefined constant lang - assumed 'lang' /www/wwwroot/kmforex.com/Application/Runtime/Cache/Home/b1f1bef4f0e3b33f47c813f173785ac7.php 第 281 行.
INFO: Run Behavior\ParseTemplate [ RunTime:0.011307s ]
INFO: [ view_parse ] --END-- [ RunTime:0.011357s ]
INFO: [ view_filter ] --START--
INFO: Run Behavior\WriteHtmlCache [ RunTime:0.000136s ]
INFO: [ view_filter ] --END-- [ RunTime:0.000169s ]
INFO: [ app_end ] --START--
INFO: Run Behavior\ShowPageTrace [ RunTime:0.000402s ]
INFO: [ app_end ] --END-- [ RunTime:0.000442s ]

[ 2020-10-11T13:02:36+08:00 ] 114.242.250.238 /?l=zh-cn
INFO: [ app_begin ] --START--
INFO: Run Behavior\ReadHtmlCache [ RunTime:0.004394s ]
INFO: Run Behavior\CheckLang [ RunTime:0.003365s ]
INFO: [ app_begin ] --END-- [ RunTime:0.008141s ]
NOTIC: [8] Undefined index: user_id /www/wwwroot/kmforex.com/Application/Home/Controller/CommonController.class.php 第 45 行.
NOTIC: [8192] mysql_connect(): The mysql extension is deprecated and will be removed in the future: use mysqli or PDO instead /www/wwwroot/kmforex.com/ThinkPHP/Library/Think/Db/Driver/Mysql.class.php 第 52 行.
ERR: 1064:You have an error in your SQL syntax; check the manual that corresponds to your MySQL server version for the right syntax to use near 'and is_read = 1 ) LIMIT 1' at line 1
 [ SQL语句 ] : SELECT COUNT(*) AS tp_count FROM `wp_money_flow` WHERE (  YEARWEEK(FROM_UNIXTIME(dateline,'%Y-%m-%d'),1) = YEARWEEK(DATE_FORMAT(now(),'%Y-%m-%d'),1) and uid= and is_read = 1 ) LIMIT 1  
NOTIC: [8] Undefined variable: user /www/wwwroot/kmforex.com/Application/Home/Controller/CommonController.class.php 第 97 行.
ERR: 1064:You have an error in your SQL syntax; check the manual that corresponds to your MySQL server version for the right syntax to use near 'a' at line 1
 [ SQL语句 ] : SHOW COLUMNS FROM wp_option a
ERR: 1064:You have an error in your SQL syntax; check the manual that corresponds to your MySQL server version for the right syntax to use near ') and a.global_flag=1 ) ORDER BY b.sort asc LIMIT 0,3' at line 1
 [ SQL语句 ] : SELECT a.id,a.capital_name,a.en_name,a.capital_key,a.pid,a.Price,a.DiffRate,b.capital_length FROM wp_option a left join wp_option_info b on a.id=b.option_id  WHERE ( exists(select b.option_id from wp_user_option c where a.id=c.option_id and c.user_id=) and a.global_flag=1 ) ORDER BY b.sort asc LIMIT 0,3  
ERR: 1064:You have an error in your SQL syntax; check the manual that corresponds to your MySQL server version for the right syntax to use near 'a' at line 1
 [ SQL语句 ] : SHOW COLUMNS FROM wp_userinfo a
INFO: [ view_parse ] --START--
INFO: [ template_filter ] --START--
INFO: Run Behavior\ContentReplace [ RunTime:0.000106s ]
INFO: [ template_filter ] --END-- [ RunTime:0.000158s ]
NOTIC: [8] Undefined variable: info /www/wwwroot/kmforex.com/Application/Runtime/Cache/Home/63efecedbc841600f0dc8a3f2f4786f2.php 第 419 行.
INFO: Run Behavior\ParseTemplate [ RunTime:0.030258s ]
INFO: [ view_parse ] --END-- [ RunTime:0.030310s ]
INFO: [ view_filter ] --START--
INFO: Run Behavior\WriteHtmlCache [ RunTime:0.000132s ]
INFO: [ view_filter ] --END-- [ RunTime:0.000199s ]
INFO: [ app_end ] --START--
INFO: Run Behavior\ShowPageTrace [ RunTime:0.000403s ]
INFO: [ app_end ] --END-- [ RunTime:0.000453s ]

[ 2020-10-11T13:02:41+08:00 ] 114.242.250.238 /Home/Lang/index.html
INFO: [ app_begin ] --START--
INFO: Run Behavior\ReadHtmlCache [ RunTime:0.000351s ]
INFO: Run Behavior\CheckLang [ RunTime:0.001943s ]
INFO: [ app_begin ] --END-- [ RunTime:0.002588s ]
NOTIC: [8] Undefined index: user_id /www/wwwroot/kmforex.com/Application/Home/Controller/CommonController.class.php 第 45 行.
NOTIC: [8192] mysql_connect(): The mysql extension is deprecated and will be removed in the future: use mysqli or PDO instead /www/wwwroot/kmforex.com/ThinkPHP/Library/Think/Db/Driver/Mysql.class.php 第 52 行.
ERR: 1064:You have an error in your SQL syntax; check the manual that corresponds to your MySQL server version for the right syntax to use near 'and is_read = 1 ) LIMIT 1' at line 1
 [ SQL语句 ] : SELECT COUNT(*) AS tp_count FROM `wp_money_flow` WHERE (  YEARWEEK(FROM_UNIXTIME(dateline,'%Y-%m-%d'),1) = YEARWEEK(DATE_FORMAT(now(),'%Y-%m-%d'),1) and uid= and is_read = 1 ) LIMIT 1  
NOTIC: [8] Undefined variable: user /www/wwwroot/kmforex.com/Application/Home/Controller/CommonController.class.php 第 97 行.
INFO: [ view_parse ] --START--
INFO: [ template_filter ] --START--
INFO: Run Behavior\ContentReplace [ RunTime:0.000039s ]
INFO: [ template_filter ] --END-- [ RunTime:0.000087s ]
NOTIC: [8] Use of undefined constant lang - assumed 'lang' /www/wwwroot/kmforex.com/Application/Runtime/Cache/Home/b1f1bef4f0e3b33f47c813f173785ac7.php 第 261 行.
NOTIC: [8] Use of undefined constant lang - assumed 'lang' /www/wwwroot/kmforex.com/Application/Runtime/Cache/Home/b1f1bef4f0e3b33f47c813f173785ac7.php 第 271 行.
NOTIC: [8] Use of undefined constant lang - assumed 'lang' /www/wwwroot/kmforex.com/Application/Runtime/Cache/Home/b1f1bef4f0e3b33f47c813f173785ac7.php 第 281 行.
INFO: Run Behavior\ParseTemplate [ RunTime:0.005469s ]
INFO: [ view_parse ] --END-- [ RunTime:0.005510s ]
INFO: [ view_filter ] --START--
INFO: Run Behavior\WriteHtmlCache [ RunTime:0.000131s ]
INFO: [ view_filter ] --END-- [ RunTime:0.000163s ]
INFO: [ app_end ] --START--
INFO: Run Behavior\ShowPageTrace [ RunTime:0.000353s ]
INFO: [ app_end ] --END-- [ RunTime:0.000391s ]

[ 2020-10-11T13:02:41+08:00 ] 114.242.250.238 /?l=en-us
INFO: [ app_begin ] --START--
INFO: Run Behavior\ReadHtmlCache [ RunTime:0.000418s ]
INFO: Run Behavior\CheckLang [ RunTime:0.000734s ]
INFO: [ app_begin ] --END-- [ RunTime:0.001501s ]
NOTIC: [8] Undefined index: user_id /www/wwwroot/kmforex.com/Application/Home/Controller/CommonController.class.php 第 45 行.
NOTIC: [8192] mysql_connect(): The mysql extension is deprecated and will be removed in the future: use mysqli or PDO instead /www/wwwroot/kmforex.com/ThinkPHP/Library/Think/Db/Driver/Mysql.class.php 第 52 行.
ERR: 1064:You have an error in your SQL syntax; check the manual that corresponds to your MySQL server version for the right syntax to use near 'and is_read = 1 ) LIMIT 1' at line 1
 [ SQL语句 ] : SELECT COUNT(*) AS tp_count FROM `wp_money_flow` WHERE (  YEARWEEK(FROM_UNIXTIME(dateline,'%Y-%m-%d'),1) = YEARWEEK(DATE_FORMAT(now(),'%Y-%m-%d'),1) and uid= and is_read = 1 ) LIMIT 1  
NOTIC: [8] Undefined variable: user /www/wwwroot/kmforex.com/Application/Home/Controller/CommonController.class.php 第 97 行.
ERR: 1064:You have an error in your SQL syntax; check the manual that corresponds to your MySQL server version for the right syntax to use near 'a' at line 1
 [ SQL语句 ] : SHOW COLUMNS FROM wp_option a
ERR: 1064:You have an error in your SQL syntax; check the manual that corresponds to your MySQL server version for the right syntax to use near ') and a.global_flag=1 ) ORDER BY b.sort asc LIMIT 0,3' at line 1
 [ SQL语句 ] : SELECT a.id,a.capital_name,a.en_name,a.capital_key,a.pid,a.Price,a.DiffRate,b.capital_length FROM wp_option a left join wp_option_info b on a.id=b.option_id  WHERE ( exists(select b.option_id from wp_user_option c where a.id=c.option_id and c.user_id=) and a.global_flag=1 ) ORDER BY b.sort asc LIMIT 0,3  
ERR: 1064:You have an error in your SQL syntax; check the manual that corresponds to your MySQL server version for the right syntax to use near 'a' at line 1
 [ SQL语句 ] : SHOW COLUMNS FROM wp_userinfo a
INFO: [ view_parse ] --START--
INFO: [ template_filter ] --START--
INFO: Run Behavior\ContentReplace [ RunTime:0.000110s ]
INFO: [ template_filter ] --END-- [ RunTime:0.000159s ]
NOTIC: [8] Undefined variable: info /www/wwwroot/kmforex.com/Application/Runtime/Cache/Home/63efecedbc841600f0dc8a3f2f4786f2.php 第 419 行.
INFO: Run Behavior\ParseTemplate [ RunTime:0.015535s ]
INFO: [ view_parse ] --END-- [ RunTime:0.015580s ]
INFO: [ view_filter ] --START--
INFO: Run Behavior\WriteHtmlCache [ RunTime:0.000126s ]
INFO: [ view_filter ] --END-- [ RunTime:0.000158s ]
INFO: [ app_end ] --START--
INFO: Run Behavior\ShowPageTrace [ RunTime:0.000473s ]
INFO: [ app_end ] --END-- [ RunTime:0.000527s ]

[ 2020-10-11T13:02:47+08:00 ] 114.242.250.238 /Home/Lang/index.html
INFO: [ app_begin ] --START--
INFO: Run Behavior\ReadHtmlCache [ RunTime:0.000359s ]
INFO: Run Behavior\CheckLang [ RunTime:0.000633s ]
INFO: [ app_begin ] --END-- [ RunTime:0.001381s ]
NOTIC: [8] Undefined index: user_id /www/wwwroot/kmforex.com/Application/Home/Controller/CommonController.class.php 第 45 行.
NOTIC: [8192] mysql_connect(): The mysql extension is deprecated and will be removed in the future: use mysqli or PDO instead /www/wwwroot/kmforex.com/ThinkPHP/Library/Think/Db/Driver/Mysql.class.php 第 52 行.
ERR: 1064:You have an error in your SQL syntax; check the manual that corresponds to your MySQL server version for the right syntax to use near 'and is_read = 1 ) LIMIT 1' at line 1
 [ SQL语句 ] : SELECT COUNT(*) AS tp_count FROM `wp_money_flow` WHERE (  YEARWEEK(FROM_UNIXTIME(dateline,'%Y-%m-%d'),1) = YEARWEEK(DATE_FORMAT(now(),'%Y-%m-%d'),1) and uid= and is_read = 1 ) LIMIT 1  
NOTIC: [8] Undefined variable: user /www/wwwroot/kmforex.com/Application/Home/Controller/CommonController.class.php 第 97 行.
INFO: [ view_parse ] --START--
INFO: [ template_filter ] --START--
INFO: Run Behavior\ContentReplace [ RunTime:0.000049s ]
INFO: [ template_filter ] --END-- [ RunTime:0.000097s ]
NOTIC: [8] Use of undefined constant lang - assumed 'lang' /www/wwwroot/kmforex.com/Application/Runtime/Cache/Home/b1f1bef4f0e3b33f47c813f173785ac7.php 第 261 行.
NOTIC: [8] Use of undefined constant lang - assumed 'lang' /www/wwwroot/kmforex.com/Application/Runtime/Cache/Home/b1f1bef4f0e3b33f47c813f173785ac7.php 第 271 行.
NOTIC: [8] Use of undefined constant lang - assumed 'lang' /www/wwwroot/kmforex.com/Application/Runtime/Cache/Home/b1f1bef4f0e3b33f47c813f173785ac7.php 第 281 行.
INFO: Run Behavior\ParseTemplate [ RunTime:0.006301s ]
INFO: [ view_parse ] --END-- [ RunTime:0.006342s ]
INFO: [ view_filter ] --START--
INFO: Run Behavior\WriteHtmlCache [ RunTime:0.000156s ]
INFO: [ view_filter ] --END-- [ RunTime:0.000188s ]
INFO: [ app_end ] --START--
INFO: Run Behavior\ShowPageTrace [ RunTime:0.000403s ]
INFO: [ app_end ] --END-- [ RunTime:0.000443s ]

[ 2020-10-11T13:02:50+08:00 ] 114.242.250.238 /?l=zh-cn
INFO: [ app_begin ] --START--
INFO: Run Behavior\ReadHtmlCache [ RunTime:0.000362s ]
INFO: Run Behavior\CheckLang [ RunTime:0.000714s ]
INFO: [ app_begin ] --END-- [ RunTime:0.001466s ]
NOTIC: [8] Undefined index: user_id /www/wwwroot/kmforex.com/Application/Home/Controller/CommonController.class.php 第 45 行.
NOTIC: [8192] mysql_connect(): The mysql extension is deprecated and will be removed in the future: use mysqli or PDO instead /www/wwwroot/kmforex.com/ThinkPHP/Library/Think/Db/Driver/Mysql.class.php 第 52 行.
ERR: 1064:You have an error in your SQL syntax; check the manual that corresponds to your MySQL server version for the right syntax to use near 'and is_read = 1 ) LIMIT 1' at line 1
 [ SQL语句 ] : SELECT COUNT(*) AS tp_count FROM `wp_money_flow` WHERE (  YEARWEEK(FROM_UNIXTIME(dateline,'%Y-%m-%d'),1) = YEARWEEK(DATE_FORMAT(now(),'%Y-%m-%d'),1) and uid= and is_read = 1 ) LIMIT 1  
NOTIC: [8] Undefined variable: user /www/wwwroot/kmforex.com/Application/Home/Controller/CommonController.class.php 第 97 行.
ERR: 1064:You have an error in your SQL syntax; check the manual that corresponds to your MySQL server version for the right syntax to use near 'a' at line 1
 [ SQL语句 ] : SHOW COLUMNS FROM wp_option a
ERR: 1064:You have an error in your SQL syntax; check the manual that corresponds to your MySQL server version for the right syntax to use near ') and a.global_flag=1 ) ORDER BY b.sort asc LIMIT 0,3' at line 1
 [ SQL语句 ] : SELECT a.id,a.capital_name,a.en_name,a.capital_key,a.pid,a.Price,a.DiffRate,b.capital_length FROM wp_option a left join wp_option_info b on a.id=b.option_id  WHERE ( exists(select b.option_id from wp_user_option c where a.id=c.option_id and c.user_id=) and a.global_flag=1 ) ORDER BY b.sort asc LIMIT 0,3  
ERR: 1064:You have an error in your SQL syntax; check the manual that corresponds to your MySQL server version for the right syntax to use near 'a' at line 1
 [ SQL语句 ] : SHOW COLUMNS FROM wp_userinfo a
INFO: [ view_parse ] --START--
INFO: [ template_filter ] --START--
INFO: Run Behavior\ContentReplace [ RunTime:0.000108s ]
INFO: [ template_filter ] --END-- [ RunTime:0.000173s ]
NOTIC: [8] Undefined variable: info /www/wwwroot/kmforex.com/Application/Runtime/Cache/Home/63efecedbc841600f0dc8a3f2f4786f2.php 第 419 行.
INFO: Run Behavior\ParseTemplate [ RunTime:0.018066s ]
INFO: [ view_parse ] --END-- [ RunTime:0.018133s ]
INFO: [ view_filter ] --START--
INFO: Run Behavior\WriteHtmlCache [ RunTime:0.000184s ]
INFO: [ view_filter ] --END-- [ RunTime:0.000218s ]
INFO: [ app_end ] --START--
INFO: Run Behavior\ShowPageTrace [ RunTime:0.000465s ]
INFO: [ app_end ] --END-- [ RunTime:0.000515s ]

[ 2020-10-11T13:02:57+08:00 ] 114.242.250.238 /Home/User/index.html
INFO: [ app_begin ] --START--
INFO: Run Behavior\ReadHtmlCache [ RunTime:0.000369s ]
INFO: Run Behavior\CheckLang [ RunTime:0.002700s ]
INFO: [ app_begin ] --END-- [ RunTime:0.003436s ]
NOTIC: [8] Undefined index: user_id /www/wwwroot/kmforex.com/Application/Home/Controller/CommonController.class.php 第 45 行.
NOTIC: [8192] mysql_connect(): The mysql extension is deprecated and will be removed in the future: use mysqli or PDO instead /www/wwwroot/kmforex.com/ThinkPHP/Library/Think/Db/Driver/Mysql.class.php 第 52 行.
ERR: 1064:You have an error in your SQL syntax; check the manual that corresponds to your MySQL server version for the right syntax to use near 'and is_read = 1 ) LIMIT 1' at line 1
 [ SQL语句 ] : SELECT COUNT(*) AS tp_count FROM `wp_money_flow` WHERE (  YEARWEEK(FROM_UNIXTIME(dateline,'%Y-%m-%d'),1) = YEARWEEK(DATE_FORMAT(now(),'%Y-%m-%d'),1) and uid= and is_read = 1 ) LIMIT 1  
NOTIC: [8] Undefined variable: user /www/wwwroot/kmforex.com/Application/Home/Controller/CommonController.class.php 第 97 行.
NOTIC: [8] Undefined index:  /www/wwwroot/kmforex.com/Application/Home/Controller/UserController.class.php 第 29 行.
NOTIC: [8] Undefined index: uid /www/wwwroot/kmforex.com/Application/Home/Controller/UserController.class.php 第 31 行.
INFO: [ view_parse ] --START--
INFO: [ template_filter ] --START--
INFO: Run Behavior\ContentReplace [ RunTime:0.000093s ]
INFO: [ template_filter ] --END-- [ RunTime:0.000153s ]
INFO: Run Behavior\ParseTemplate [ RunTime:0.014758s ]
INFO: [ view_parse ] --END-- [ RunTime:0.014829s ]
INFO: [ view_filter ] --START--
INFO: Run Behavior\WriteHtmlCache [ RunTime:0.000184s ]
INFO: [ view_filter ] --END-- [ RunTime:0.000221s ]
INFO: [ app_end ] --START--
INFO: Run Behavior\ShowPageTrace [ RunTime:0.000427s ]
INFO: [ app_end ] --END-- [ RunTime:0.000482s ]

[ 2020-10-11T13:03:10+08:00 ] 114.242.250.238 /Home/Login/login.html
INFO: [ app_begin ] --START--
INFO: Run Behavior\ReadHtmlCache [ RunTime:0.000346s ]
INFO: Run Behavior\CheckLang [ RunTime:0.002505s ]
INFO: [ app_begin ] --END-- [ RunTime:0.003233s ]
INFO: [ view_parse ] --START--
INFO: [ template_filter ] --START--
INFO: Run Behavior\ContentReplace [ RunTime:0.000058s ]
INFO: [ template_filter ] --END-- [ RunTime:0.000126s ]
INFO: Run Behavior\ParseTemplate [ RunTime:0.014124s ]
INFO: [ view_parse ] --END-- [ RunTime:0.014178s ]
INFO: [ view_filter ] --START--
INFO: Run Behavior\WriteHtmlCache [ RunTime:0.000146s ]
INFO: [ view_filter ] --END-- [ RunTime:0.000188s ]
INFO: [ app_end ] --START--
INFO: Run Behavior\ShowPageTrace [ RunTime:0.000382s ]
INFO: [ app_end ] --END-- [ RunTime:0.000427s ]

[ 2020-10-11T13:14:47+08:00 ] 101.89.239.120 /
INFO: [ app_begin ] --START--
INFO: Run Behavior\ReadHtmlCache [ RunTime:0.000397s ]
INFO: Run Behavior\CheckLang [ RunTime:0.000768s ]
INFO: [ app_begin ] --END-- [ RunTime:0.001520s ]
NOTIC: [8] Undefined index: user_id /www/wwwroot/kmforex.com/Application/Home/Controller/CommonController.class.php 第 45 行.
NOTIC: [8192] mysql_connect(): The mysql extension is deprecated and will be removed in the future: use mysqli or PDO instead /www/wwwroot/kmforex.com/ThinkPHP/Library/Think/Db/Driver/Mysql.class.php 第 52 行.
ERR: 1064:You have an error in your SQL syntax; check the manual that corresponds to your MySQL server version for the right syntax to use near 'and is_read = 1 ) LIMIT 1' at line 1
 [ SQL语句 ] : SELECT COUNT(*) AS tp_count FROM `wp_money_flow` WHERE (  YEARWEEK(FROM_UNIXTIME(dateline,'%Y-%m-%d'),1) = YEARWEEK(DATE_FORMAT(now(),'%Y-%m-%d'),1) and uid= and is_read = 1 ) LIMIT 1  
NOTIC: [8] Undefined variable: user /www/wwwroot/kmforex.com/Application/Home/Controller/CommonController.class.php 第 97 行.
NOTIC: [8] Undefined index: HTTP_REFERER /www/wwwroot/kmforex.com/Application/Home/Controller/CommonController.class.php 第 112 行.
ERR: 1064:You have an error in your SQL syntax; check the manual that corresponds to your MySQL server version for the right syntax to use near 'a' at line 1
 [ SQL语句 ] : SHOW COLUMNS FROM wp_option a
ERR: 1064:You have an error in your SQL syntax; check the manual that corresponds to your MySQL server version for the right syntax to use near ') and a.global_flag=1 ) ORDER BY b.sort asc LIMIT 0,3' at line 1
 [ SQL语句 ] : SELECT a.id,a.capital_name,a.en_name,a.capital_key,a.pid,a.Price,a.DiffRate,b.capital_length FROM wp_option a left join wp_option_info b on a.id=b.option_id  WHERE ( exists(select b.option_id from wp_user_option c where a.id=c.option_id and c.user_id=) and a.global_flag=1 ) ORDER BY b.sort asc LIMIT 0,3  
ERR: 1064:You have an error in your SQL syntax; check the manual that corresponds to your MySQL server version for the right syntax to use near 'a' at line 1
 [ SQL语句 ] : SHOW COLUMNS FROM wp_userinfo a
INFO: [ view_parse ] --START--
INFO: [ template_filter ] --START--
INFO: Run Behavior\ContentReplace [ RunTime:0.000144s ]
INFO: [ template_filter ] --END-- [ RunTime:0.000228s ]
NOTIC: [8] Undefined variable: info /www/wwwroot/kmforex.com/Application/Runtime/Cache/Home/63efecedbc841600f0dc8a3f2f4786f2.php 第 419 行.
INFO: Run Behavior\ParseTemplate [ RunTime:0.022963s ]
INFO: [ view_parse ] --END-- [ RunTime:0.023075s ]
INFO: [ view_filter ] --START--
INFO: Run Behavior\WriteHtmlCache [ RunTime:0.000196s ]
INFO: [ view_filter ] --END-- [ RunTime:0.000249s ]
INFO: [ app_end ] --START--
INFO: Run Behavior\ShowPageTrace [ RunTime:0.000557s ]
INFO: [ app_end ] --END-- [ RunTime:0.000635s ]

[ 2020-10-11T13:14:51+08:00 ] 61.151.179.84 /Home/Lang/index.html
INFO: [ app_begin ] --START--
INFO: Run Behavior\ReadHtmlCache [ RunTime:0.000347s ]
INFO: Run Behavior\CheckLang [ RunTime:0.000627s ]
INFO: [ app_begin ] --END-- [ RunTime:0.001342s ]
NOTIC: [8] Undefined index: user_id /www/wwwroot/kmforex.com/Application/Home/Controller/CommonController.class.php 第 45 行.
NOTIC: [8192] mysql_connect(): The mysql extension is deprecated and will be removed in the future: use mysqli or PDO instead /www/wwwroot/kmforex.com/ThinkPHP/Library/Think/Db/Driver/Mysql.class.php 第 52 行.
ERR: 1064:You have an error in your SQL syntax; check the manual that corresponds to your MySQL server version for the right syntax to use near 'and is_read = 1 ) LIMIT 1' at line 1
 [ SQL语句 ] : SELECT COUNT(*) AS tp_count FROM `wp_money_flow` WHERE (  YEARWEEK(FROM_UNIXTIME(dateline,'%Y-%m-%d'),1) = YEARWEEK(DATE_FORMAT(now(),'%Y-%m-%d'),1) and uid= and is_read = 1 ) LIMIT 1  
NOTIC: [8] Undefined variable: user /www/wwwroot/kmforex.com/Application/Home/Controller/CommonController.class.php 第 97 行.
NOTIC: [8] Undefined index: HTTP_REFERER /www/wwwroot/kmforex.com/Application/Home/Controller/CommonController.class.php 第 112 行.
INFO: [ view_parse ] --START--
INFO: [ template_filter ] --START--
INFO: Run Behavior\ContentReplace [ RunTime:0.000047s ]
INFO: [ template_filter ] --END-- [ RunTime:0.000096s ]
NOTIC: [8] Use of undefined constant lang - assumed 'lang' /www/wwwroot/kmforex.com/Application/Runtime/Cache/Home/b1f1bef4f0e3b33f47c813f173785ac7.php 第 261 行.
NOTIC: [8] Use of undefined constant lang - assumed 'lang' /www/wwwroot/kmforex.com/Application/Runtime/Cache/Home/b1f1bef4f0e3b33f47c813f173785ac7.php 第 271 行.
NOTIC: [8] Use of undefined constant lang - assumed 'lang' /www/wwwroot/kmforex.com/Application/Runtime/Cache/Home/b1f1bef4f0e3b33f47c813f173785ac7.php 第 281 行.
INFO: Run Behavior\ParseTemplate [ RunTime:0.006464s ]
INFO: [ view_parse ] --END-- [ RunTime:0.006526s ]
INFO: [ view_filter ] --START--
INFO: Run Behavior\WriteHtmlCache [ RunTime:0.000132s ]
INFO: [ view_filter ] --END-- [ RunTime:0.000165s ]
INFO: [ app_end ] --START--
INFO: Run Behavior\ShowPageTrace [ RunTime:0.000414s ]
INFO: [ app_end ] --END-- [ RunTime:0.000465s ]

[ 2020-10-11T13:15:05+08:00 ] 101.89.239.238 /?l=zh-cn
INFO: [ app_begin ] --START--
INFO: Run Behavior\ReadHtmlCache [ RunTime:0.000401s ]
INFO: Run Behavior\CheckLang [ RunTime:0.000720s ]
INFO: [ app_begin ] --END-- [ RunTime:0.001477s ]
NOTIC: [8] Undefined index: user_id /www/wwwroot/kmforex.com/Application/Home/Controller/CommonController.class.php 第 45 行.
NOTIC: [8192] mysql_connect(): The mysql extension is deprecated and will be removed in the future: use mysqli or PDO instead /www/wwwroot/kmforex.com/ThinkPHP/Library/Think/Db/Driver/Mysql.class.php 第 52 行.
ERR: 1064:You have an error in your SQL syntax; check the manual that corresponds to your MySQL server version for the right syntax to use near 'and is_read = 1 ) LIMIT 1' at line 1
 [ SQL语句 ] : SELECT COUNT(*) AS tp_count FROM `wp_money_flow` WHERE (  YEARWEEK(FROM_UNIXTIME(dateline,'%Y-%m-%d'),1) = YEARWEEK(DATE_FORMAT(now(),'%Y-%m-%d'),1) and uid= and is_read = 1 ) LIMIT 1  
NOTIC: [8] Undefined variable: user /www/wwwroot/kmforex.com/Application/Home/Controller/CommonController.class.php 第 97 行.
NOTIC: [8] Undefined index: HTTP_REFERER /www/wwwroot/kmforex.com/Application/Home/Controller/CommonController.class.php 第 112 行.
ERR: 1064:You have an error in your SQL syntax; check the manual that corresponds to your MySQL server version for the right syntax to use near 'a' at line 1
 [ SQL语句 ] : SHOW COLUMNS FROM wp_option a
ERR: 1064:You have an error in your SQL syntax; check the manual that corresponds to your MySQL server version for the right syntax to use near ') and a.global_flag=1 ) ORDER BY b.sort asc LIMIT 0,3' at line 1
 [ SQL语句 ] : SELECT a.id,a.capital_name,a.en_name,a.capital_key,a.pid,a.Price,a.DiffRate,b.capital_length FROM wp_option a left join wp_option_info b on a.id=b.option_id  WHERE ( exists(select b.option_id from wp_user_option c where a.id=c.option_id and c.user_id=) and a.global_flag=1 ) ORDER BY b.sort asc LIMIT 0,3  
ERR: 1064:You have an error in your SQL syntax; check the manual that corresponds to your MySQL server version for the right syntax to use near 'a' at line 1
 [ SQL语句 ] : SHOW COLUMNS FROM wp_userinfo a
INFO: [ view_parse ] --START--
INFO: [ template_filter ] --START--
INFO: Run Behavior\ContentReplace [ RunTime:0.000116s ]
INFO: [ template_filter ] --END-- [ RunTime:0.000178s ]
NOTIC: [8] Undefined variable: info /www/wwwroot/kmforex.com/Application/Runtime/Cache/Home/63efecedbc841600f0dc8a3f2f4786f2.php 第 419 行.
INFO: Run Behavior\ParseTemplate [ RunTime:0.019134s ]
INFO: [ view_parse ] --END-- [ RunTime:0.019181s ]
INFO: [ view_filter ] --START--
INFO: Run Behavior\WriteHtmlCache [ RunTime:0.000185s ]
INFO: [ view_filter ] --END-- [ RunTime:0.000219s ]
INFO: [ app_end ] --START--
INFO: Run Behavior\ShowPageTrace [ RunTime:0.000412s ]
INFO: [ app_end ] --END-- [ RunTime:0.000457s ]

[ 2020-10-11T13:15:12+08:00 ] 61.151.178.174 /Home/User/index.html
INFO: [ app_begin ] --START--
INFO: Run Behavior\ReadHtmlCache [ RunTime:0.000373s ]
INFO: Run Behavior\CheckLang [ RunTime:0.000727s ]
INFO: [ app_begin ] --END-- [ RunTime:0.001423s ]
NOTIC: [8] Undefined index: user_id /www/wwwroot/kmforex.com/Application/Home/Controller/CommonController.class.php 第 45 行.
NOTIC: [8192] mysql_connect(): The mysql extension is deprecated and will be removed in the future: use mysqli or PDO instead /www/wwwroot/kmforex.com/ThinkPHP/Library/Think/Db/Driver/Mysql.class.php 第 52 行.
ERR: 1064:You have an error in your SQL syntax; check the manual that corresponds to your MySQL server version for the right syntax to use near 'and is_read = 1 ) LIMIT 1' at line 1
 [ SQL语句 ] : SELECT COUNT(*) AS tp_count FROM `wp_money_flow` WHERE (  YEARWEEK(FROM_UNIXTIME(dateline,'%Y-%m-%d'),1) = YEARWEEK(DATE_FORMAT(now(),'%Y-%m-%d'),1) and uid= and is_read = 1 ) LIMIT 1  
NOTIC: [8] Undefined variable: user /www/wwwroot/kmforex.com/Application/Home/Controller/CommonController.class.php 第 97 行.
NOTIC: [8] Undefined index: HTTP_REFERER /www/wwwroot/kmforex.com/Application/Home/Controller/CommonController.class.php 第 112 行.
NOTIC: [8] Undefined index:  /www/wwwroot/kmforex.com/Application/Home/Controller/UserController.class.php 第 29 行.
NOTIC: [8] Undefined index: uid /www/wwwroot/kmforex.com/Application/Home/Controller/UserController.class.php 第 31 行.
INFO: [ view_parse ] --START--
INFO: [ template_filter ] --START--
INFO: Run Behavior\ContentReplace [ RunTime:0.000079s ]
INFO: [ template_filter ] --END-- [ RunTime:0.000131s ]
INFO: Run Behavior\ParseTemplate [ RunTime:0.011212s ]
INFO: [ view_parse ] --END-- [ RunTime:0.011263s ]
INFO: [ view_filter ] --START--
INFO: Run Behavior\WriteHtmlCache [ RunTime:0.000140s ]
INFO: [ view_filter ] --END-- [ RunTime:0.000175s ]
INFO: [ app_end ] --START--
INFO: Run Behavior\ShowPageTrace [ RunTime:0.000373s ]
INFO: [ app_end ] --END-- [ RunTime:0.000417s ]

[ 2020-10-11T13:15:12+08:00 ] 61.129.7.235 /?l=en-us
INFO: [ app_begin ] --START--
INFO: Run Behavior\ReadHtmlCache [ RunTime:0.000377s ]
INFO: Run Behavior\CheckLang [ RunTime:0.000709s ]
INFO: [ app_begin ] --END-- [ RunTime:0.001403s ]
NOTIC: [8] Undefined index: user_id /www/wwwroot/kmforex.com/Application/Home/Controller/CommonController.class.php 第 45 行.
NOTIC: [8192] mysql_connect(): The mysql extension is deprecated and will be removed in the future: use mysqli or PDO instead /www/wwwroot/kmforex.com/ThinkPHP/Library/Think/Db/Driver/Mysql.class.php 第 52 行.
ERR: 1064:You have an error in your SQL syntax; check the manual that corresponds to your MySQL server version for the right syntax to use near 'and is_read = 1 ) LIMIT 1' at line 1
 [ SQL语句 ] : SELECT COUNT(*) AS tp_count FROM `wp_money_flow` WHERE (  YEARWEEK(FROM_UNIXTIME(dateline,'%Y-%m-%d'),1) = YEARWEEK(DATE_FORMAT(now(),'%Y-%m-%d'),1) and uid= and is_read = 1 ) LIMIT 1  
NOTIC: [8] Undefined variable: user /www/wwwroot/kmforex.com/Application/Home/Controller/CommonController.class.php 第 97 行.
NOTIC: [8] Undefined index: HTTP_REFERER /www/wwwroot/kmforex.com/Application/Home/Controller/CommonController.class.php 第 112 行.
ERR: 1064:You have an error in your SQL syntax; check the manual that corresponds to your MySQL server version for the right syntax to use near 'a' at line 1
 [ SQL语句 ] : SHOW COLUMNS FROM wp_option a
ERR: 1064:You have an error in your SQL syntax; check the manual that corresponds to your MySQL server version for the right syntax to use near ') and a.global_flag=1 ) ORDER BY b.sort asc LIMIT 0,3' at line 1
 [ SQL语句 ] : SELECT a.id,a.capital_name,a.en_name,a.capital_key,a.pid,a.Price,a.DiffRate,b.capital_length FROM wp_option a left join wp_option_info b on a.id=b.option_id  WHERE ( exists(select b.option_id from wp_user_option c where a.id=c.option_id and c.user_id=) and a.global_flag=1 ) ORDER BY b.sort asc LIMIT 0,3  
ERR: 1064:You have an error in your SQL syntax; check the manual that corresponds to your MySQL server version for the right syntax to use near 'a' at line 1
 [ SQL语句 ] : SHOW COLUMNS FROM wp_userinfo a
INFO: [ view_parse ] --START--
INFO: [ template_filter ] --START--
INFO: Run Behavior\ContentReplace [ RunTime:0.000116s ]
INFO: [ template_filter ] --END-- [ RunTime:0.000173s ]
NOTIC: [8] Undefined variable: info /www/wwwroot/kmforex.com/Application/Runtime/Cache/Home/63efecedbc841600f0dc8a3f2f4786f2.php 第 419 行.
INFO: Run Behavior\ParseTemplate [ RunTime:0.020104s ]
INFO: [ view_parse ] --END-- [ RunTime:0.020156s ]
INFO: [ view_filter ] --START--
INFO: Run Behavior\WriteHtmlCache [ RunTime:0.000142s ]
INFO: [ view_filter ] --END-- [ RunTime:0.000175s ]
INFO: [ app_end ] --START--
INFO: Run Behavior\ShowPageTrace [ RunTime:0.000390s ]
INFO: [ app_end ] --END-- [ RunTime:0.000434s ]

[ 2020-10-11T14:03:12+08:00 ] 139.196.78.89 /
INFO: [ app_begin ] --START--
INFO: Run Behavior\ReadHtmlCache [ RunTime:0.000405s ]
INFO: Run Behavior\CheckLang [ RunTime:0.000631s ]
INFO: [ app_begin ] --END-- [ RunTime:0.001486s ]

[ 2020-10-11T14:03:13+08:00 ] 139.196.78.89 /Pc/Index/index.html
INFO: [ app_begin ] --START--
INFO: Run Behavior\ReadHtmlCache [ RunTime:0.000377s ]
INFO: Run Behavior\CheckLang [ RunTime:0.000599s ]
INFO: [ app_begin ] --END-- [ RunTime:0.001355s ]
NOTIC: [8] Undefined index: user_id /www/wwwroot/kmforex.com/Application/Pc/Controller/CommonController.class.php 第 45 行.
NOTIC: [8192] mysql_connect(): The mysql extension is deprecated and will be removed in the future: use mysqli or PDO instead /www/wwwroot/kmforex.com/ThinkPHP/Library/Think/Db/Driver/Mysql.class.php 第 52 行.
ERR: 1064:You have an error in your SQL syntax; check the manual that corresponds to your MySQL server version for the right syntax to use near 'and is_read = 1 ) LIMIT 1' at line 1
 [ SQL语句 ] : SELECT COUNT(*) AS tp_count FROM `wp_money_flow` WHERE (  YEARWEEK(FROM_UNIXTIME(dateline,'%Y-%m-%d'),1) = YEARWEEK(DATE_FORMAT(now(),'%Y-%m-%d'),1) and uid= and is_read = 1 ) LIMIT 1  
NOTIC: [8] Undefined variable: user /www/wwwroot/kmforex.com/Application/Pc/Controller/CommonController.class.php 第 109 行.
NOTIC: [8] Undefined index: HTTP_REFERER /www/wwwroot/kmforex.com/Application/Pc/Controller/CommonController.class.php 第 124 行.
ERR: 1064:You have an error in your SQL syntax; check the manual that corresponds to your MySQL server version for the right syntax to use near 'a' at line 1
 [ SQL语句 ] : SHOW COLUMNS FROM wp_option a
ERR: 1064:You have an error in your SQL syntax; check the manual that corresponds to your MySQL server version for the right syntax to use near ') and a.global_flag=1 ) ORDER BY b.sort asc LIMIT 0,3' at line 1
 [ SQL语句 ] : SELECT a.id,a.capital_name,a.en_name,a.capital_key,a.pid,a.Price,a.DiffRate,b.capital_length FROM wp_option a left join wp_option_info b on a.id=b.option_id  WHERE ( exists(select b.option_id from wp_user_option c where a.id=c.option_id and c.user_id=) and a.global_flag=1 ) ORDER BY b.sort asc LIMIT 0,3  
ERR: 1064:You have an error in your SQL syntax; check the manual that corresponds to your MySQL server version for the right syntax to use near 'a' at line 1
 [ SQL语句 ] : SHOW COLUMNS FROM wp_userinfo a
INFO: [ view_parse ] --START--
INFO: [ template_filter ] --START--
INFO: Run Behavior\ContentReplace [ RunTime:0.000346s ]
INFO: [ template_filter ] --END-- [ RunTime:0.000446s ]
NOTIC: [8] Undefined variable: info /www/wwwroot/kmforex.com/Application/Runtime/Cache/Pc/294c98e9819a9b31d643d623dee36931.php 第 950 行.
INFO: Run Behavior\ParseTemplate [ RunTime:0.077329s ]
INFO: [ view_parse ] --END-- [ RunTime:0.077436s ]
INFO: [ view_filter ] --START--
INFO: Run Behavior\WriteHtmlCache [ RunTime:0.000233s ]
INFO: [ view_filter ] --END-- [ RunTime:0.000307s ]
INFO: [ app_end ] --START--
INFO: Run Behavior\ShowPageTrace [ RunTime:0.000625s ]
INFO: [ app_end ] --END-- [ RunTime:0.000711s ]

[ 2020-10-11T14:50:14+08:00 ] 47.101.44.165 /
INFO: [ app_begin ] --START--
INFO: Run Behavior\ReadHtmlCache [ RunTime:0.000369s ]
INFO: Run Behavior\CheckLang [ RunTime:0.000567s ]
INFO: [ app_begin ] --END-- [ RunTime:0.001241s ]
NOTIC: [8] Undefined index: user_id /www/wwwroot/kmforex.com/Application/Home/Controller/CommonController.class.php 第 45 行.
NOTIC: [8192] mysql_connect(): The mysql extension is deprecated and will be removed in the future: use mysqli or PDO instead /www/wwwroot/kmforex.com/ThinkPHP/Library/Think/Db/Driver/Mysql.class.php 第 52 行.
ERR: 1064:You have an error in your SQL syntax; check the manual that corresponds to your MySQL server version for the right syntax to use near 'and is_read = 1 ) LIMIT 1' at line 1
 [ SQL语句 ] : SELECT COUNT(*) AS tp_count FROM `wp_money_flow` WHERE (  YEARWEEK(FROM_UNIXTIME(dateline,'%Y-%m-%d'),1) = YEARWEEK(DATE_FORMAT(now(),'%Y-%m-%d'),1) and uid= and is_read = 1 ) LIMIT 1  
NOTIC: [8] Undefined variable: user /www/wwwroot/kmforex.com/Application/Home/Controller/CommonController.class.php 第 97 行.
NOTIC: [8] Undefined index: HTTP_REFERER /www/wwwroot/kmforex.com/Application/Home/Controller/CommonController.class.php 第 112 行.
ERR: 1064:You have an error in your SQL syntax; check the manual that corresponds to your MySQL server version for the right syntax to use near 'a' at line 1
 [ SQL语句 ] : SHOW COLUMNS FROM wp_option a
ERR: 1064:You have an error in your SQL syntax; check the manual that corresponds to your MySQL server version for the right syntax to use near ') and a.global_flag=1 ) ORDER BY b.sort asc LIMIT 0,3' at line 1
 [ SQL语句 ] : SELECT a.id,a.capital_name,a.en_name,a.capital_key,a.pid,a.Price,a.DiffRate,b.capital_length FROM wp_option a left join wp_option_info b on a.id=b.option_id  WHERE ( exists(select b.option_id from wp_user_option c where a.id=c.option_id and c.user_id=) and a.global_flag=1 ) ORDER BY b.sort asc LIMIT 0,3  
ERR: 1064:You have an error in your SQL syntax; check the manual that corresponds to your MySQL server version for the right syntax to use near 'a' at line 1
 [ SQL语句 ] : SHOW COLUMNS FROM wp_userinfo a
INFO: [ view_parse ] --START--
INFO: [ template_filter ] --START--
INFO: Run Behavior\ContentReplace [ RunTime:0.000105s ]
INFO: [ template_filter ] --END-- [ RunTime:0.000168s ]
NOTIC: [8] Undefined variable: info /www/wwwroot/kmforex.com/Application/Runtime/Cache/Home/63efecedbc841600f0dc8a3f2f4786f2.php 第 419 行.
INFO: Run Behavior\ParseTemplate [ RunTime:0.015036s ]
INFO: [ view_parse ] --END-- [ RunTime:0.015186s ]
INFO: [ view_filter ] --START--
INFO: Run Behavior\WriteHtmlCache [ RunTime:0.000151s ]
INFO: [ view_filter ] --END-- [ RunTime:0.000186s ]
INFO: [ app_end ] --START--
INFO: Run Behavior\ShowPageTrace [ RunTime:0.000410s ]
INFO: [ app_end ] --END-- [ RunTime:0.000481s ]

[ 2020-10-11T17:06:44+08:00 ] 112.36.236.154 /
INFO: [ app_begin ] --START--
INFO: Run Behavior\ReadHtmlCache [ RunTime:0.001895s ]
INFO: Run Behavior\CheckLang [ RunTime:0.004842s ]
INFO: [ app_begin ] --END-- [ RunTime:0.008483s ]

[ 2020-10-11T17:06:44+08:00 ] 112.36.236.154 /Pc/Index/index.html
INFO: [ app_begin ] --START--
INFO: Run Behavior\ReadHtmlCache [ RunTime:0.000380s ]
INFO: Run Behavior\CheckLang [ RunTime:0.002015s ]
INFO: [ app_begin ] --END-- [ RunTime:0.002799s ]
NOTIC: [8192] mysql_connect(): The mysql extension is deprecated and will be removed in the future: use mysqli or PDO instead /www/wwwroot/kmforex.com/ThinkPHP/Library/Think/Db/Driver/Mysql.class.php 第 52 行.
NOTIC: [8] Undefined index: HTTP_REFERER /www/wwwroot/kmforex.com/Application/Pc/Controller/CommonController.class.php 第 124 行.
ERR: 1064:You have an error in your SQL syntax; check the manual that corresponds to your MySQL server version for the right syntax to use near 'a' at line 1
 [ SQL语句 ] : SHOW COLUMNS FROM wp_option a
ERR: 1064:You have an error in your SQL syntax; check the manual that corresponds to your MySQL server version for the right syntax to use near 'a' at line 1
 [ SQL语句 ] : SHOW COLUMNS FROM wp_userinfo a
INFO: [ view_parse ] --START--
INFO: [ template_filter ] --START--
INFO: Run Behavior\ContentReplace [ RunTime:0.000178s ]
INFO: [ template_filter ] --END-- [ RunTime:0.000247s ]
NOTIC: [8] Undefined variable: info /www/wwwroot/kmforex.com/Application/Runtime/Cache/Pc/294c98e9819a9b31d643d623dee36931.php 第 950 行.
INFO: Run Behavior\ParseTemplate [ RunTime:0.069333s ]
INFO: [ view_parse ] --END-- [ RunTime:0.069403s ]
INFO: [ view_filter ] --START--
INFO: Run Behavior\WriteHtmlCache [ RunTime:0.001489s ]
INFO: [ view_filter ] --END-- [ RunTime:0.001536s ]
INFO: [ app_end ] --START--
INFO: Run Behavior\ShowPageTrace [ RunTime:0.001751s ]
INFO: [ app_end ] --END-- [ RunTime:0.001811s ]

[ 2020-10-11T17:06:47+08:00 ] 112.36.236.154 /Pc/User/index.html
INFO: [ app_begin ] --START--
INFO: Run Behavior\ReadHtmlCache [ RunTime:0.000325s ]
INFO: Run Behavior\CheckLang [ RunTime:0.002003s ]
INFO: [ app_begin ] --END-- [ RunTime:0.002638s ]
NOTIC: [8192] mysql_connect(): The mysql extension is deprecated and will be removed in the future: use mysqli or PDO instead /www/wwwroot/kmforex.com/ThinkPHP/Library/Think/Db/Driver/Mysql.class.php 第 52 行.
ERR: 1064:You have an error in your SQL syntax; check the manual that corresponds to your MySQL server version for the right syntax to use near 'a' at line 1
 [ SQL语句 ] : SHOW COLUMNS FROM wp_personal_user_data a
NOTIC: [8] Undefined index: card /www/wwwroot/kmforex.com/Application/Pc/Controller/UserController.class.php 第 70 行.
INFO: [ view_parse ] --START--
INFO: [ template_filter ] --START--
INFO: Run Behavior\ContentReplace [ RunTime:0.000248s ]
INFO: [ template_filter ] --END-- [ RunTime:0.000336s ]
NOTIC: [8] Undefined variable: lang /www/wwwroot/kmforex.com/Application/Runtime/Cache/Pc/d19d02bff2da0524a8d1e1020d5f56d9.php 第 244 行.
NOTIC: [8] Undefined variable: lang /www/wwwroot/kmforex.com/Application/Runtime/Cache/Pc/d19d02bff2da0524a8d1e1020d5f56d9.php 第 246 行.
INFO: Run Behavior\ParseTemplate [ RunTime:0.039249s ]
INFO: [ view_parse ] --END-- [ RunTime:0.039301s ]
INFO: [ view_filter ] --START--
INFO: Run Behavior\WriteHtmlCache [ RunTime:0.000147s ]
INFO: [ view_filter ] --END-- [ RunTime:0.000182s ]
INFO: [ app_end ] --START--
INFO: Run Behavior\ShowPageTrace [ RunTime:0.000411s ]
INFO: [ app_end ] --END-- [ RunTime:0.000461s ]

[ 2020-10-11T17:07:08+08:00 ] 112.36.236.154 /Pc/User/index.html
INFO: [ app_begin ] --START--
INFO: Run Behavior\ReadHtmlCache [ RunTime:0.000349s ]
INFO: Run Behavior\CheckLang [ RunTime:0.000746s ]
INFO: [ app_begin ] --END-- [ RunTime:0.001424s ]
NOTIC: [8192] mysql_connect(): The mysql extension is deprecated and will be removed in the future: use mysqli or PDO instead /www/wwwroot/kmforex.com/ThinkPHP/Library/Think/Db/Driver/Mysql.class.php 第 52 行.
ERR: 1064:You have an error in your SQL syntax; check the manual that corresponds to your MySQL server version for the right syntax to use near 'a' at line 1
 [ SQL语句 ] : SHOW COLUMNS FROM wp_personal_user_data a
NOTIC: [8] Undefined index: card /www/wwwroot/kmforex.com/Application/Pc/Controller/UserController.class.php 第 70 行.
INFO: [ view_parse ] --START--
INFO: [ template_filter ] --START--
INFO: Run Behavior\ContentReplace [ RunTime:0.000341s ]
INFO: [ template_filter ] --END-- [ RunTime:0.000406s ]
NOTIC: [8] Undefined variable: lang /www/wwwroot/kmforex.com/Application/Runtime/Cache/Pc/d19d02bff2da0524a8d1e1020d5f56d9.php 第 244 行.
NOTIC: [8] Undefined variable: lang /www/wwwroot/kmforex.com/Application/Runtime/Cache/Pc/d19d02bff2da0524a8d1e1020d5f56d9.php 第 246 行.
INFO: Run Behavior\ParseTemplate [ RunTime:0.019972s ]
INFO: [ view_parse ] --END-- [ RunTime:0.020020s ]
INFO: [ view_filter ] --START--
INFO: Run Behavior\WriteHtmlCache [ RunTime:0.000231s ]
INFO: [ view_filter ] --END-- [ RunTime:0.000268s ]
INFO: [ app_end ] --START--
INFO: Run Behavior\ShowPageTrace [ RunTime:0.000437s ]
INFO: [ app_end ] --END-- [ RunTime:0.000481s ]

[ 2020-10-11T17:07:09+08:00 ] 112.36.236.154 /Pc/Investment/index.html
INFO: [ app_begin ] --START--
INFO: Run Behavior\ReadHtmlCache [ RunTime:0.000363s ]
INFO: Run Behavior\CheckLang [ RunTime:0.015275s ]
INFO: [ app_begin ] --END-- [ RunTime:0.016005s ]
NOTIC: [8192] mysql_connect(): The mysql extension is deprecated and will be removed in the future: use mysqli or PDO instead /www/wwwroot/kmforex.com/ThinkPHP/Library/Think/Db/Driver/Mysql.class.php 第 52 行.
ERR: 1064:You have an error in your SQL syntax; check the manual that corresponds to your MySQL server version for the right syntax to use near 'a' at line 1
 [ SQL语句 ] : SHOW COLUMNS FROM wp_userinfo a
NOTIC: [8] Undefined index: profitCount /www/wwwroot/kmforex.com/Application/Pc/Controller/InvestmentController.class.php 第 82 行.
NOTIC: [8] Undefined index: count /www/wwwroot/kmforex.com/Application/Pc/Controller/InvestmentController.class.php 第 82 行.
NOTIC: [2] Division by zero /www/wwwroot/kmforex.com/Application/Pc/Controller/InvestmentController.class.php 第 82 行.
ERR: 1064:You have an error in your SQL syntax; check the manual that corresponds to your MySQL server version for the right syntax to use near ') )' at line 1
 [ SQL语句 ] : SELECT `capital_key`,`pid`,`id`,`capital_name`,`en_name` FROM `wp_option` WHERE ( id in() ) 
NOTIC: [2] Invalid argument supplied for foreach() /www/wwwroot/kmforex.com/Application/Pc/Controller/InvestmentController.class.php 第 115 行.
NOTIC: [2] Invalid argument supplied for foreach() /www/wwwroot/kmforex.com/Application/Pc/Controller/InvestmentController.class.php 第 145 行.
ERR: 1064:You have an error in your SQL syntax; check the manual that corresponds to your MySQL server version for the right syntax to use near ') )' at line 1
 [ SQL语句 ] : SELECT * FROM `wp_option_classify` WHERE ( id in() ) 
NOTIC: [2] Invalid argument supplied for foreach() /www/wwwroot/kmforex.com/Application/Pc/Controller/InvestmentController.class.php 第 156 行.
ERR: 1064:You have an error in your SQL syntax; check the manual that corresponds to your MySQL server version for the right syntax to use near 'a' at line 1
 [ SQL语句 ] : SHOW COLUMNS FROM wp_personal_user_data a
NOTIC: [8] Undefined index: card /www/wwwroot/kmforex.com/Application/Pc/Controller/InvestmentController.class.php 第 240 行.
ERR: 1054:Unknown column 'selltime' in 'where clause'
 [ SQL语句 ] : SELECT `bid`,`bankname`,`banknumber`,`busername`,`status` FROM `wp_bankinfo` WHERE ( `uid` = 4 ) AND ( TO_DAYS(NOW()) - TO_DAYS(FROM_UNIXTIME(selltime,"%Y-%m-%d %H:%i:%s")) = 1 ) AND ( `status` IN ('0','1') ) 
NOTIC: [2] Invalid argument supplied for foreach() /www/wwwroot/kmforex.com/Application/Pc/Controller/InvestmentController.class.php 第 252 行.
INFO: [ view_parse ] --START--
INFO: [ template_filter ] --START--
INFO: Run Behavior\ContentReplace [ RunTime:0.000145s ]
INFO: [ template_filter ] --END-- [ RunTime:0.000207s ]
NOTIC: [8] Undefined variable: lang /www/wwwroot/kmforex.com/Application/Runtime/Cache/Pc/7d573c8505a3bb8759ab8933e53ed95c.php 第 300 行.
NOTIC: [8] Undefined variable: lang /www/wwwroot/kmforex.com/Application/Runtime/Cache/Pc/7d573c8505a3bb8759ab8933e53ed95c.php 第 302 行.
INFO: Run Behavior\ParseTemplate [ RunTime:0.020765s ]
INFO: [ view_parse ] --END-- [ RunTime:0.020833s ]
INFO: [ view_filter ] --START--
INFO: Run Behavior\WriteHtmlCache [ RunTime:0.000131s ]
INFO: [ view_filter ] --END-- [ RunTime:0.000164s ]
INFO: [ app_end ] --START--
INFO: Run Behavior\ShowPageTrace [ RunTime:0.000397s ]
INFO: [ app_end ] --END-- [ RunTime:0.000440s ]

[ 2020-10-11T17:07:11+08:00 ] 112.36.236.154 /Pc/Follow/index.html
INFO: [ app_begin ] --START--
INFO: Run Behavior\ReadHtmlCache [ RunTime:0.000332s ]
INFO: Run Behavior\CheckLang [ RunTime:0.002108s ]
INFO: [ app_begin ] --END-- [ RunTime:0.002754s ]
NOTIC: [8192] mysql_connect(): The mysql extension is deprecated and will be removed in the future: use mysqli or PDO instead /www/wwwroot/kmforex.com/ThinkPHP/Library/Think/Db/Driver/Mysql.class.php 第 52 行.
ERR: 1064:You have an error in your SQL syntax; check the manual that corresponds to your MySQL server version for the right syntax to use near 'a' at line 1
 [ SQL语句 ] : SHOW COLUMNS FROM wp_personal_user_data a
NOTIC: [8] Undefined index: card /www/wwwroot/kmforex.com/Application/Pc/Controller/FollowController.class.php 第 91 行.
INFO: [ view_parse ] --START--
INFO: [ template_filter ] --START--
INFO: Run Behavior\ContentReplace [ RunTime:0.000133s ]
INFO: [ template_filter ] --END-- [ RunTime:0.000190s ]
NOTIC: [8] Undefined variable: lang /www/wwwroot/kmforex.com/Application/Runtime/Cache/Pc/40cef43bea50aee33e9cf17f156460b5.php 第 414 行.
NOTIC: [8] Undefined variable: lang /www/wwwroot/kmforex.com/Application/Runtime/Cache/Pc/40cef43bea50aee33e9cf17f156460b5.php 第 416 行.
INFO: Run Behavior\ParseTemplate [ RunTime:0.020739s ]
INFO: [ view_parse ] --END-- [ RunTime:0.020786s ]
INFO: [ view_filter ] --START--
INFO: Run Behavior\WriteHtmlCache [ RunTime:0.000129s ]
INFO: [ view_filter ] --END-- [ RunTime:0.000163s ]
INFO: [ app_end ] --START--
INFO: Run Behavior\ShowPageTrace [ RunTime:0.000392s ]
INFO: [ app_end ] --END-- [ RunTime:0.000436s ]

[ 2020-10-11T17:07:12+08:00 ] 112.36.236.154 /Pc/Message/index.html
INFO: [ app_begin ] --START--
INFO: Run Behavior\ReadHtmlCache [ RunTime:0.000358s ]
INFO: Run Behavior\CheckLang [ RunTime:0.002248s ]
INFO: [ app_begin ] --END-- [ RunTime:0.002961s ]
NOTIC: [8192] mysql_connect(): The mysql extension is deprecated and will be removed in the future: use mysqli or PDO instead /www/wwwroot/kmforex.com/ThinkPHP/Library/Think/Db/Driver/Mysql.class.php 第 52 行.
NOTIC: [2] Invalid argument supplied for foreach() /www/wwwroot/kmforex.com/Application/Pc/Controller/MessageController.class.php 第 40 行.
ERR: 1064:You have an error in your SQL syntax; check the manual that corresponds to your MySQL server version for the right syntax to use near 'a' at line 1
 [ SQL语句 ] : SHOW COLUMNS FROM wp_personal_user_data a
NOTIC: [8] Undefined index: card /www/wwwroot/kmforex.com/Application/Pc/Controller/MessageController.class.php 第 131 行.
INFO: [ view_parse ] --START--
INFO: [ template_filter ] --START--
INFO: Run Behavior\ContentReplace [ RunTime:0.000121s ]
INFO: [ template_filter ] --END-- [ RunTime:0.000179s ]
NOTIC: [8] Undefined variable: lang /www/wwwroot/kmforex.com/Application/Runtime/Cache/Pc/d37d7bb992cb405a19a9a46c484a36ca.php 第 253 行.
NOTIC: [8] Undefined variable: lang /www/wwwroot/kmforex.com/Application/Runtime/Cache/Pc/d37d7bb992cb405a19a9a46c484a36ca.php 第 255 行.
INFO: Run Behavior\ParseTemplate [ RunTime:0.016968s ]
INFO: [ view_parse ] --END-- [ RunTime:0.017018s ]
INFO: [ view_filter ] --START--
INFO: Run Behavior\WriteHtmlCache [ RunTime:0.000145s ]
INFO: [ view_filter ] --END-- [ RunTime:0.000187s ]
INFO: [ app_end ] --START--
INFO: Run Behavior\ShowPageTrace [ RunTime:0.000373s ]
INFO: [ app_end ] --END-- [ RunTime:0.000415s ]

[ 2020-10-11T17:07:15+08:00 ] 112.36.236.154 /Pc/Setting/aboutwe.html
INFO: [ app_begin ] --START--
INFO: Run Behavior\ReadHtmlCache [ RunTime:0.000513s ]
INFO: Run Behavior\CheckLang [ RunTime:0.002180s ]
INFO: [ app_begin ] --END-- [ RunTime:0.003160s ]
NOTIC: [8192] mysql_connect(): The mysql extension is deprecated and will be removed in the future: use mysqli or PDO instead /www/wwwroot/kmforex.com/ThinkPHP/Library/Think/Db/Driver/Mysql.class.php 第 52 行.
ERR: 1064:You have an error in your SQL syntax; check the manual that corresponds to your MySQL server version for the right syntax to use near 'a' at line 1
 [ SQL语句 ] : SHOW COLUMNS FROM wp_personal_user_data a
NOTIC: [8] Undefined index: card /www/wwwroot/kmforex.com/Application/Pc/Controller/SettingController.class.php 第 422 行.
INFO: [ view_parse ] --START--
INFO: [ template_filter ] --START--
INFO: Run Behavior\ContentReplace [ RunTime:0.000116s ]
INFO: [ template_filter ] --END-- [ RunTime:0.000192s ]
NOTIC: [8] Undefined variable: lang /www/wwwroot/kmforex.com/Application/Runtime/Cache/Pc/9b91c50249a46ab31f0604bbbc9cf8e9.php 第 180 行.
NOTIC: [8] Undefined variable: lang /www/wwwroot/kmforex.com/Application/Runtime/Cache/Pc/9b91c50249a46ab31f0604bbbc9cf8e9.php 第 182 行.
INFO: Run Behavior\ParseTemplate [ RunTime:0.017126s ]
INFO: [ view_parse ] --END-- [ RunTime:0.017176s ]
INFO: [ view_filter ] --START--
INFO: Run Behavior\WriteHtmlCache [ RunTime:0.000143s ]
INFO: [ view_filter ] --END-- [ RunTime:0.000180s ]
INFO: [ app_end ] --START--
INFO: Run Behavior\ShowPageTrace [ RunTime:0.000457s ]
INFO: [ app_end ] --END-- [ RunTime:0.000511s ]

[ 2020-10-11T17:08:33+08:00 ] 112.36.236.154 /Pc/Withdrawals/index.html
INFO: [ app_begin ] --START--
INFO: Run Behavior\ReadHtmlCache [ RunTime:0.000513s ]
INFO: Run Behavior\CheckLang [ RunTime:0.002294s ]
INFO: [ app_begin ] --END-- [ RunTime:0.003244s ]
NOTIC: [8192] mysql_connect(): The mysql extension is deprecated and will be removed in the future: use mysqli or PDO instead /www/wwwroot/kmforex.com/ThinkPHP/Library/Think/Db/Driver/Mysql.class.php 第 52 行.
INFO: [ view_parse ] --START--
INFO: [ template_filter ] --START--
INFO: Run Behavior\ContentReplace [ RunTime:0.000101s ]
INFO: [ template_filter ] --END-- [ RunTime:0.000164s ]
NOTIC: [8] Undefined variable: lang /www/wwwroot/kmforex.com/Application/Runtime/Cache/Pc/5d7631113c2a83b44349ae0f425bf15c.php 第 440 行.
NOTIC: [8] Undefined variable: lang /www/wwwroot/kmforex.com/Application/Runtime/Cache/Pc/5d7631113c2a83b44349ae0f425bf15c.php 第 442 行.
INFO: Run Behavior\ParseTemplate [ RunTime:0.014520s ]
INFO: [ view_parse ] --END-- [ RunTime:0.014584s ]
INFO: [ view_filter ] --START--
INFO: Run Behavior\WriteHtmlCache [ RunTime:0.000221s ]
INFO: [ view_filter ] --END-- [ RunTime:0.000255s ]
INFO: [ app_end ] --START--
INFO: Run Behavior\ShowPageTrace [ RunTime:0.000401s ]
INFO: [ app_end ] --END-- [ RunTime:0.000444s ]

[ 2020-10-11T17:08:59+08:00 ] 112.36.236.154 /Pc/Position/trade.html
INFO: [ app_begin ] --START--
INFO: Run Behavior\ReadHtmlCache [ RunTime:0.000467s ]
INFO: Run Behavior\CheckLang [ RunTime:0.002013s ]
INFO: [ app_begin ] --END-- [ RunTime:0.002852s ]
NOTIC: [8192] mysql_connect(): The mysql extension is deprecated and will be removed in the future: use mysqli or PDO instead /www/wwwroot/kmforex.com/ThinkPHP/Library/Think/Db/Driver/Mysql.class.php 第 52 行.
NOTIC: [2] Invalid argument supplied for foreach() /www/wwwroot/kmforex.com/Application/Pc/Controller/PositionController.class.php 第 58 行.
INFO: [ view_parse ] --START--
INFO: [ template_filter ] --START--
INFO: Run Behavior\ContentReplace [ RunTime:0.000186s ]
INFO: [ template_filter ] --END-- [ RunTime:0.000251s ]
INFO: Run Behavior\ParseTemplate [ RunTime:0.037496s ]
INFO: [ view_parse ] --END-- [ RunTime:0.039247s ]
INFO: [ view_filter ] --START--
INFO: Run Behavior\WriteHtmlCache [ RunTime:0.000168s ]
INFO: [ view_filter ] --END-- [ RunTime:0.000203s ]
INFO: [ app_end ] --START--
INFO: Run Behavior\ShowPageTrace [ RunTime:0.000436s ]
INFO: [ app_end ] --END-- [ RunTime:0.000484s ]

[ 2020-10-11T17:10:23+08:00 ] 112.36.236.154 /Pc/User/BrokersSwitch.html
INFO: [ app_begin ] --START--
INFO: Run Behavior\ReadHtmlCache [ RunTime:0.000319s ]
INFO: Run Behavior\CheckLang [ RunTime:0.000783s ]
INFO: [ app_begin ] --END-- [ RunTime:0.001408s ]
NOTIC: [8192] mysql_connect(): The mysql extension is deprecated and will be removed in the future: use mysqli or PDO instead /www/wwwroot/kmforex.com/ThinkPHP/Library/Think/Db/Driver/Mysql.class.php 第 52 行.
ERR: 1064:You have an error in your SQL syntax; check the manual that corresponds to your MySQL server version for the right syntax to use near 'a' at line 1
 [ SQL语句 ] : SHOW COLUMNS FROM wp_personal_user_data a
NOTIC: [8] Undefined index: card /www/wwwroot/kmforex.com/Application/Pc/Controller/UserController.class.php 第 70 行.
INFO: [ view_parse ] --START--
INFO: [ template_filter ] --START--
INFO: Run Behavior\ContentReplace [ RunTime:0.000136s ]
INFO: [ template_filter ] --END-- [ RunTime:0.000196s ]
NOTIC: [8] Undefined variable: lang /www/wwwroot/kmforex.com/Application/Runtime/Cache/Pc/f43315a13f37cc01d62f3b2bef4b2437.php 第 701 行.
NOTIC: [8] Undefined variable: lang /www/wwwroot/kmforex.com/Application/Runtime/Cache/Pc/f43315a13f37cc01d62f3b2bef4b2437.php 第 703 行.
INFO: Run Behavior\ParseTemplate [ RunTime:0.023709s ]
INFO: [ view_parse ] --END-- [ RunTime:0.023769s ]
INFO: [ view_filter ] --START--
INFO: Run Behavior\WriteHtmlCache [ RunTime:0.000128s ]
INFO: [ view_filter ] --END-- [ RunTime:0.000167s ]
INFO: [ app_end ] --START--
INFO: Run Behavior\ShowPageTrace [ RunTime:0.000383s ]
INFO: [ app_end ] --END-- [ RunTime:0.000425s ]

[ 2020-10-11T17:10:33+08:00 ] 112.36.236.154 /Pc/Product/lists.html
INFO: [ app_begin ] --START--
INFO: Run Behavior\ReadHtmlCache [ RunTime:0.000495s ]
INFO: Run Behavior\CheckLang [ RunTime:0.003081s ]
INFO: [ app_begin ] --END-- [ RunTime:0.003981s ]
NOTIC: [8192] mysql_connect(): The mysql extension is deprecated and will be removed in the future: use mysqli or PDO instead /www/wwwroot/kmforex.com/ThinkPHP/Library/Think/Db/Driver/Mysql.class.php 第 52 行.
ERR: 1064:You have an error in your SQL syntax; check the manual that corresponds to your MySQL server version for the right syntax to use near 'a' at line 1
 [ SQL语句 ] : SHOW COLUMNS FROM wp_option a
NOTIC: [8] Undefined offset: 62 /www/wwwroot/kmforex.com/Application/Pc/Controller/ProductController.class.php 第 215 行.
NOTIC: [8] Undefined offset: 101 /www/wwwroot/kmforex.com/Application/Pc/Controller/ProductController.class.php 第 215 行.
NOTIC: [8] Undefined offset: 10 /www/wwwroot/kmforex.com/Application/Pc/Controller/ProductController.class.php 第 215 行.
NOTIC: [8] Undefined offset: 60 /www/wwwroot/kmforex.com/Application/Pc/Controller/ProductController.class.php 第 215 行.
NOTIC: [8] Undefined offset: 59 /www/wwwroot/kmforex.com/Application/Pc/Controller/ProductController.class.php 第 215 行.
NOTIC: [8] Undefined offset: 70 /www/wwwroot/kmforex.com/Application/Pc/Controller/ProductController.class.php 第 215 行.
NOTIC: [8] Undefined offset: 71 /www/wwwroot/kmforex.com/Application/Pc/Controller/ProductController.class.php 第 215 行.
NOTIC: [8] Undefined offset: 72 /www/wwwroot/kmforex.com/Application/Pc/Controller/ProductController.class.php 第 215 行.
NOTIC: [8] Undefined offset: 74 /www/wwwroot/kmforex.com/Application/Pc/Controller/ProductController.class.php 第 215 行.
NOTIC: [8] Undefined offset: 75 /www/wwwroot/kmforex.com/Application/Pc/Controller/ProductController.class.php 第 215 行.
NOTIC: [8] Undefined offset: 76 /www/wwwroot/kmforex.com/Application/Pc/Controller/ProductController.class.php 第 215 行.
NOTIC: [8] Undefined offset: 77 /www/wwwroot/kmforex.com/Application/Pc/Controller/ProductController.class.php 第 215 行.
NOTIC: [8] Undefined offset: 78 /www/wwwroot/kmforex.com/Application/Pc/Controller/ProductController.class.php 第 215 行.
NOTIC: [8] Undefined offset: 79 /www/wwwroot/kmforex.com/Application/Pc/Controller/ProductController.class.php 第 215 行.
NOTIC: [8] Undefined offset: 80 /www/wwwroot/kmforex.com/Application/Pc/Controller/ProductController.class.php 第 215 行.
NOTIC: [8] Undefined offset: 81 /www/wwwroot/kmforex.com/Application/Pc/Controller/ProductController.class.php 第 215 行.
NOTIC: [8] Undefined offset: 82 /www/wwwroot/kmforex.com/Application/Pc/Controller/ProductController.class.php 第 215 行.
NOTIC: [8] Undefined offset: 83 /www/wwwroot/kmforex.com/Application/Pc/Controller/ProductController.class.php 第 215 行.
NOTIC: [8] Undefined offset: 84 /www/wwwroot/kmforex.com/Application/Pc/Controller/ProductController.class.php 第 215 行.
NOTIC: [8] Undefined offset: 85 /www/wwwroot/kmforex.com/Application/Pc/Controller/ProductController.class.php 第 215 行.
NOTIC: [8] Undefined offset: 86 /www/wwwroot/kmforex.com/Application/Pc/Controller/ProductController.class.php 第 215 行.
NOTIC: [8] Undefined offset: 87 /www/wwwroot/kmforex.com/Application/Pc/Controller/ProductController.class.php 第 215 行.
NOTIC: [8] Undefined offset: 88 /www/wwwroot/kmforex.com/Application/Pc/Controller/ProductController.class.php 第 215 行.
NOTIC: [8] Undefined offset: 89 /www/wwwroot/kmforex.com/Application/Pc/Controller/ProductController.class.php 第 215 行.
NOTIC: [8] Undefined offset: 90 /www/wwwroot/kmforex.com/Application/Pc/Controller/ProductController.class.php 第 215 行.
NOTIC: [8] Undefined offset: 93 /www/wwwroot/kmforex.com/Application/Pc/Controller/ProductController.class.php 第 215 行.
NOTIC: [8] Undefined offset: 95 /www/wwwroot/kmforex.com/Application/Pc/Controller/ProductController.class.php 第 215 行.
NOTIC: [8] Undefined offset: 99 /www/wwwroot/kmforex.com/Application/Pc/Controller/ProductController.class.php 第 215 行.
INFO: [ view_parse ] --START--
INFO: [ template_filter ] --START--
INFO: Run Behavior\ContentReplace [ RunTime:0.000302s ]
INFO: [ template_filter ] --END-- [ RunTime:0.000396s ]
NOTIC: [8] Undefined variable: lang /www/wwwroot/kmforex.com/Application/Runtime/Cache/Pc/263edaac76f2de40cab8b3d446be49f8.php 第 283 行.
NOTIC: [8] Undefined variable: lang /www/wwwroot/kmforex.com/Application/Runtime/Cache/Pc/263edaac76f2de40cab8b3d446be49f8.php 第 285 行.
NOTIC: [8] Undefined index: status /www/wwwroot/kmforex.com/Application/Runtime/Cache/Pc/263edaac76f2de40cab8b3d446be49f8.php 第 572 行.
NOTIC: [8] Undefined index: status /www/wwwroot/kmforex.com/Application/Runtime/Cache/Pc/263edaac76f2de40cab8b3d446be49f8.php 第 572 行.
NOTIC: [8] Undefined index: status /www/wwwroot/kmforex.com/Application/Runtime/Cache/Pc/263edaac76f2de40cab8b3d446be49f8.php 第 572 行.
NOTIC: [8] Undefined index: status /www/wwwroot/kmforex.com/Application/Runtime/Cache/Pc/263edaac76f2de40cab8b3d446be49f8.php 第 572 行.
NOTIC: [8] Undefined index: status /www/wwwroot/kmforex.com/Application/Runtime/Cache/Pc/263edaac76f2de40cab8b3d446be49f8.php 第 572 行.
NOTIC: [8] Undefined index: status /www/wwwroot/kmforex.com/Application/Runtime/Cache/Pc/263edaac76f2de40cab8b3d446be49f8.php 第 572 行.
NOTIC: [8] Undefined index: status /www/wwwroot/kmforex.com/Application/Runtime/Cache/Pc/263edaac76f2de40cab8b3d446be49f8.php 第 572 行.
NOTIC: [8] Undefined index: status /www/wwwroot/kmforex.com/Application/Runtime/Cache/Pc/263edaac76f2de40cab8b3d446be49f8.php 第 572 行.
NOTIC: [8] Undefined index: status /www/wwwroot/kmforex.com/Application/Runtime/Cache/Pc/263edaac76f2de40cab8b3d446be49f8.php 第 572 行.
NOTIC: [8] Undefined index: status /www/wwwroot/kmforex.com/Application/Runtime/Cache/Pc/263edaac76f2de40cab8b3d446be49f8.php 第 572 行.
NOTIC: [8] Undefined index: status /www/wwwroot/kmforex.com/Application/Runtime/Cache/Pc/263edaac76f2de40cab8b3d446be49f8.php 第 572 行.
NOTIC: [8] Undefined index: status /www/wwwroot/kmforex.com/Application/Runtime/Cache/Pc/263edaac76f2de40cab8b3d446be49f8.php 第 572 行.
NOTIC: [8] Undefined index: status /www/wwwroot/kmforex.com/Application/Runtime/Cache/Pc/263edaac76f2de40cab8b3d446be49f8.php 第 572 行.
NOTIC: [8] Undefined index: status /www/wwwroot/kmforex.com/Application/Runtime/Cache/Pc/263edaac76f2de40cab8b3d446be49f8.php 第 572 行.
NOTIC: [8] Undefined index: status /www/wwwroot/kmforex.com/Application/Runtime/Cache/Pc/263edaac76f2de40cab8b3d446be49f8.php 第 572 行.
NOTIC: [8] Undefined index: status /www/wwwroot/kmforex.com/Application/Runtime/Cache/Pc/263edaac76f2de40cab8b3d446be49f8.php 第 585 行.
NOTIC: [8] Undefined index: status /www/wwwroot/kmforex.com/Application/Runtime/Cache/Pc/263edaac76f2de40cab8b3d446be49f8.php 第 585 行.
NOTIC: [8] Undefined index: status /www/wwwroot/kmforex.com/Application/Runtime/Cache/Pc/263edaac76f2de40cab8b3d446be49f8.php 第 585 行.
NOTIC: [8] Undefined index: status /www/wwwroot/kmforex.com/Application/Runtime/Cache/Pc/263edaac76f2de40cab8b3d446be49f8.php 第 585 行.
NOTIC: [8] Undefined index: status /www/wwwroot/kmforex.com/Application/Runtime/Cache/Pc/263edaac76f2de40cab8b3d446be49f8.php 第 598 行.
NOTIC: [8] Undefined index: status /www/wwwroot/kmforex.com/Application/Runtime/Cache/Pc/263edaac76f2de40cab8b3d446be49f8.php 第 598 行.
NOTIC: [8] Undefined index: status /www/wwwroot/kmforex.com/Application/Runtime/Cache/Pc/263edaac76f2de40cab8b3d446be49f8.php 第 598 行.
NOTIC: [8] Undefined index: status /www/wwwroot/kmforex.com/Application/Runtime/Cache/Pc/263edaac76f2de40cab8b3d446be49f8.php 第 598 行.
NOTIC: [8] Undefined index: status /www/wwwroot/kmforex.com/Application/Runtime/Cache/Pc/263edaac76f2de40cab8b3d446be49f8.php 第 598 行.
NOTIC: [8] Undefined index: status /www/wwwroot/kmforex.com/Application/Runtime/Cache/Pc/263edaac76f2de40cab8b3d446be49f8.php 第 611 行.
NOTIC: [8] Undefined index: status /www/wwwroot/kmforex.com/Application/Runtime/Cache/Pc/263edaac76f2de40cab8b3d446be49f8.php 第 611 行.
NOTIC: [8] Undefined index: status /www/wwwroot/kmforex.com/Application/Runtime/Cache/Pc/263edaac76f2de40cab8b3d446be49f8.php 第 611 行.
NOTIC: [8] Undefined index: status /www/wwwroot/kmforex.com/Application/Runtime/Cache/Pc/263edaac76f2de40cab8b3d446be49f8.php 第 611 行.
INFO: Run Behavior\ParseTemplate [ RunTime:0.071192s ]
INFO: [ view_parse ] --END-- [ RunTime:0.071265s ]
INFO: [ view_filter ] --START--
INFO: Run Behavior\WriteHtmlCache [ RunTime:0.000187s ]
INFO: [ view_filter ] --END-- [ RunTime:0.000238s ]
INFO: [ app_end ] --START--
INFO: Run Behavior\ShowPageTrace [ RunTime:0.000585s ]
INFO: [ app_end ] --END-- [ RunTime:0.000653s ]

[ 2020-10-11T17:10:48+08:00 ] 112.36.236.154 /Pc/Product/details/id/68/index/1.html
INFO: [ app_begin ] --START--
INFO: Run Behavior\ReadHtmlCache [ RunTime:0.000370s ]
INFO: Run Behavior\CheckLang [ RunTime:0.000668s ]
INFO: [ app_begin ] --END-- [ RunTime:0.001443s ]
NOTIC: [8192] mysql_connect(): The mysql extension is deprecated and will be removed in the future: use mysqli or PDO instead /www/wwwroot/kmforex.com/ThinkPHP/Library/Think/Db/Driver/Mysql.class.php 第 52 行.
ERR: 1064:You have an error in your SQL syntax; check the manual that corresponds to your MySQL server version for the right syntax to use near 'a' at line 1
 [ SQL语句 ] : SHOW COLUMNS FROM wp_option a
ERR: 1064:You have an error in your SQL syntax; check the manual that corresponds to your MySQL server version for the right syntax to use near 'a' at line 1
 [ SQL语句 ] : SHOW COLUMNS FROM wp_order a
NOTIC: [2] Invalid argument supplied for foreach() /www/wwwroot/kmforex.com/Application/Pc/Controller/ProductController.class.php 第 392 行.
INFO: [ view_parse ] --START--
INFO: [ template_filter ] --START--
INFO: Run Behavior\ContentReplace [ RunTime:0.000518s ]
INFO: [ template_filter ] --END-- [ RunTime:0.000589s ]
NOTIC: [8] Undefined variable: lang /www/wwwroot/kmforex.com/Application/Runtime/Cache/Pc/e75184cc8fcb6640863404cc5b5539d7.php 第 502 行.
NOTIC: [8] Undefined variable: lang /www/wwwroot/kmforex.com/Application/Runtime/Cache/Pc/e75184cc8fcb6640863404cc5b5539d7.php 第 504 行.
INFO: Run Behavior\ParseTemplate [ RunTime:0.054486s ]
INFO: [ view_parse ] --END-- [ RunTime:0.054565s ]
INFO: [ view_filter ] --START--
INFO: Run Behavior\WriteHtmlCache [ RunTime:0.000138s ]
INFO: [ view_filter ] --END-- [ RunTime:0.000173s ]
INFO: [ app_end ] --START--
INFO: Run Behavior\ShowPageTrace [ RunTime:0.000496s ]
INFO: [ app_end ] --END-- [ RunTime:0.000546s ]

[ 2020-10-11T17:10:48+08:00 ] 112.36.236.154 /Pc/Product/highcharts/code/fx_sgbpjpy/interval/fenshi/type/candlestick/height/350/length/2.html
INFO: [ app_begin ] --START--
INFO: Run Behavior\ReadHtmlCache [ RunTime:0.000343s ]
INFO: Run Behavior\CheckLang [ RunTime:0.000636s ]
INFO: [ app_begin ] --END-- [ RunTime:0.001284s ]
NOTIC: [8192] mysql_connect(): The mysql extension is deprecated and will be removed in the future: use mysqli or PDO instead /www/wwwroot/kmforex.com/ThinkPHP/Library/Think/Db/Driver/Mysql.class.php 第 52 行.
ERR: 1064:You have an error in your SQL syntax; check the manual that corresponds to your MySQL server version for the right syntax to use near 'a' at line 1
 [ SQL语句 ] : SHOW COLUMNS FROM wp_option_classify a
INFO: [ view_parse ] --START--
INFO: [ template_filter ] --START--
INFO: Run Behavior\ContentReplace [ RunTime:0.000044s ]
INFO: [ template_filter ] --END-- [ RunTime:0.000090s ]
INFO: Run Behavior\ParseTemplate [ RunTime:0.007168s ]
INFO: [ view_parse ] --END-- [ RunTime:0.007220s ]
INFO: [ view_filter ] --START--
INFO: Run Behavior\WriteHtmlCache [ RunTime:0.000116s ]
INFO: [ view_filter ] --END-- [ RunTime:0.000149s ]
INFO: [ app_end ] --START--
INFO: Run Behavior\ShowPageTrace [ RunTime:0.000401s ]
INFO: [ app_end ] --END-- [ RunTime:0.000445s ]

[ 2020-10-11T17:10:49+08:00 ] 112.36.236.154 /Pc/Data/getData/code/fx_sgbpjpy/interval/1m/rows/60.html
INFO: [ app_begin ] --START--
INFO: Run Behavior\ReadHtmlCache [ RunTime:0.000355s ]
INFO: Run Behavior\CheckLang [ RunTime:0.000502s ]
INFO: [ app_begin ] --END-- [ RunTime:0.001156s ]
NOTIC: [2] array_slice() expects parameter 1 to be array, boolean given /www/wwwroot/kmforex.com/Application/Pc/Controller/DataController.class.php 第 61 行.

[ 2020-10-11T17:11:23+08:00 ] 112.36.236.154 /
INFO: [ app_begin ] --START--
INFO: Run Behavior\ReadHtmlCache [ RunTime:0.000400s ]
INFO: Run Behavior\CheckLang [ RunTime:0.000761s ]
INFO: [ app_begin ] --END-- [ RunTime:0.001517s ]

[ 2020-10-11T17:11:23+08:00 ] 112.36.236.154 /Pc/Index/index.html
INFO: [ app_begin ] --START--
INFO: Run Behavior\ReadHtmlCache [ RunTime:0.000345s ]
INFO: Run Behavior\CheckLang [ RunTime:0.000808s ]
INFO: [ app_begin ] --END-- [ RunTime:0.001451s ]
NOTIC: [8192] mysql_connect(): The mysql extension is deprecated and will be removed in the future: use mysqli or PDO instead /www/wwwroot/kmforex.com/ThinkPHP/Library/Think/Db/Driver/Mysql.class.php 第 52 行.
ERR: 1064:You have an error in your SQL syntax; check the manual that corresponds to your MySQL server version for the right syntax to use near 'a' at line 1
 [ SQL语句 ] : SHOW COLUMNS FROM wp_option a
ERR: 1064:You have an error in your SQL syntax; check the manual that corresponds to your MySQL server version for the right syntax to use near 'a' at line 1
 [ SQL语句 ] : SHOW COLUMNS FROM wp_userinfo a
INFO: [ view_parse ] --START--
INFO: [ template_filter ] --START--
INFO: Run Behavior\ContentReplace [ RunTime:0.000167s ]
INFO: [ template_filter ] --END-- [ RunTime:0.000221s ]
NOTIC: [8] Undefined variable: info /www/wwwroot/kmforex.com/Application/Runtime/Cache/Pc/294c98e9819a9b31d643d623dee36931.php 第 950 行.
INFO: Run Behavior\ParseTemplate [ RunTime:0.021756s ]
INFO: [ view_parse ] --END-- [ RunTime:0.021802s ]
INFO: [ view_filter ] --START--
INFO: Run Behavior\WriteHtmlCache [ RunTime:0.000143s ]
INFO: [ view_filter ] --END-- [ RunTime:0.000177s ]
INFO: [ app_end ] --START--
INFO: Run Behavior\ShowPageTrace [ RunTime:0.000394s ]
INFO: [ app_end ] --END-- [ RunTime:0.000451s ]

[ 2020-10-11T17:12:35+08:00 ] 112.36.236.154 /Pc/Index/advanced.html
INFO: [ app_begin ] --START--
INFO: Run Behavior\ReadHtmlCache [ RunTime:0.000328s ]
INFO: Run Behavior\CheckLang [ RunTime:0.000632s ]
INFO: [ app_begin ] --END-- [ RunTime:0.001247s ]
NOTIC: [8192] mysql_connect(): The mysql extension is deprecated and will be removed in the future: use mysqli or PDO instead /www/wwwroot/kmforex.com/ThinkPHP/Library/Think/Db/Driver/Mysql.class.php 第 52 行.
INFO: [ view_parse ] --START--
INFO: [ template_filter ] --START--
INFO: Run Behavior\ContentReplace [ RunTime:0.000073s ]
INFO: [ template_filter ] --END-- [ RunTime:0.000125s ]
NOTIC: [8] Undefined variable: lang /www/wwwroot/kmforex.com/Application/Runtime/Cache/Pc/0fec0a66f6731b5fc8b8f8f1a4d677b8.php 第 148 行.
NOTIC: [8] Undefined variable: lang /www/wwwroot/kmforex.com/Application/Runtime/Cache/Pc/0fec0a66f6731b5fc8b8f8f1a4d677b8.php 第 150 行.
INFO: Run Behavior\ParseTemplate [ RunTime:0.012179s ]
INFO: [ view_parse ] --END-- [ RunTime:0.012227s ]
INFO: [ view_filter ] --START--
INFO: Run Behavior\WriteHtmlCache [ RunTime:0.000141s ]
INFO: [ view_filter ] --END-- [ RunTime:0.000173s ]
INFO: [ app_end ] --START--
INFO: Run Behavior\ShowPageTrace [ RunTime:0.000394s ]
INFO: [ app_end ] --END-- [ RunTime:0.000438s ]

[ 2020-10-11T17:12:35+08:00 ] 112.36.236.154 /Pc/Index/getNewsInfo.html?fid=1
INFO: [ app_begin ] --START--
INFO: Run Behavior\ReadHtmlCache [ RunTime:0.000351s ]
INFO: Run Behavior\CheckLang [ RunTime:0.000698s ]
INFO: [ app_begin ] --END-- [ RunTime:0.001414s ]
NOTIC: [8192] mysql_connect(): The mysql extension is deprecated and will be removed in the future: use mysqli or PDO instead /www/wwwroot/kmforex.com/ThinkPHP/Library/Think/Db/Driver/Mysql.class.php 第 52 行.

[ 2020-10-11T17:13:28+08:00 ] 112.36.236.154 /Pc/Index/financeNews.html
INFO: [ app_begin ] --START--
INFO: Run Behavior\ReadHtmlCache [ RunTime:0.000340s ]
INFO: Run Behavior\CheckLang [ RunTime:0.000634s ]
INFO: [ app_begin ] --END-- [ RunTime:0.001280s ]
NOTIC: [8192] mysql_connect(): The mysql extension is deprecated and will be removed in the future: use mysqli or PDO instead /www/wwwroot/kmforex.com/ThinkPHP/Library/Think/Db/Driver/Mysql.class.php 第 52 行.
INFO: [ view_parse ] --START--
INFO: [ template_filter ] --START--
INFO: Run Behavior\ContentReplace [ RunTime:0.000091s ]
INFO: [ template_filter ] --END-- [ RunTime:0.000156s ]
NOTIC: [8] Undefined variable: lang /www/wwwroot/kmforex.com/Application/Runtime/Cache/Pc/2e237d275e42d46f3fdc29b42ac3c3ee.php 第 255 行.
NOTIC: [8] Undefined variable: lang /www/wwwroot/kmforex.com/Application/Runtime/Cache/Pc/2e237d275e42d46f3fdc29b42ac3c3ee.php 第 257 行.
INFO: Run Behavior\ParseTemplate [ RunTime:0.010897s ]
INFO: [ view_parse ] --END-- [ RunTime:0.010947s ]
INFO: [ view_filter ] --START--
INFO: Run Behavior\WriteHtmlCache [ RunTime:0.000141s ]
INFO: [ view_filter ] --END-- [ RunTime:0.000173s ]
INFO: [ app_end ] --START--
INFO: Run Behavior\ShowPageTrace [ RunTime:0.000393s ]
INFO: [ app_end ] --END-- [ RunTime:0.000436s ]

[ 2020-10-11T17:13:29+08:00 ] 112.36.236.154 /Pc/Index/getNews.html
INFO: [ app_begin ] --START--
INFO: Run Behavior\ReadHtmlCache [ RunTime:0.000341s ]
INFO: Run Behavior\CheckLang [ RunTime:0.000648s ]
INFO: [ app_begin ] --END-- [ RunTime:0.001281s ]
NOTIC: [8192] mysql_connect(): The mysql extension is deprecated and will be removed in the future: use mysqli or PDO instead /www/wwwroot/kmforex.com/ThinkPHP/Library/Think/Db/Driver/Mysql.class.php 第 52 行.

[ 2020-10-11T17:13:34+08:00 ] 112.36.236.154 /Pc/Index/getNews.html?page=1
INFO: [ app_begin ] --START--
INFO: Run Behavior\ReadHtmlCache [ RunTime:0.000397s ]
INFO: Run Behavior\CheckLang [ RunTime:0.003989s ]
INFO: [ app_begin ] --END-- [ RunTime:0.004735s ]
NOTIC: [8192] mysql_connect(): The mysql extension is deprecated and will be removed in the future: use mysqli or PDO instead /www/wwwroot/kmforex.com/ThinkPHP/Library/Think/Db/Driver/Mysql.class.php 第 52 行.

[ 2020-10-11T17:20:44+08:00 ] 112.36.236.154 /
INFO: [ app_begin ] --START--
INFO: Run Behavior\ReadHtmlCache [ RunTime:0.000394s ]
INFO: Run Behavior\CheckLang [ RunTime:0.000686s ]
INFO: [ app_begin ] --END-- [ RunTime:0.001412s ]

[ 2020-10-11T17:20:44+08:00 ] 112.36.236.154 /Pc/Index/index.html
INFO: [ app_begin ] --START--
INFO: Run Behavior\ReadHtmlCache [ RunTime:0.000367s ]
INFO: Run Behavior\CheckLang [ RunTime:0.000720s ]
INFO: [ app_begin ] --END-- [ RunTime:0.001455s ]
NOTIC: [8192] mysql_connect(): The mysql extension is deprecated and will be removed in the future: use mysqli or PDO instead /www/wwwroot/kmforex.com/ThinkPHP/Library/Think/Db/Driver/Mysql.class.php 第 52 行.
NOTIC: [8] Undefined index: HTTP_REFERER /www/wwwroot/kmforex.com/Application/Pc/Controller/CommonController.class.php 第 124 行.
ERR: 1064:You have an error in your SQL syntax; check the manual that corresponds to your MySQL server version for the right syntax to use near 'a' at line 1
 [ SQL语句 ] : SHOW COLUMNS FROM wp_option a
ERR: 1064:You have an error in your SQL syntax; check the manual that corresponds to your MySQL server version for the right syntax to use near 'a' at line 1
 [ SQL语句 ] : SHOW COLUMNS FROM wp_userinfo a
INFO: [ view_parse ] --START--
INFO: [ template_filter ] --START--
INFO: Run Behavior\ContentReplace [ RunTime:0.000188s ]
INFO: [ template_filter ] --END-- [ RunTime:0.000252s ]
NOTIC: [8] Undefined variable: info /www/wwwroot/kmforex.com/Application/Runtime/Cache/Pc/294c98e9819a9b31d643d623dee36931.php 第 950 行.
INFO: Run Behavior\ParseTemplate [ RunTime:0.023978s ]
INFO: [ view_parse ] --END-- [ RunTime:0.024089s ]
INFO: [ view_filter ] --START--
INFO: Run Behavior\WriteHtmlCache [ RunTime:0.000152s ]
INFO: [ view_filter ] --END-- [ RunTime:0.000189s ]
INFO: [ app_end ] --START--
INFO: Run Behavior\ShowPageTrace [ RunTime:0.000436s ]
INFO: [ app_end ] --END-- [ RunTime:0.000488s ]

[ 2020-10-11T17:20:47+08:00 ] 112.36.236.154 /Pc/Product/details/id/68.html
INFO: [ app_begin ] --START--
INFO: Run Behavior\ReadHtmlCache [ RunTime:0.000351s ]
INFO: Run Behavior\CheckLang [ RunTime:0.000752s ]
INFO: [ app_begin ] --END-- [ RunTime:0.001425s ]
NOTIC: [8192] mysql_connect(): The mysql extension is deprecated and will be removed in the future: use mysqli or PDO instead /www/wwwroot/kmforex.com/ThinkPHP/Library/Think/Db/Driver/Mysql.class.php 第 52 行.
ERR: 1064:You have an error in your SQL syntax; check the manual that corresponds to your MySQL server version for the right syntax to use near 'a' at line 1
 [ SQL语句 ] : SHOW COLUMNS FROM wp_option a
ERR: 1064:You have an error in your SQL syntax; check the manual that corresponds to your MySQL server version for the right syntax to use near 'a' at line 1
 [ SQL语句 ] : SHOW COLUMNS FROM wp_order a
NOTIC: [2] Invalid argument supplied for foreach() /www/wwwroot/kmforex.com/Application/Pc/Controller/ProductController.class.php 第 392 行.
INFO: [ view_parse ] --START--
INFO: [ template_filter ] --START--
INFO: Run Behavior\ContentReplace [ RunTime:0.000616s ]
INFO: [ template_filter ] --END-- [ RunTime:0.000694s ]
NOTIC: [8] Undefined variable: lang /www/wwwroot/kmforex.com/Application/Runtime/Cache/Pc/e75184cc8fcb6640863404cc5b5539d7.php 第 502 行.
NOTIC: [8] Undefined variable: lang /www/wwwroot/kmforex.com/Application/Runtime/Cache/Pc/e75184cc8fcb6640863404cc5b5539d7.php 第 504 行.
INFO: Run Behavior\ParseTemplate [ RunTime:0.037376s ]
INFO: [ view_parse ] --END-- [ RunTime:0.037428s ]
INFO: [ view_filter ] --START--
INFO: Run Behavior\WriteHtmlCache [ RunTime:0.000177s ]
INFO: [ view_filter ] --END-- [ RunTime:0.000213s ]
INFO: [ app_end ] --START--
INFO: Run Behavior\ShowPageTrace [ RunTime:0.000439s ]
INFO: [ app_end ] --END-- [ RunTime:0.000490s ]

[ 2020-10-11T17:20:47+08:00 ] 112.36.236.154 /Pc/Product/highcharts/code/fx_sgbpjpy/interval/fenshi/type/candlestick/height/350/length/2.html
INFO: [ app_begin ] --START--
INFO: Run Behavior\ReadHtmlCache [ RunTime:0.002012s ]
INFO: Run Behavior\CheckLang [ RunTime:0.000728s ]
INFO: [ app_begin ] --END-- [ RunTime:0.003051s ]
NOTIC: [8192] mysql_connect(): The mysql extension is deprecated and will be removed in the future: use mysqli or PDO instead /www/wwwroot/kmforex.com/ThinkPHP/Library/Think/Db/Driver/Mysql.class.php 第 52 行.
ERR: 1064:You have an error in your SQL syntax; check the manual that corresponds to your MySQL server version for the right syntax to use near 'a' at line 1
 [ SQL语句 ] : SHOW COLUMNS FROM wp_option_classify a
INFO: [ view_parse ] --START--
INFO: [ template_filter ] --START--
INFO: Run Behavior\ContentReplace [ RunTime:0.000063s ]
INFO: [ template_filter ] --END-- [ RunTime:0.000119s ]
INFO: Run Behavior\ParseTemplate [ RunTime:0.006441s ]
INFO: [ view_parse ] --END-- [ RunTime:0.006505s ]
INFO: [ view_filter ] --START--
INFO: Run Behavior\WriteHtmlCache [ RunTime:0.000131s ]
INFO: [ view_filter ] --END-- [ RunTime:0.000164s ]
INFO: [ app_end ] --START--
INFO: Run Behavior\ShowPageTrace [ RunTime:0.000412s ]
INFO: [ app_end ] --END-- [ RunTime:0.000468s ]

[ 2020-10-11T17:20:47+08:00 ] 112.36.236.154 /Pc/Data/getData/code/fx_sgbpjpy/interval/1m/rows/60.html
INFO: [ app_begin ] --START--
INFO: Run Behavior\ReadHtmlCache [ RunTime:0.000546s ]
INFO: Run Behavior\CheckLang [ RunTime:0.000776s ]
INFO: [ app_begin ] --END-- [ RunTime:0.001816s ]
NOTIC: [2] array_slice() expects parameter 1 to be array, boolean given /www/wwwroot/kmforex.com/Application/Pc/Controller/DataController.class.php 第 61 行.

[ 2020-10-11T17:26:37+08:00 ] 112.36.236.154 /Pc/Product/highcharts.html?code=fx_sgbpjpy&interval=fenshi&type=type&height=350&length=2
INFO: [ app_begin ] --START--
INFO: Run Behavior\ReadHtmlCache [ RunTime:0.000343s ]
INFO: Run Behavior\CheckLang [ RunTime:0.004277s ]
INFO: [ app_begin ] --END-- [ RunTime:0.004932s ]
NOTIC: [8192] mysql_connect(): The mysql extension is deprecated and will be removed in the future: use mysqli or PDO instead /www/wwwroot/kmforex.com/ThinkPHP/Library/Think/Db/Driver/Mysql.class.php 第 52 行.
ERR: 1064:You have an error in your SQL syntax; check the manual that corresponds to your MySQL server version for the right syntax to use near 'a' at line 1
 [ SQL语句 ] : SHOW COLUMNS FROM wp_option_classify a
INFO: [ view_parse ] --START--
INFO: [ template_filter ] --START--
INFO: Run Behavior\ContentReplace [ RunTime:0.000056s ]
INFO: [ template_filter ] --END-- [ RunTime:0.000118s ]
INFO: Run Behavior\ParseTemplate [ RunTime:0.006882s ]
INFO: [ view_parse ] --END-- [ RunTime:0.006954s ]
INFO: [ view_filter ] --START--
INFO: Run Behavior\WriteHtmlCache [ RunTime:0.000169s ]
INFO: [ view_filter ] --END-- [ RunTime:0.000220s ]
INFO: [ app_end ] --START--
INFO: Run Behavior\ShowPageTrace [ RunTime:0.000543s ]
INFO: [ app_end ] --END-- [ RunTime:0.000605s ]

[ 2020-10-11T17:26:37+08:00 ] 112.36.236.154 /Pc/Data/getData/code/fx_sgbpjpy/interval/1m/rows/60.html
INFO: [ app_begin ] --START--
INFO: Run Behavior\ReadHtmlCache [ RunTime:0.000342s ]
INFO: Run Behavior\CheckLang [ RunTime:0.000535s ]
INFO: [ app_begin ] --END-- [ RunTime:0.001196s ]
NOTIC: [2] array_slice() expects parameter 1 to be array, boolean given /www/wwwroot/kmforex.com/Application/Pc/Controller/DataController.class.php 第 61 行.

[ 2020-10-11T18:03:26+08:00 ] 112.36.236.154 /Pc/Product/details/id/68.html
INFO: [ app_begin ] --START--
INFO: Run Behavior\ReadHtmlCache [ RunTime:0.000398s ]
INFO: Run Behavior\CheckLang [ RunTime:0.000673s ]
INFO: [ app_begin ] --END-- [ RunTime:0.001395s ]
NOTIC: [8192] mysql_connect(): The mysql extension is deprecated and will be removed in the future: use mysqli or PDO instead /www/wwwroot/kmforex.com/ThinkPHP/Library/Think/Db/Driver/Mysql.class.php 第 52 行.
ERR: 1064:You have an error in your SQL syntax; check the manual that corresponds to your MySQL server version for the right syntax to use near 'a' at line 1
 [ SQL语句 ] : SHOW COLUMNS FROM wp_option a
ERR: 1064:You have an error in your SQL syntax; check the manual that corresponds to your MySQL server version for the right syntax to use near 'a' at line 1
 [ SQL语句 ] : SHOW COLUMNS FROM wp_order a
NOTIC: [2] Invalid argument supplied for foreach() /www/wwwroot/kmforex.com/Application/Pc/Controller/ProductController.class.php 第 392 行.
INFO: [ view_parse ] --START--
INFO: [ template_filter ] --START--
INFO: Run Behavior\ContentReplace [ RunTime:0.000632s ]
INFO: [ template_filter ] --END-- [ RunTime:0.000705s ]
NOTIC: [8] Undefined variable: lang /www/wwwroot/kmforex.com/Application/Runtime/Cache/Pc/e75184cc8fcb6640863404cc5b5539d7.php 第 502 行.
NOTIC: [8] Undefined variable: lang /www/wwwroot/kmforex.com/Application/Runtime/Cache/Pc/e75184cc8fcb6640863404cc5b5539d7.php 第 504 行.
INFO: Run Behavior\ParseTemplate [ RunTime:0.036525s ]
INFO: [ view_parse ] --END-- [ RunTime:0.036580s ]
INFO: [ view_filter ] --START--
INFO: Run Behavior\WriteHtmlCache [ RunTime:0.000152s ]
INFO: [ view_filter ] --END-- [ RunTime:0.000189s ]
INFO: [ app_end ] --START--
INFO: Run Behavior\ShowPageTrace [ RunTime:0.000430s ]
INFO: [ app_end ] --END-- [ RunTime:0.000480s ]

[ 2020-10-11T18:03:26+08:00 ] 112.36.236.154 /Pc/Product/highcharts/code/fx_sgbpjpy/interval/fenshi/type/candlestick/height/350/length/2.html
INFO: [ app_begin ] --START--
INFO: Run Behavior\ReadHtmlCache [ RunTime:0.000336s ]
INFO: Run Behavior\CheckLang [ RunTime:0.000622s ]
INFO: [ app_begin ] --END-- [ RunTime:0.001247s ]
NOTIC: [8192] mysql_connect(): The mysql extension is deprecated and will be removed in the future: use mysqli or PDO instead /www/wwwroot/kmforex.com/ThinkPHP/Library/Think/Db/Driver/Mysql.class.php 第 52 行.
ERR: 1064:You have an error in your SQL syntax; check the manual that corresponds to your MySQL server version for the right syntax to use near 'a' at line 1
 [ SQL语句 ] : SHOW COLUMNS FROM wp_option_classify a
INFO: [ view_parse ] --START--
INFO: [ template_filter ] --START--
INFO: Run Behavior\ContentReplace [ RunTime:0.000050s ]
INFO: [ template_filter ] --END-- [ RunTime:0.000099s ]
INFO: Run Behavior\ParseTemplate [ RunTime:0.006081s ]
INFO: [ view_parse ] --END-- [ RunTime:0.006128s ]
INFO: [ view_filter ] --START--
INFO: Run Behavior\WriteHtmlCache [ RunTime:0.000131s ]
INFO: [ view_filter ] --END-- [ RunTime:0.000162s ]
INFO: [ app_end ] --START--
INFO: Run Behavior\ShowPageTrace [ RunTime:0.000403s ]
INFO: [ app_end ] --END-- [ RunTime:0.000444s ]

[ 2020-10-11T18:03:26+08:00 ] 112.36.236.154 /Pc/Data/getData/code/fx_sgbpjpy/interval/1m/rows/60.html
INFO: [ app_begin ] --START--
INFO: Run Behavior\ReadHtmlCache [ RunTime:0.000340s ]
INFO: Run Behavior\CheckLang [ RunTime:0.000526s ]
INFO: [ app_begin ] --END-- [ RunTime:0.001168s ]
NOTIC: [2] array_slice() expects parameter 1 to be array, boolean given /www/wwwroot/kmforex.com/Application/Pc/Controller/DataController.class.php 第 61 行.

[ 2020-10-11T18:03:32+08:00 ] 112.36.236.154 /Pc/Product/details/id/68.html
INFO: [ app_begin ] --START--
INFO: Run Behavior\ReadHtmlCache [ RunTime:0.000349s ]
INFO: Run Behavior\CheckLang [ RunTime:0.000665s ]
INFO: [ app_begin ] --END-- [ RunTime:0.001327s ]
NOTIC: [8192] mysql_connect(): The mysql extension is deprecated and will be removed in the future: use mysqli or PDO instead /www/wwwroot/kmforex.com/ThinkPHP/Library/Think/Db/Driver/Mysql.class.php 第 52 行.
ERR: 1064:You have an error in your SQL syntax; check the manual that corresponds to your MySQL server version for the right syntax to use near 'a' at line 1
 [ SQL语句 ] : SHOW COLUMNS FROM wp_option a
ERR: 1064:You have an error in your SQL syntax; check the manual that corresponds to your MySQL server version for the right syntax to use near 'a' at line 1
 [ SQL语句 ] : SHOW COLUMNS FROM wp_order a
NOTIC: [2] Invalid argument supplied for foreach() /www/wwwroot/kmforex.com/Application/Pc/Controller/ProductController.class.php 第 392 行.
INFO: [ view_parse ] --START--
INFO: [ template_filter ] --START--
INFO: Run Behavior\ContentReplace [ RunTime:0.000604s ]
INFO: [ template_filter ] --END-- [ RunTime:0.000679s ]
NOTIC: [8] Undefined variable: lang /www/wwwroot/kmforex.com/Application/Runtime/Cache/Pc/e75184cc8fcb6640863404cc5b5539d7.php 第 502 行.
NOTIC: [8] Undefined variable: lang /www/wwwroot/kmforex.com/Application/Runtime/Cache/Pc/e75184cc8fcb6640863404cc5b5539d7.php 第 504 行.
INFO: Run Behavior\ParseTemplate [ RunTime:0.032937s ]
INFO: [ view_parse ] --END-- [ RunTime:0.032994s ]
INFO: [ view_filter ] --START--
INFO: Run Behavior\WriteHtmlCache [ RunTime:0.000158s ]
INFO: [ view_filter ] --END-- [ RunTime:0.000196s ]
INFO: [ app_end ] --START--
INFO: Run Behavior\ShowPageTrace [ RunTime:0.000403s ]
INFO: [ app_end ] --END-- [ RunTime:0.000453s ]

[ 2020-10-11T18:03:32+08:00 ] 112.36.236.154 /Pc/Product/highcharts/code/fx_sgbpjpy/interval/fenshi/type/candlestick/height/350/length/2.html
INFO: [ app_begin ] --START--
INFO: Run Behavior\ReadHtmlCache [ RunTime:0.000354s ]
INFO: Run Behavior\CheckLang [ RunTime:0.000668s ]
INFO: [ app_begin ] --END-- [ RunTime:0.001331s ]
NOTIC: [8192] mysql_connect(): The mysql extension is deprecated and will be removed in the future: use mysqli or PDO instead /www/wwwroot/kmforex.com/ThinkPHP/Library/Think/Db/Driver/Mysql.class.php 第 52 行.
ERR: 1064:You have an error in your SQL syntax; check the manual that corresponds to your MySQL server version for the right syntax to use near 'a' at line 1
 [ SQL语句 ] : SHOW COLUMNS FROM wp_option_classify a
INFO: [ view_parse ] --START--
INFO: [ template_filter ] --START--
INFO: Run Behavior\ContentReplace [ RunTime:0.000049s ]
INFO: [ template_filter ] --END-- [ RunTime:0.000112s ]
INFO: Run Behavior\ParseTemplate [ RunTime:0.004729s ]
INFO: [ view_parse ] --END-- [ RunTime:0.004775s ]
INFO: [ view_filter ] --START--
INFO: Run Behavior\WriteHtmlCache [ RunTime:0.000119s ]
INFO: [ view_filter ] --END-- [ RunTime:0.000150s ]
INFO: [ app_end ] --START--
INFO: Run Behavior\ShowPageTrace [ RunTime:0.000399s ]
INFO: [ app_end ] --END-- [ RunTime:0.000452s ]

[ 2020-10-11T18:03:33+08:00 ] 112.36.236.154 /Pc/Data/getData/code/fx_sgbpjpy/interval/1m/rows/60.html
INFO: [ app_begin ] --START--
INFO: Run Behavior\ReadHtmlCache [ RunTime:0.000330s ]
INFO: Run Behavior\CheckLang [ RunTime:0.000484s ]
INFO: [ app_begin ] --END-- [ RunTime:0.001137s ]
NOTIC: [2] array_slice() expects parameter 1 to be array, boolean given /www/wwwroot/kmforex.com/Application/Pc/Controller/DataController.class.php 第 61 行.

