[ 2020-10-10T21:16:26+08:00 ] 112.36.236.154 /
INFO: [ app_begin ] --START--
INFO: Run Behavior\ReadHtmlCache [ RunTime:0.001816s ]
INFO: Run Behavior\CheckLang [ RunTime:0.003247s ]
INFO: [ app_begin ] --END-- [ RunTime:0.005493s ]

[ 2020-10-10T21:16:27+08:00 ] 112.36.236.154 /Pc/Index/index.html
INFO: [ app_begin ] --START--
INFO: Run Behavior\ReadHtmlCache [ RunTime:0.000421s ]
INFO: Run Behavior\CheckLang [ RunTime:0.000333s ]
INFO: [ app_begin ] --END-- [ RunTime:0.001133s ]
NOTIC: [8192] mysql_connect(): The mysql extension is deprecated and will be removed in the future: use mysqli or PDO instead /www/wwwroot/kmforex.com/ThinkPHP/Library/Think/Db/Driver/Mysql.class.php 第 52 行.
NOTIC: [8] Undefined index: HTTP_REFERER /www/wwwroot/kmforex.com/Application/Pc/Controller/CommonController.class.php 第 124 行.
ERR: 1064:You have an error in your SQL syntax; check the manual that corresponds to your MySQL server version for the right syntax to use near 'a' at line 1
 [ SQL语句 ] : SHOW COLUMNS FROM wp_option a
ERR: 1064:You have an error in your SQL syntax; check the manual that corresponds to your MySQL server version for the right syntax to use near 'a' at line 1
 [ SQL语句 ] : SHOW COLUMNS FROM wp_userinfo a
INFO: [ view_parse ] --START--
INFO: [ template_filter ] --START--
INFO: Run Behavior\ContentReplace [ RunTime:0.000197s ]
INFO: [ template_filter ] --END-- [ RunTime:0.000265s ]
NOTIC: [8] Undefined variable: info /www/wwwroot/kmforex.com/Application/Runtime/Cache/Pc/294c98e9819a9b31d643d623dee36931.php 第 950 行.
INFO: Run Behavior\ParseTemplate [ RunTime:0.097803s ]
INFO: [ view_parse ] --END-- [ RunTime:0.097872s ]
INFO: [ view_filter ] --START--
INFO: Run Behavior\WriteHtmlCache [ RunTime:0.001509s ]
INFO: [ view_filter ] --END-- [ RunTime:0.001561s ]
INFO: [ app_end ] --START--
INFO: Run Behavior\ShowPageTrace [ RunTime:0.001808s ]
INFO: [ app_end ] --END-- [ RunTime:0.001865s ]

[ 2020-10-10T21:16:31+08:00 ] 112.36.236.154 /Pc/Lang/index.html
INFO: [ app_begin ] --START--
INFO: Run Behavior\ReadHtmlCache [ RunTime:0.000382s ]
INFO: Run Behavior\CheckLang [ RunTime:0.006645s ]
INFO: [ app_begin ] --END-- [ RunTime:0.007432s ]
NOTIC: [8192] mysql_connect(): The mysql extension is deprecated and will be removed in the future: use mysqli or PDO instead /www/wwwroot/kmforex.com/ThinkPHP/Library/Think/Db/Driver/Mysql.class.php 第 52 行.
INFO: [ view_parse ] --START--
INFO: [ template_filter ] --START--
INFO: Run Behavior\ContentReplace [ RunTime:0.000075s ]
INFO: [ template_filter ] --END-- [ RunTime:0.000132s ]
NOTIC: [8] Use of undefined constant lang - assumed 'lang' /www/wwwroot/kmforex.com/Application/Runtime/Cache/Pc/f319b0eb24f0cbd502f8e6067260f86c.php 第 500 行.
NOTIC: [8] Use of undefined constant lang - assumed 'lang' /www/wwwroot/kmforex.com/Application/Runtime/Cache/Pc/f319b0eb24f0cbd502f8e6067260f86c.php 第 510 行.
NOTIC: [8] Use of undefined constant lang - assumed 'lang' /www/wwwroot/kmforex.com/Application/Runtime/Cache/Pc/f319b0eb24f0cbd502f8e6067260f86c.php 第 520 行.
INFO: Run Behavior\ParseTemplate [ RunTime:0.014526s ]
INFO: [ view_parse ] --END-- [ RunTime:0.014590s ]
INFO: [ view_filter ] --START--
INFO: Run Behavior\WriteHtmlCache [ RunTime:0.000174s ]
INFO: [ view_filter ] --END-- [ RunTime:0.000207s ]
INFO: [ app_end ] --START--
INFO: Run Behavior\ShowPageTrace [ RunTime:0.000401s ]
INFO: [ app_end ] --END-- [ RunTime:0.000448s ]

[ 2020-10-10T21:16:32+08:00 ] 112.36.236.154 /?l=zh-cn
INFO: [ app_begin ] --START--
INFO: Run Behavior\ReadHtmlCache [ RunTime:0.000392s ]
INFO: Run Behavior\CheckLang [ RunTime:0.005495s ]
INFO: [ app_begin ] --END-- [ RunTime:0.006247s ]

[ 2020-10-10T21:16:32+08:00 ] 112.36.236.154 /Pc/Index/index/l/zh-cn.html
INFO: [ app_begin ] --START--
INFO: Run Behavior\ReadHtmlCache [ RunTime:0.000406s ]
INFO: Run Behavior\CheckLang [ RunTime:0.003398s ]
INFO: [ app_begin ] --END-- [ RunTime:0.004208s ]
NOTIC: [8192] mysql_connect(): The mysql extension is deprecated and will be removed in the future: use mysqli or PDO instead /www/wwwroot/kmforex.com/ThinkPHP/Library/Think/Db/Driver/Mysql.class.php 第 52 行.
ERR: 1064:You have an error in your SQL syntax; check the manual that corresponds to your MySQL server version for the right syntax to use near 'a' at line 1
 [ SQL语句 ] : SHOW COLUMNS FROM wp_option a
ERR: 1064:You have an error in your SQL syntax; check the manual that corresponds to your MySQL server version for the right syntax to use near 'a' at line 1
 [ SQL语句 ] : SHOW COLUMNS FROM wp_userinfo a
INFO: [ view_parse ] --START--
INFO: [ template_filter ] --START--
INFO: Run Behavior\ContentReplace [ RunTime:0.000169s ]
INFO: [ template_filter ] --END-- [ RunTime:0.000226s ]
NOTIC: [8] Undefined variable: info /www/wwwroot/kmforex.com/Application/Runtime/Cache/Pc/294c98e9819a9b31d643d623dee36931.php 第 950 行.
INFO: Run Behavior\ParseTemplate [ RunTime:0.022779s ]
INFO: [ view_parse ] --END-- [ RunTime:0.022832s ]
INFO: [ view_filter ] --START--
INFO: Run Behavior\WriteHtmlCache [ RunTime:0.000134s ]
INFO: [ view_filter ] --END-- [ RunTime:0.000168s ]
INFO: [ app_end ] --START--
INFO: Run Behavior\ShowPageTrace [ RunTime:0.000416s ]
INFO: [ app_end ] --END-- [ RunTime:0.000470s ]

[ 2020-10-10T21:16:44+08:00 ] 112.36.236.154 /Pc/Index/index/l/zh-cn.html
INFO: [ app_begin ] --START--
INFO: Run Behavior\ReadHtmlCache [ RunTime:0.000366s ]
INFO: Run Behavior\CheckLang [ RunTime:0.000709s ]
INFO: [ app_begin ] --END-- [ RunTime:0.001496s ]

[ 2020-10-10T21:16:44+08:00 ] 112.36.236.154 /Home/Index/index/l/zh-cn.html
INFO: [ app_begin ] --START--
INFO: Run Behavior\ReadHtmlCache [ RunTime:0.000360s ]
INFO: Run Behavior\CheckLang [ RunTime:0.000692s ]
INFO: [ app_begin ] --END-- [ RunTime:0.001405s ]
NOTIC: [8192] mysql_connect(): The mysql extension is deprecated and will be removed in the future: use mysqli or PDO instead /www/wwwroot/kmforex.com/ThinkPHP/Library/Think/Db/Driver/Mysql.class.php 第 52 行.
ERR: 1064:You have an error in your SQL syntax; check the manual that corresponds to your MySQL server version for the right syntax to use near 'a' at line 1
 [ SQL语句 ] : SHOW COLUMNS FROM wp_option a
ERR: 1064:You have an error in your SQL syntax; check the manual that corresponds to your MySQL server version for the right syntax to use near 'a' at line 1
 [ SQL语句 ] : SHOW COLUMNS FROM wp_userinfo a
INFO: [ view_parse ] --START--
INFO: [ template_filter ] --START--
INFO: Run Behavior\ContentReplace [ RunTime:0.000117s ]
INFO: [ template_filter ] --END-- [ RunTime:0.000172s ]
NOTIC: [8] Undefined variable: info /www/wwwroot/kmforex.com/Application/Runtime/Cache/Home/63efecedbc841600f0dc8a3f2f4786f2.php 第 419 行.
INFO: Run Behavior\ParseTemplate [ RunTime:0.036758s ]
INFO: [ view_parse ] --END-- [ RunTime:0.036829s ]
INFO: [ view_filter ] --START--
INFO: Run Behavior\WriteHtmlCache [ RunTime:0.000170s ]
INFO: [ view_filter ] --END-- [ RunTime:0.000213s ]
INFO: [ app_end ] --START--
INFO: Run Behavior\ShowPageTrace [ RunTime:0.000550s ]
INFO: [ app_end ] --END-- [ RunTime:0.000606s ]

[ 2020-10-10T21:16:48+08:00 ] 112.36.236.154 /Home/User/index.html
INFO: [ app_begin ] --START--
INFO: Run Behavior\ReadHtmlCache [ RunTime:0.000586s ]
INFO: Run Behavior\CheckLang [ RunTime:0.002054s ]
INFO: [ app_begin ] --END-- [ RunTime:0.002971s ]
NOTIC: [8192] mysql_connect(): The mysql extension is deprecated and will be removed in the future: use mysqli or PDO instead /www/wwwroot/kmforex.com/ThinkPHP/Library/Think/Db/Driver/Mysql.class.php 第 52 行.
INFO: [ view_parse ] --START--
INFO: [ template_filter ] --START--
INFO: Run Behavior\ContentReplace [ RunTime:0.000110s ]
INFO: [ template_filter ] --END-- [ RunTime:0.000177s ]
INFO: Run Behavior\ParseTemplate [ RunTime:0.014191s ]
INFO: [ view_parse ] --END-- [ RunTime:0.014263s ]
INFO: [ view_filter ] --START--
INFO: Run Behavior\WriteHtmlCache [ RunTime:0.000135s ]
INFO: [ view_filter ] --END-- [ RunTime:0.000170s ]
INFO: [ app_end ] --START--
INFO: Run Behavior\ShowPageTrace [ RunTime:0.000360s ]
INFO: [ app_end ] --END-- [ RunTime:0.000405s ]

[ 2020-10-10T21:16:50+08:00 ] 112.36.236.154 /Home/Product/lists.html
INFO: [ app_begin ] --START--
INFO: Run Behavior\ReadHtmlCache [ RunTime:0.000353s ]
INFO: Run Behavior\CheckLang [ RunTime:0.002134s ]
INFO: [ app_begin ] --END-- [ RunTime:0.002807s ]
NOTIC: [8192] mysql_connect(): The mysql extension is deprecated and will be removed in the future: use mysqli or PDO instead /www/wwwroot/kmforex.com/ThinkPHP/Library/Think/Db/Driver/Mysql.class.php 第 52 行.
ERR: 1064:You have an error in your SQL syntax; check the manual that corresponds to your MySQL server version for the right syntax to use near 'a' at line 1
 [ SQL语句 ] : SHOW COLUMNS FROM wp_option a
NOTIC: [8] Undefined offset: 62 /www/wwwroot/kmforex.com/Application/Home/Controller/ProductController.class.php 第 215 行.
NOTIC: [8] Undefined offset: 101 /www/wwwroot/kmforex.com/Application/Home/Controller/ProductController.class.php 第 215 行.
NOTIC: [8] Undefined offset: 10 /www/wwwroot/kmforex.com/Application/Home/Controller/ProductController.class.php 第 215 行.
NOTIC: [8] Undefined offset: 60 /www/wwwroot/kmforex.com/Application/Home/Controller/ProductController.class.php 第 215 行.
NOTIC: [8] Undefined offset: 59 /www/wwwroot/kmforex.com/Application/Home/Controller/ProductController.class.php 第 215 行.
NOTIC: [8] Undefined offset: 70 /www/wwwroot/kmforex.com/Application/Home/Controller/ProductController.class.php 第 215 行.
NOTIC: [8] Undefined offset: 71 /www/wwwroot/kmforex.com/Application/Home/Controller/ProductController.class.php 第 215 行.
NOTIC: [8] Undefined offset: 72 /www/wwwroot/kmforex.com/Application/Home/Controller/ProductController.class.php 第 215 行.
NOTIC: [8] Undefined offset: 74 /www/wwwroot/kmforex.com/Application/Home/Controller/ProductController.class.php 第 215 行.
NOTIC: [8] Undefined offset: 75 /www/wwwroot/kmforex.com/Application/Home/Controller/ProductController.class.php 第 215 行.
NOTIC: [8] Undefined offset: 76 /www/wwwroot/kmforex.com/Application/Home/Controller/ProductController.class.php 第 215 行.
NOTIC: [8] Undefined offset: 77 /www/wwwroot/kmforex.com/Application/Home/Controller/ProductController.class.php 第 215 行.
NOTIC: [8] Undefined offset: 78 /www/wwwroot/kmforex.com/Application/Home/Controller/ProductController.class.php 第 215 行.
NOTIC: [8] Undefined offset: 79 /www/wwwroot/kmforex.com/Application/Home/Controller/ProductController.class.php 第 215 行.
NOTIC: [8] Undefined offset: 80 /www/wwwroot/kmforex.com/Application/Home/Controller/ProductController.class.php 第 215 行.
NOTIC: [8] Undefined offset: 81 /www/wwwroot/kmforex.com/Application/Home/Controller/ProductController.class.php 第 215 行.
NOTIC: [8] Undefined offset: 82 /www/wwwroot/kmforex.com/Application/Home/Controller/ProductController.class.php 第 215 行.
NOTIC: [8] Undefined offset: 83 /www/wwwroot/kmforex.com/Application/Home/Controller/ProductController.class.php 第 215 行.
NOTIC: [8] Undefined offset: 84 /www/wwwroot/kmforex.com/Application/Home/Controller/ProductController.class.php 第 215 行.
NOTIC: [8] Undefined offset: 85 /www/wwwroot/kmforex.com/Application/Home/Controller/ProductController.class.php 第 215 行.
NOTIC: [8] Undefined offset: 86 /www/wwwroot/kmforex.com/Application/Home/Controller/ProductController.class.php 第 215 行.
NOTIC: [8] Undefined offset: 87 /www/wwwroot/kmforex.com/Application/Home/Controller/ProductController.class.php 第 215 行.
NOTIC: [8] Undefined offset: 88 /www/wwwroot/kmforex.com/Application/Home/Controller/ProductController.class.php 第 215 行.
NOTIC: [8] Undefined offset: 89 /www/wwwroot/kmforex.com/Application/Home/Controller/ProductController.class.php 第 215 行.
NOTIC: [8] Undefined offset: 90 /www/wwwroot/kmforex.com/Application/Home/Controller/ProductController.class.php 第 215 行.
NOTIC: [8] Undefined offset: 93 /www/wwwroot/kmforex.com/Application/Home/Controller/ProductController.class.php 第 215 行.
NOTIC: [8] Undefined offset: 95 /www/wwwroot/kmforex.com/Application/Home/Controller/ProductController.class.php 第 215 行.
NOTIC: [8] Undefined offset: 99 /www/wwwroot/kmforex.com/Application/Home/Controller/ProductController.class.php 第 215 行.
INFO: [ view_parse ] --START--
INFO: [ template_filter ] --START--
INFO: Run Behavior\ContentReplace [ RunTime:0.000185s ]
INFO: [ template_filter ] --END-- [ RunTime:0.000249s ]
NOTIC: [8] Undefined index: status /www/wwwroot/kmforex.com/Application/Runtime/Cache/Home/e20b1bcc1930addd1a910360ac1ef7cb.php 第 256 行.
NOTIC: [8] Undefined index: status /www/wwwroot/kmforex.com/Application/Runtime/Cache/Home/e20b1bcc1930addd1a910360ac1ef7cb.php 第 256 行.
NOTIC: [8] Undefined index: status /www/wwwroot/kmforex.com/Application/Runtime/Cache/Home/e20b1bcc1930addd1a910360ac1ef7cb.php 第 256 行.
NOTIC: [8] Undefined index: status /www/wwwroot/kmforex.com/Application/Runtime/Cache/Home/e20b1bcc1930addd1a910360ac1ef7cb.php 第 256 行.
NOTIC: [8] Undefined index: status /www/wwwroot/kmforex.com/Application/Runtime/Cache/Home/e20b1bcc1930addd1a910360ac1ef7cb.php 第 256 行.
NOTIC: [8] Undefined index: status /www/wwwroot/kmforex.com/Application/Runtime/Cache/Home/e20b1bcc1930addd1a910360ac1ef7cb.php 第 256 行.
NOTIC: [8] Undefined index: status /www/wwwroot/kmforex.com/Application/Runtime/Cache/Home/e20b1bcc1930addd1a910360ac1ef7cb.php 第 256 行.
NOTIC: [8] Undefined index: status /www/wwwroot/kmforex.com/Application/Runtime/Cache/Home/e20b1bcc1930addd1a910360ac1ef7cb.php 第 256 行.
NOTIC: [8] Undefined index: status /www/wwwroot/kmforex.com/Application/Runtime/Cache/Home/e20b1bcc1930addd1a910360ac1ef7cb.php 第 256 行.
NOTIC: [8] Undefined index: status /www/wwwroot/kmforex.com/Application/Runtime/Cache/Home/e20b1bcc1930addd1a910360ac1ef7cb.php 第 256 行.
NOTIC: [8] Undefined index: status /www/wwwroot/kmforex.com/Application/Runtime/Cache/Home/e20b1bcc1930addd1a910360ac1ef7cb.php 第 256 行.
NOTIC: [8] Undefined index: status /www/wwwroot/kmforex.com/Application/Runtime/Cache/Home/e20b1bcc1930addd1a910360ac1ef7cb.php 第 256 行.
NOTIC: [8] Undefined index: status /www/wwwroot/kmforex.com/Application/Runtime/Cache/Home/e20b1bcc1930addd1a910360ac1ef7cb.php 第 256 行.
NOTIC: [8] Undefined index: status /www/wwwroot/kmforex.com/Application/Runtime/Cache/Home/e20b1bcc1930addd1a910360ac1ef7cb.php 第 256 行.
NOTIC: [8] Undefined index: status /www/wwwroot/kmforex.com/Application/Runtime/Cache/Home/e20b1bcc1930addd1a910360ac1ef7cb.php 第 256 行.
NOTIC: [8] Undefined index: status /www/wwwroot/kmforex.com/Application/Runtime/Cache/Home/e20b1bcc1930addd1a910360ac1ef7cb.php 第 269 行.
NOTIC: [8] Undefined index: status /www/wwwroot/kmforex.com/Application/Runtime/Cache/Home/e20b1bcc1930addd1a910360ac1ef7cb.php 第 269 行.
NOTIC: [8] Undefined index: status /www/wwwroot/kmforex.com/Application/Runtime/Cache/Home/e20b1bcc1930addd1a910360ac1ef7cb.php 第 269 行.
NOTIC: [8] Undefined index: status /www/wwwroot/kmforex.com/Application/Runtime/Cache/Home/e20b1bcc1930addd1a910360ac1ef7cb.php 第 269 行.
NOTIC: [8] Undefined index: status /www/wwwroot/kmforex.com/Application/Runtime/Cache/Home/e20b1bcc1930addd1a910360ac1ef7cb.php 第 282 行.
NOTIC: [8] Undefined index: status /www/wwwroot/kmforex.com/Application/Runtime/Cache/Home/e20b1bcc1930addd1a910360ac1ef7cb.php 第 282 行.
NOTIC: [8] Undefined index: status /www/wwwroot/kmforex.com/Application/Runtime/Cache/Home/e20b1bcc1930addd1a910360ac1ef7cb.php 第 282 行.
NOTIC: [8] Undefined index: status /www/wwwroot/kmforex.com/Application/Runtime/Cache/Home/e20b1bcc1930addd1a910360ac1ef7cb.php 第 282 行.
NOTIC: [8] Undefined index: status /www/wwwroot/kmforex.com/Application/Runtime/Cache/Home/e20b1bcc1930addd1a910360ac1ef7cb.php 第 282 行.
NOTIC: [8] Undefined index: status /www/wwwroot/kmforex.com/Application/Runtime/Cache/Home/e20b1bcc1930addd1a910360ac1ef7cb.php 第 295 行.
NOTIC: [8] Undefined index: status /www/wwwroot/kmforex.com/Application/Runtime/Cache/Home/e20b1bcc1930addd1a910360ac1ef7cb.php 第 295 行.
NOTIC: [8] Undefined index: status /www/wwwroot/kmforex.com/Application/Runtime/Cache/Home/e20b1bcc1930addd1a910360ac1ef7cb.php 第 295 行.
NOTIC: [8] Undefined index: status /www/wwwroot/kmforex.com/Application/Runtime/Cache/Home/e20b1bcc1930addd1a910360ac1ef7cb.php 第 295 行.
INFO: Run Behavior\ParseTemplate [ RunTime:0.047205s ]
INFO: [ view_parse ] --END-- [ RunTime:0.047265s ]
INFO: [ view_filter ] --START--
INFO: Run Behavior\WriteHtmlCache [ RunTime:0.000182s ]
INFO: [ view_filter ] --END-- [ RunTime:0.000230s ]
INFO: [ app_end ] --START--
INFO: Run Behavior\ShowPageTrace [ RunTime:0.000505s ]
INFO: [ app_end ] --END-- [ RunTime:0.000565s ]

[ 2020-10-10T21:16:52+08:00 ] 112.36.236.154 /Home/Product/lists.html
INFO: [ app_begin ] --START--
INFO: Run Behavior\ReadHtmlCache [ RunTime:0.000363s ]
INFO: Run Behavior\CheckLang [ RunTime:0.000650s ]
INFO: [ app_begin ] --END-- [ RunTime:0.001372s ]

[ 2020-10-10T21:16:52+08:00 ] 112.36.236.154 /Pc/Product/lists.html
INFO: [ app_begin ] --START--
INFO: Run Behavior\ReadHtmlCache [ RunTime:0.000391s ]
INFO: Run Behavior\CheckLang [ RunTime:0.002206s ]
INFO: [ app_begin ] --END-- [ RunTime:0.002963s ]
NOTIC: [8192] mysql_connect(): The mysql extension is deprecated and will be removed in the future: use mysqli or PDO instead /www/wwwroot/kmforex.com/ThinkPHP/Library/Think/Db/Driver/Mysql.class.php 第 52 行.
ERR: 1064:You have an error in your SQL syntax; check the manual that corresponds to your MySQL server version for the right syntax to use near 'a' at line 1
 [ SQL语句 ] : SHOW COLUMNS FROM wp_option a
NOTIC: [8] Undefined offset: 62 /www/wwwroot/kmforex.com/Application/Pc/Controller/ProductController.class.php 第 215 行.
NOTIC: [8] Undefined offset: 101 /www/wwwroot/kmforex.com/Application/Pc/Controller/ProductController.class.php 第 215 行.
NOTIC: [8] Undefined offset: 10 /www/wwwroot/kmforex.com/Application/Pc/Controller/ProductController.class.php 第 215 行.
NOTIC: [8] Undefined offset: 60 /www/wwwroot/kmforex.com/Application/Pc/Controller/ProductController.class.php 第 215 行.
NOTIC: [8] Undefined offset: 59 /www/wwwroot/kmforex.com/Application/Pc/Controller/ProductController.class.php 第 215 行.
NOTIC: [8] Undefined offset: 70 /www/wwwroot/kmforex.com/Application/Pc/Controller/ProductController.class.php 第 215 行.
NOTIC: [8] Undefined offset: 71 /www/wwwroot/kmforex.com/Application/Pc/Controller/ProductController.class.php 第 215 行.
NOTIC: [8] Undefined offset: 72 /www/wwwroot/kmforex.com/Application/Pc/Controller/ProductController.class.php 第 215 行.
NOTIC: [8] Undefined offset: 74 /www/wwwroot/kmforex.com/Application/Pc/Controller/ProductController.class.php 第 215 行.
NOTIC: [8] Undefined offset: 75 /www/wwwroot/kmforex.com/Application/Pc/Controller/ProductController.class.php 第 215 行.
NOTIC: [8] Undefined offset: 76 /www/wwwroot/kmforex.com/Application/Pc/Controller/ProductController.class.php 第 215 行.
NOTIC: [8] Undefined offset: 77 /www/wwwroot/kmforex.com/Application/Pc/Controller/ProductController.class.php 第 215 行.
NOTIC: [8] Undefined offset: 78 /www/wwwroot/kmforex.com/Application/Pc/Controller/ProductController.class.php 第 215 行.
NOTIC: [8] Undefined offset: 79 /www/wwwroot/kmforex.com/Application/Pc/Controller/ProductController.class.php 第 215 行.
NOTIC: [8] Undefined offset: 80 /www/wwwroot/kmforex.com/Application/Pc/Controller/ProductController.class.php 第 215 行.
NOTIC: [8] Undefined offset: 81 /www/wwwroot/kmforex.com/Application/Pc/Controller/ProductController.class.php 第 215 行.
NOTIC: [8] Undefined offset: 82 /www/wwwroot/kmforex.com/Application/Pc/Controller/ProductController.class.php 第 215 行.
NOTIC: [8] Undefined offset: 83 /www/wwwroot/kmforex.com/Application/Pc/Controller/ProductController.class.php 第 215 行.
NOTIC: [8] Undefined offset: 84 /www/wwwroot/kmforex.com/Application/Pc/Controller/ProductController.class.php 第 215 行.
NOTIC: [8] Undefined offset: 85 /www/wwwroot/kmforex.com/Application/Pc/Controller/ProductController.class.php 第 215 行.
NOTIC: [8] Undefined offset: 86 /www/wwwroot/kmforex.com/Application/Pc/Controller/ProductController.class.php 第 215 行.
NOTIC: [8] Undefined offset: 87 /www/wwwroot/kmforex.com/Application/Pc/Controller/ProductController.class.php 第 215 行.
NOTIC: [8] Undefined offset: 88 /www/wwwroot/kmforex.com/Application/Pc/Controller/ProductController.class.php 第 215 行.
NOTIC: [8] Undefined offset: 89 /www/wwwroot/kmforex.com/Application/Pc/Controller/ProductController.class.php 第 215 行.
NOTIC: [8] Undefined offset: 90 /www/wwwroot/kmforex.com/Application/Pc/Controller/ProductController.class.php 第 215 行.
NOTIC: [8] Undefined offset: 93 /www/wwwroot/kmforex.com/Application/Pc/Controller/ProductController.class.php 第 215 行.
NOTIC: [8] Undefined offset: 95 /www/wwwroot/kmforex.com/Application/Pc/Controller/ProductController.class.php 第 215 行.
NOTIC: [8] Undefined offset: 99 /www/wwwroot/kmforex.com/Application/Pc/Controller/ProductController.class.php 第 215 行.
INFO: [ view_parse ] --START--
INFO: [ template_filter ] --START--
INFO: Run Behavior\ContentReplace [ RunTime:0.000218s ]
INFO: [ template_filter ] --END-- [ RunTime:0.000281s ]
NOTIC: [8] Undefined variable: lang /www/wwwroot/kmforex.com/Application/Runtime/Cache/Pc/263edaac76f2de40cab8b3d446be49f8.php 第 283 行.
NOTIC: [8] Undefined variable: lang /www/wwwroot/kmforex.com/Application/Runtime/Cache/Pc/263edaac76f2de40cab8b3d446be49f8.php 第 285 行.
NOTIC: [8] Undefined index: status /www/wwwroot/kmforex.com/Application/Runtime/Cache/Pc/263edaac76f2de40cab8b3d446be49f8.php 第 572 行.
NOTIC: [8] Undefined index: status /www/wwwroot/kmforex.com/Application/Runtime/Cache/Pc/263edaac76f2de40cab8b3d446be49f8.php 第 572 行.
NOTIC: [8] Undefined index: status /www/wwwroot/kmforex.com/Application/Runtime/Cache/Pc/263edaac76f2de40cab8b3d446be49f8.php 第 572 行.
NOTIC: [8] Undefined index: status /www/wwwroot/kmforex.com/Application/Runtime/Cache/Pc/263edaac76f2de40cab8b3d446be49f8.php 第 572 行.
NOTIC: [8] Undefined index: status /www/wwwroot/kmforex.com/Application/Runtime/Cache/Pc/263edaac76f2de40cab8b3d446be49f8.php 第 572 行.
NOTIC: [8] Undefined index: status /www/wwwroot/kmforex.com/Application/Runtime/Cache/Pc/263edaac76f2de40cab8b3d446be49f8.php 第 572 行.
NOTIC: [8] Undefined index: status /www/wwwroot/kmforex.com/Application/Runtime/Cache/Pc/263edaac76f2de40cab8b3d446be49f8.php 第 572 行.
NOTIC: [8] Undefined index: status /www/wwwroot/kmforex.com/Application/Runtime/Cache/Pc/263edaac76f2de40cab8b3d446be49f8.php 第 572 行.
NOTIC: [8] Undefined index: status /www/wwwroot/kmforex.com/Application/Runtime/Cache/Pc/263edaac76f2de40cab8b3d446be49f8.php 第 572 行.
NOTIC: [8] Undefined index: status /www/wwwroot/kmforex.com/Application/Runtime/Cache/Pc/263edaac76f2de40cab8b3d446be49f8.php 第 572 行.
NOTIC: [8] Undefined index: status /www/wwwroot/kmforex.com/Application/Runtime/Cache/Pc/263edaac76f2de40cab8b3d446be49f8.php 第 572 行.
NOTIC: [8] Undefined index: status /www/wwwroot/kmforex.com/Application/Runtime/Cache/Pc/263edaac76f2de40cab8b3d446be49f8.php 第 572 行.
NOTIC: [8] Undefined index: status /www/wwwroot/kmforex.com/Application/Runtime/Cache/Pc/263edaac76f2de40cab8b3d446be49f8.php 第 572 行.
NOTIC: [8] Undefined index: status /www/wwwroot/kmforex.com/Application/Runtime/Cache/Pc/263edaac76f2de40cab8b3d446be49f8.php 第 572 行.
NOTIC: [8] Undefined index: status /www/wwwroot/kmforex.com/Application/Runtime/Cache/Pc/263edaac76f2de40cab8b3d446be49f8.php 第 572 行.
NOTIC: [8] Undefined index: status /www/wwwroot/kmforex.com/Application/Runtime/Cache/Pc/263edaac76f2de40cab8b3d446be49f8.php 第 585 行.
NOTIC: [8] Undefined index: status /www/wwwroot/kmforex.com/Application/Runtime/Cache/Pc/263edaac76f2de40cab8b3d446be49f8.php 第 585 行.
NOTIC: [8] Undefined index: status /www/wwwroot/kmforex.com/Application/Runtime/Cache/Pc/263edaac76f2de40cab8b3d446be49f8.php 第 585 行.
NOTIC: [8] Undefined index: status /www/wwwroot/kmforex.com/Application/Runtime/Cache/Pc/263edaac76f2de40cab8b3d446be49f8.php 第 585 行.
NOTIC: [8] Undefined index: status /www/wwwroot/kmforex.com/Application/Runtime/Cache/Pc/263edaac76f2de40cab8b3d446be49f8.php 第 598 行.
NOTIC: [8] Undefined index: status /www/wwwroot/kmforex.com/Application/Runtime/Cache/Pc/263edaac76f2de40cab8b3d446be49f8.php 第 598 行.
NOTIC: [8] Undefined index: status /www/wwwroot/kmforex.com/Application/Runtime/Cache/Pc/263edaac76f2de40cab8b3d446be49f8.php 第 598 行.
NOTIC: [8] Undefined index: status /www/wwwroot/kmforex.com/Application/Runtime/Cache/Pc/263edaac76f2de40cab8b3d446be49f8.php 第 598 行.
NOTIC: [8] Undefined index: status /www/wwwroot/kmforex.com/Application/Runtime/Cache/Pc/263edaac76f2de40cab8b3d446be49f8.php 第 598 行.
NOTIC: [8] Undefined index: status /www/wwwroot/kmforex.com/Application/Runtime/Cache/Pc/263edaac76f2de40cab8b3d446be49f8.php 第 611 行.
NOTIC: [8] Undefined index: status /www/wwwroot/kmforex.com/Application/Runtime/Cache/Pc/263edaac76f2de40cab8b3d446be49f8.php 第 611 行.
NOTIC: [8] Undefined index: status /www/wwwroot/kmforex.com/Application/Runtime/Cache/Pc/263edaac76f2de40cab8b3d446be49f8.php 第 611 行.
NOTIC: [8] Undefined index: status /www/wwwroot/kmforex.com/Application/Runtime/Cache/Pc/263edaac76f2de40cab8b3d446be49f8.php 第 611 行.
INFO: Run Behavior\ParseTemplate [ RunTime:0.048372s ]
INFO: [ view_parse ] --END-- [ RunTime:0.048424s ]
INFO: [ view_filter ] --START--
INFO: Run Behavior\WriteHtmlCache [ RunTime:0.000138s ]
INFO: [ view_filter ] --END-- [ RunTime:0.000184s ]
INFO: [ app_end ] --START--
INFO: Run Behavior\ShowPageTrace [ RunTime:0.000388s ]
INFO: [ app_end ] --END-- [ RunTime:0.000599s ]

[ 2020-10-10T21:16:54+08:00 ] 112.36.236.154 /Pc/Product/lists.html
INFO: [ app_begin ] --START--
INFO: Run Behavior\ReadHtmlCache [ RunTime:0.000354s ]
INFO: Run Behavior\CheckLang [ RunTime:0.000632s ]
INFO: [ app_begin ] --END-- [ RunTime:0.001283s ]
NOTIC: [8192] mysql_connect(): The mysql extension is deprecated and will be removed in the future: use mysqli or PDO instead /www/wwwroot/kmforex.com/ThinkPHP/Library/Think/Db/Driver/Mysql.class.php 第 52 行.
ERR: 1064:You have an error in your SQL syntax; check the manual that corresponds to your MySQL server version for the right syntax to use near 'a' at line 1
 [ SQL语句 ] : SHOW COLUMNS FROM wp_option a
NOTIC: [8] Undefined offset: 62 /www/wwwroot/kmforex.com/Application/Pc/Controller/ProductController.class.php 第 215 行.
NOTIC: [8] Undefined offset: 101 /www/wwwroot/kmforex.com/Application/Pc/Controller/ProductController.class.php 第 215 行.
NOTIC: [8] Undefined offset: 10 /www/wwwroot/kmforex.com/Application/Pc/Controller/ProductController.class.php 第 215 行.
NOTIC: [8] Undefined offset: 60 /www/wwwroot/kmforex.com/Application/Pc/Controller/ProductController.class.php 第 215 行.
NOTIC: [8] Undefined offset: 59 /www/wwwroot/kmforex.com/Application/Pc/Controller/ProductController.class.php 第 215 行.
NOTIC: [8] Undefined offset: 70 /www/wwwroot/kmforex.com/Application/Pc/Controller/ProductController.class.php 第 215 行.
NOTIC: [8] Undefined offset: 71 /www/wwwroot/kmforex.com/Application/Pc/Controller/ProductController.class.php 第 215 行.
NOTIC: [8] Undefined offset: 72 /www/wwwroot/kmforex.com/Application/Pc/Controller/ProductController.class.php 第 215 行.
NOTIC: [8] Undefined offset: 74 /www/wwwroot/kmforex.com/Application/Pc/Controller/ProductController.class.php 第 215 行.
NOTIC: [8] Undefined offset: 75 /www/wwwroot/kmforex.com/Application/Pc/Controller/ProductController.class.php 第 215 行.
NOTIC: [8] Undefined offset: 76 /www/wwwroot/kmforex.com/Application/Pc/Controller/ProductController.class.php 第 215 行.
NOTIC: [8] Undefined offset: 77 /www/wwwroot/kmforex.com/Application/Pc/Controller/ProductController.class.php 第 215 行.
NOTIC: [8] Undefined offset: 78 /www/wwwroot/kmforex.com/Application/Pc/Controller/ProductController.class.php 第 215 行.
NOTIC: [8] Undefined offset: 79 /www/wwwroot/kmforex.com/Application/Pc/Controller/ProductController.class.php 第 215 行.
NOTIC: [8] Undefined offset: 80 /www/wwwroot/kmforex.com/Application/Pc/Controller/ProductController.class.php 第 215 行.
NOTIC: [8] Undefined offset: 81 /www/wwwroot/kmforex.com/Application/Pc/Controller/ProductController.class.php 第 215 行.
NOTIC: [8] Undefined offset: 82 /www/wwwroot/kmforex.com/Application/Pc/Controller/ProductController.class.php 第 215 行.
NOTIC: [8] Undefined offset: 83 /www/wwwroot/kmforex.com/Application/Pc/Controller/ProductController.class.php 第 215 行.
NOTIC: [8] Undefined offset: 84 /www/wwwroot/kmforex.com/Application/Pc/Controller/ProductController.class.php 第 215 行.
NOTIC: [8] Undefined offset: 85 /www/wwwroot/kmforex.com/Application/Pc/Controller/ProductController.class.php 第 215 行.
NOTIC: [8] Undefined offset: 86 /www/wwwroot/kmforex.com/Application/Pc/Controller/ProductController.class.php 第 215 行.
NOTIC: [8] Undefined offset: 87 /www/wwwroot/kmforex.com/Application/Pc/Controller/ProductController.class.php 第 215 行.
NOTIC: [8] Undefined offset: 88 /www/wwwroot/kmforex.com/Application/Pc/Controller/ProductController.class.php 第 215 行.
NOTIC: [8] Undefined offset: 89 /www/wwwroot/kmforex.com/Application/Pc/Controller/ProductController.class.php 第 215 行.
NOTIC: [8] Undefined offset: 90 /www/wwwroot/kmforex.com/Application/Pc/Controller/ProductController.class.php 第 215 行.
NOTIC: [8] Undefined offset: 93 /www/wwwroot/kmforex.com/Application/Pc/Controller/ProductController.class.php 第 215 行.
NOTIC: [8] Undefined offset: 95 /www/wwwroot/kmforex.com/Application/Pc/Controller/ProductController.class.php 第 215 行.
NOTIC: [8] Undefined offset: 99 /www/wwwroot/kmforex.com/Application/Pc/Controller/ProductController.class.php 第 215 行.
INFO: [ view_parse ] --START--
INFO: [ template_filter ] --START--
INFO: Run Behavior\ContentReplace [ RunTime:0.000213s ]
INFO: [ template_filter ] --END-- [ RunTime:0.000270s ]
NOTIC: [8] Undefined variable: lang /www/wwwroot/kmforex.com/Application/Runtime/Cache/Pc/263edaac76f2de40cab8b3d446be49f8.php 第 283 行.
NOTIC: [8] Undefined variable: lang /www/wwwroot/kmforex.com/Application/Runtime/Cache/Pc/263edaac76f2de40cab8b3d446be49f8.php 第 285 行.
NOTIC: [8] Undefined index: status /www/wwwroot/kmforex.com/Application/Runtime/Cache/Pc/263edaac76f2de40cab8b3d446be49f8.php 第 572 行.
NOTIC: [8] Undefined index: status /www/wwwroot/kmforex.com/Application/Runtime/Cache/Pc/263edaac76f2de40cab8b3d446be49f8.php 第 572 行.
NOTIC: [8] Undefined index: status /www/wwwroot/kmforex.com/Application/Runtime/Cache/Pc/263edaac76f2de40cab8b3d446be49f8.php 第 572 行.
NOTIC: [8] Undefined index: status /www/wwwroot/kmforex.com/Application/Runtime/Cache/Pc/263edaac76f2de40cab8b3d446be49f8.php 第 572 行.
NOTIC: [8] Undefined index: status /www/wwwroot/kmforex.com/Application/Runtime/Cache/Pc/263edaac76f2de40cab8b3d446be49f8.php 第 572 行.
NOTIC: [8] Undefined index: status /www/wwwroot/kmforex.com/Application/Runtime/Cache/Pc/263edaac76f2de40cab8b3d446be49f8.php 第 572 行.
NOTIC: [8] Undefined index: status /www/wwwroot/kmforex.com/Application/Runtime/Cache/Pc/263edaac76f2de40cab8b3d446be49f8.php 第 572 行.
NOTIC: [8] Undefined index: status /www/wwwroot/kmforex.com/Application/Runtime/Cache/Pc/263edaac76f2de40cab8b3d446be49f8.php 第 572 行.
NOTIC: [8] Undefined index: status /www/wwwroot/kmforex.com/Application/Runtime/Cache/Pc/263edaac76f2de40cab8b3d446be49f8.php 第 572 行.
NOTIC: [8] Undefined index: status /www/wwwroot/kmforex.com/Application/Runtime/Cache/Pc/263edaac76f2de40cab8b3d446be49f8.php 第 572 行.
NOTIC: [8] Undefined index: status /www/wwwroot/kmforex.com/Application/Runtime/Cache/Pc/263edaac76f2de40cab8b3d446be49f8.php 第 572 行.
NOTIC: [8] Undefined index: status /www/wwwroot/kmforex.com/Application/Runtime/Cache/Pc/263edaac76f2de40cab8b3d446be49f8.php 第 572 行.
NOTIC: [8] Undefined index: status /www/wwwroot/kmforex.com/Application/Runtime/Cache/Pc/263edaac76f2de40cab8b3d446be49f8.php 第 572 行.
NOTIC: [8] Undefined index: status /www/wwwroot/kmforex.com/Application/Runtime/Cache/Pc/263edaac76f2de40cab8b3d446be49f8.php 第 572 行.
NOTIC: [8] Undefined index: status /www/wwwroot/kmforex.com/Application/Runtime/Cache/Pc/263edaac76f2de40cab8b3d446be49f8.php 第 572 行.
NOTIC: [8] Undefined index: status /www/wwwroot/kmforex.com/Application/Runtime/Cache/Pc/263edaac76f2de40cab8b3d446be49f8.php 第 585 行.
NOTIC: [8] Undefined index: status /www/wwwroot/kmforex.com/Application/Runtime/Cache/Pc/263edaac76f2de40cab8b3d446be49f8.php 第 585 行.
NOTIC: [8] Undefined index: status /www/wwwroot/kmforex.com/Application/Runtime/Cache/Pc/263edaac76f2de40cab8b3d446be49f8.php 第 585 行.
NOTIC: [8] Undefined index: status /www/wwwroot/kmforex.com/Application/Runtime/Cache/Pc/263edaac76f2de40cab8b3d446be49f8.php 第 585 行.
NOTIC: [8] Undefined index: status /www/wwwroot/kmforex.com/Application/Runtime/Cache/Pc/263edaac76f2de40cab8b3d446be49f8.php 第 598 行.
NOTIC: [8] Undefined index: status /www/wwwroot/kmforex.com/Application/Runtime/Cache/Pc/263edaac76f2de40cab8b3d446be49f8.php 第 598 行.
NOTIC: [8] Undefined index: status /www/wwwroot/kmforex.com/Application/Runtime/Cache/Pc/263edaac76f2de40cab8b3d446be49f8.php 第 598 行.
NOTIC: [8] Undefined index: status /www/wwwroot/kmforex.com/Application/Runtime/Cache/Pc/263edaac76f2de40cab8b3d446be49f8.php 第 598 行.
NOTIC: [8] Undefined index: status /www/wwwroot/kmforex.com/Application/Runtime/Cache/Pc/263edaac76f2de40cab8b3d446be49f8.php 第 598 行.
NOTIC: [8] Undefined index: status /www/wwwroot/kmforex.com/Application/Runtime/Cache/Pc/263edaac76f2de40cab8b3d446be49f8.php 第 611 行.
NOTIC: [8] Undefined index: status /www/wwwroot/kmforex.com/Application/Runtime/Cache/Pc/263edaac76f2de40cab8b3d446be49f8.php 第 611 行.
NOTIC: [8] Undefined index: status /www/wwwroot/kmforex.com/Application/Runtime/Cache/Pc/263edaac76f2de40cab8b3d446be49f8.php 第 611 行.
NOTIC: [8] Undefined index: status /www/wwwroot/kmforex.com/Application/Runtime/Cache/Pc/263edaac76f2de40cab8b3d446be49f8.php 第 611 行.
INFO: Run Behavior\ParseTemplate [ RunTime:0.029741s ]
INFO: [ view_parse ] --END-- [ RunTime:0.029794s ]
INFO: [ view_filter ] --START--
INFO: Run Behavior\WriteHtmlCache [ RunTime:0.000176s ]
INFO: [ view_filter ] --END-- [ RunTime:0.000212s ]
INFO: [ app_end ] --START--
INFO: Run Behavior\ShowPageTrace [ RunTime:0.000377s ]
INFO: [ app_end ] --END-- [ RunTime:0.000423s ]

[ 2020-10-10T21:16:58+08:00 ] 112.36.236.154 /
INFO: [ app_begin ] --START--
INFO: Run Behavior\ReadHtmlCache [ RunTime:0.000396s ]
INFO: Run Behavior\CheckLang [ RunTime:0.000650s ]
INFO: [ app_begin ] --END-- [ RunTime:0.001344s ]

[ 2020-10-10T21:16:58+08:00 ] 112.36.236.154 /Pc/Index/index.html
INFO: [ app_begin ] --START--
INFO: Run Behavior\ReadHtmlCache [ RunTime:0.000395s ]
INFO: Run Behavior\CheckLang [ RunTime:0.000728s ]
INFO: [ app_begin ] --END-- [ RunTime:0.001499s ]
NOTIC: [8192] mysql_connect(): The mysql extension is deprecated and will be removed in the future: use mysqli or PDO instead /www/wwwroot/kmforex.com/ThinkPHP/Library/Think/Db/Driver/Mysql.class.php 第 52 行.
ERR: 1064:You have an error in your SQL syntax; check the manual that corresponds to your MySQL server version for the right syntax to use near 'a' at line 1
 [ SQL语句 ] : SHOW COLUMNS FROM wp_option a
ERR: 1064:You have an error in your SQL syntax; check the manual that corresponds to your MySQL server version for the right syntax to use near 'a' at line 1
 [ SQL语句 ] : SHOW COLUMNS FROM wp_userinfo a
INFO: [ view_parse ] --START--
INFO: [ template_filter ] --START--
INFO: Run Behavior\ContentReplace [ RunTime:0.000175s ]
INFO: [ template_filter ] --END-- [ RunTime:0.000243s ]
NOTIC: [8] Undefined variable: info /www/wwwroot/kmforex.com/Application/Runtime/Cache/Pc/294c98e9819a9b31d643d623dee36931.php 第 950 行.
INFO: Run Behavior\ParseTemplate [ RunTime:0.021951s ]
INFO: [ view_parse ] --END-- [ RunTime:0.022014s ]
INFO: [ view_filter ] --START--
INFO: Run Behavior\WriteHtmlCache [ RunTime:0.000136s ]
INFO: [ view_filter ] --END-- [ RunTime:0.000170s ]
INFO: [ app_end ] --START--
INFO: Run Behavior\ShowPageTrace [ RunTime:0.000427s ]
INFO: [ app_end ] --END-- [ RunTime:0.000476s ]

[ 2020-10-10T21:17:05+08:00 ] 112.36.236.154 /Pc/Position/trade.html
INFO: [ app_begin ] --START--
INFO: Run Behavior\ReadHtmlCache [ RunTime:0.000374s ]
INFO: Run Behavior\CheckLang [ RunTime:0.002130s ]
INFO: [ app_begin ] --END-- [ RunTime:0.002849s ]
NOTIC: [8192] mysql_connect(): The mysql extension is deprecated and will be removed in the future: use mysqli or PDO instead /www/wwwroot/kmforex.com/ThinkPHP/Library/Think/Db/Driver/Mysql.class.php 第 52 行.
NOTIC: [2] Invalid argument supplied for foreach() /www/wwwroot/kmforex.com/Application/Pc/Controller/PositionController.class.php 第 58 行.
INFO: [ view_parse ] --START--
INFO: [ template_filter ] --START--
INFO: Run Behavior\ContentReplace [ RunTime:0.000199s ]
INFO: [ template_filter ] --END-- [ RunTime:0.000277s ]
INFO: Run Behavior\ParseTemplate [ RunTime:0.029767s ]
INFO: [ view_parse ] --END-- [ RunTime:0.029829s ]
INFO: [ view_filter ] --START--
INFO: Run Behavior\WriteHtmlCache [ RunTime:0.000157s ]
INFO: [ view_filter ] --END-- [ RunTime:0.000193s ]
INFO: [ app_end ] --START--
INFO: Run Behavior\ShowPageTrace [ RunTime:0.000457s ]
INFO: [ app_end ] --END-- [ RunTime:0.000502s ]

[ 2020-10-10T21:17:12+08:00 ] 112.36.236.154 /Pc/Product/lists.html
INFO: [ app_begin ] --START--
INFO: Run Behavior\ReadHtmlCache [ RunTime:0.000369s ]
INFO: Run Behavior\CheckLang [ RunTime:0.000721s ]
INFO: [ app_begin ] --END-- [ RunTime:0.001451s ]
NOTIC: [8192] mysql_connect(): The mysql extension is deprecated and will be removed in the future: use mysqli or PDO instead /www/wwwroot/kmforex.com/ThinkPHP/Library/Think/Db/Driver/Mysql.class.php 第 52 行.
ERR: 1064:You have an error in your SQL syntax; check the manual that corresponds to your MySQL server version for the right syntax to use near 'a' at line 1
 [ SQL语句 ] : SHOW COLUMNS FROM wp_option a
NOTIC: [8] Undefined offset: 62 /www/wwwroot/kmforex.com/Application/Pc/Controller/ProductController.class.php 第 215 行.
NOTIC: [8] Undefined offset: 101 /www/wwwroot/kmforex.com/Application/Pc/Controller/ProductController.class.php 第 215 行.
NOTIC: [8] Undefined offset: 10 /www/wwwroot/kmforex.com/Application/Pc/Controller/ProductController.class.php 第 215 行.
NOTIC: [8] Undefined offset: 60 /www/wwwroot/kmforex.com/Application/Pc/Controller/ProductController.class.php 第 215 行.
NOTIC: [8] Undefined offset: 59 /www/wwwroot/kmforex.com/Application/Pc/Controller/ProductController.class.php 第 215 行.
NOTIC: [8] Undefined offset: 70 /www/wwwroot/kmforex.com/Application/Pc/Controller/ProductController.class.php 第 215 行.
NOTIC: [8] Undefined offset: 71 /www/wwwroot/kmforex.com/Application/Pc/Controller/ProductController.class.php 第 215 行.
NOTIC: [8] Undefined offset: 72 /www/wwwroot/kmforex.com/Application/Pc/Controller/ProductController.class.php 第 215 行.
NOTIC: [8] Undefined offset: 74 /www/wwwroot/kmforex.com/Application/Pc/Controller/ProductController.class.php 第 215 行.
NOTIC: [8] Undefined offset: 75 /www/wwwroot/kmforex.com/Application/Pc/Controller/ProductController.class.php 第 215 行.
NOTIC: [8] Undefined offset: 76 /www/wwwroot/kmforex.com/Application/Pc/Controller/ProductController.class.php 第 215 行.
NOTIC: [8] Undefined offset: 77 /www/wwwroot/kmforex.com/Application/Pc/Controller/ProductController.class.php 第 215 行.
NOTIC: [8] Undefined offset: 78 /www/wwwroot/kmforex.com/Application/Pc/Controller/ProductController.class.php 第 215 行.
NOTIC: [8] Undefined offset: 79 /www/wwwroot/kmforex.com/Application/Pc/Controller/ProductController.class.php 第 215 行.
NOTIC: [8] Undefined offset: 80 /www/wwwroot/kmforex.com/Application/Pc/Controller/ProductController.class.php 第 215 行.
NOTIC: [8] Undefined offset: 81 /www/wwwroot/kmforex.com/Application/Pc/Controller/ProductController.class.php 第 215 行.
NOTIC: [8] Undefined offset: 82 /www/wwwroot/kmforex.com/Application/Pc/Controller/ProductController.class.php 第 215 行.
NOTIC: [8] Undefined offset: 83 /www/wwwroot/kmforex.com/Application/Pc/Controller/ProductController.class.php 第 215 行.
NOTIC: [8] Undefined offset: 84 /www/wwwroot/kmforex.com/Application/Pc/Controller/ProductController.class.php 第 215 行.
NOTIC: [8] Undefined offset: 85 /www/wwwroot/kmforex.com/Application/Pc/Controller/ProductController.class.php 第 215 行.
NOTIC: [8] Undefined offset: 86 /www/wwwroot/kmforex.com/Application/Pc/Controller/ProductController.class.php 第 215 行.
NOTIC: [8] Undefined offset: 87 /www/wwwroot/kmforex.com/Application/Pc/Controller/ProductController.class.php 第 215 行.
NOTIC: [8] Undefined offset: 88 /www/wwwroot/kmforex.com/Application/Pc/Controller/ProductController.class.php 第 215 行.
NOTIC: [8] Undefined offset: 89 /www/wwwroot/kmforex.com/Application/Pc/Controller/ProductController.class.php 第 215 行.
NOTIC: [8] Undefined offset: 90 /www/wwwroot/kmforex.com/Application/Pc/Controller/ProductController.class.php 第 215 行.
NOTIC: [8] Undefined offset: 93 /www/wwwroot/kmforex.com/Application/Pc/Controller/ProductController.class.php 第 215 行.
NOTIC: [8] Undefined offset: 95 /www/wwwroot/kmforex.com/Application/Pc/Controller/ProductController.class.php 第 215 行.
NOTIC: [8] Undefined offset: 99 /www/wwwroot/kmforex.com/Application/Pc/Controller/ProductController.class.php 第 215 行.
INFO: [ view_parse ] --START--
INFO: [ template_filter ] --START--
INFO: Run Behavior\ContentReplace [ RunTime:0.000212s ]
INFO: [ template_filter ] --END-- [ RunTime:0.000278s ]
NOTIC: [8] Undefined variable: lang /www/wwwroot/kmforex.com/Application/Runtime/Cache/Pc/263edaac76f2de40cab8b3d446be49f8.php 第 283 行.
NOTIC: [8] Undefined variable: lang /www/wwwroot/kmforex.com/Application/Runtime/Cache/Pc/263edaac76f2de40cab8b3d446be49f8.php 第 285 行.
NOTIC: [8] Undefined index: status /www/wwwroot/kmforex.com/Application/Runtime/Cache/Pc/263edaac76f2de40cab8b3d446be49f8.php 第 572 行.
NOTIC: [8] Undefined index: status /www/wwwroot/kmforex.com/Application/Runtime/Cache/Pc/263edaac76f2de40cab8b3d446be49f8.php 第 572 行.
NOTIC: [8] Undefined index: status /www/wwwroot/kmforex.com/Application/Runtime/Cache/Pc/263edaac76f2de40cab8b3d446be49f8.php 第 572 行.
NOTIC: [8] Undefined index: status /www/wwwroot/kmforex.com/Application/Runtime/Cache/Pc/263edaac76f2de40cab8b3d446be49f8.php 第 572 行.
NOTIC: [8] Undefined index: status /www/wwwroot/kmforex.com/Application/Runtime/Cache/Pc/263edaac76f2de40cab8b3d446be49f8.php 第 572 行.
NOTIC: [8] Undefined index: status /www/wwwroot/kmforex.com/Application/Runtime/Cache/Pc/263edaac76f2de40cab8b3d446be49f8.php 第 572 行.
NOTIC: [8] Undefined index: status /www/wwwroot/kmforex.com/Application/Runtime/Cache/Pc/263edaac76f2de40cab8b3d446be49f8.php 第 572 行.
NOTIC: [8] Undefined index: status /www/wwwroot/kmforex.com/Application/Runtime/Cache/Pc/263edaac76f2de40cab8b3d446be49f8.php 第 572 行.
NOTIC: [8] Undefined index: status /www/wwwroot/kmforex.com/Application/Runtime/Cache/Pc/263edaac76f2de40cab8b3d446be49f8.php 第 572 行.
NOTIC: [8] Undefined index: status /www/wwwroot/kmforex.com/Application/Runtime/Cache/Pc/263edaac76f2de40cab8b3d446be49f8.php 第 572 行.
NOTIC: [8] Undefined index: status /www/wwwroot/kmforex.com/Application/Runtime/Cache/Pc/263edaac76f2de40cab8b3d446be49f8.php 第 572 行.
NOTIC: [8] Undefined index: status /www/wwwroot/kmforex.com/Application/Runtime/Cache/Pc/263edaac76f2de40cab8b3d446be49f8.php 第 572 行.
NOTIC: [8] Undefined index: status /www/wwwroot/kmforex.com/Application/Runtime/Cache/Pc/263edaac76f2de40cab8b3d446be49f8.php 第 572 行.
NOTIC: [8] Undefined index: status /www/wwwroot/kmforex.com/Application/Runtime/Cache/Pc/263edaac76f2de40cab8b3d446be49f8.php 第 572 行.
NOTIC: [8] Undefined index: status /www/wwwroot/kmforex.com/Application/Runtime/Cache/Pc/263edaac76f2de40cab8b3d446be49f8.php 第 572 行.
NOTIC: [8] Undefined index: status /www/wwwroot/kmforex.com/Application/Runtime/Cache/Pc/263edaac76f2de40cab8b3d446be49f8.php 第 585 行.
NOTIC: [8] Undefined index: status /www/wwwroot/kmforex.com/Application/Runtime/Cache/Pc/263edaac76f2de40cab8b3d446be49f8.php 第 585 行.
NOTIC: [8] Undefined index: status /www/wwwroot/kmforex.com/Application/Runtime/Cache/Pc/263edaac76f2de40cab8b3d446be49f8.php 第 585 行.
NOTIC: [8] Undefined index: status /www/wwwroot/kmforex.com/Application/Runtime/Cache/Pc/263edaac76f2de40cab8b3d446be49f8.php 第 585 行.
NOTIC: [8] Undefined index: status /www/wwwroot/kmforex.com/Application/Runtime/Cache/Pc/263edaac76f2de40cab8b3d446be49f8.php 第 598 行.
NOTIC: [8] Undefined index: status /www/wwwroot/kmforex.com/Application/Runtime/Cache/Pc/263edaac76f2de40cab8b3d446be49f8.php 第 598 行.
NOTIC: [8] Undefined index: status /www/wwwroot/kmforex.com/Application/Runtime/Cache/Pc/263edaac76f2de40cab8b3d446be49f8.php 第 598 行.
NOTIC: [8] Undefined index: status /www/wwwroot/kmforex.com/Application/Runtime/Cache/Pc/263edaac76f2de40cab8b3d446be49f8.php 第 598 行.
NOTIC: [8] Undefined index: status /www/wwwroot/kmforex.com/Application/Runtime/Cache/Pc/263edaac76f2de40cab8b3d446be49f8.php 第 598 行.
NOTIC: [8] Undefined index: status /www/wwwroot/kmforex.com/Application/Runtime/Cache/Pc/263edaac76f2de40cab8b3d446be49f8.php 第 611 行.
NOTIC: [8] Undefined index: status /www/wwwroot/kmforex.com/Application/Runtime/Cache/Pc/263edaac76f2de40cab8b3d446be49f8.php 第 611 行.
NOTIC: [8] Undefined index: status /www/wwwroot/kmforex.com/Application/Runtime/Cache/Pc/263edaac76f2de40cab8b3d446be49f8.php 第 611 行.
NOTIC: [8] Undefined index: status /www/wwwroot/kmforex.com/Application/Runtime/Cache/Pc/263edaac76f2de40cab8b3d446be49f8.php 第 611 行.
INFO: Run Behavior\ParseTemplate [ RunTime:0.033237s ]
INFO: [ view_parse ] --END-- [ RunTime:0.033304s ]
INFO: [ view_filter ] --START--
INFO: Run Behavior\WriteHtmlCache [ RunTime:0.000151s ]
INFO: [ view_filter ] --END-- [ RunTime:0.000187s ]
INFO: [ app_end ] --START--
INFO: Run Behavior\ShowPageTrace [ RunTime:0.000445s ]
INFO: [ app_end ] --END-- [ RunTime:0.000493s ]

[ 2020-10-10T21:17:16+08:00 ] 112.36.236.154 /Pc/Product/details/id/69/index/1.html
INFO: [ app_begin ] --START--
INFO: Run Behavior\ReadHtmlCache [ RunTime:0.000385s ]
INFO: Run Behavior\CheckLang [ RunTime:0.000714s ]
INFO: [ app_begin ] --END-- [ RunTime:0.001464s ]
NOTIC: [8192] mysql_connect(): The mysql extension is deprecated and will be removed in the future: use mysqli or PDO instead /www/wwwroot/kmforex.com/ThinkPHP/Library/Think/Db/Driver/Mysql.class.php 第 52 行.
ERR: 1064:You have an error in your SQL syntax; check the manual that corresponds to your MySQL server version for the right syntax to use near 'a' at line 1
 [ SQL语句 ] : SHOW COLUMNS FROM wp_option a
ERR: 1064:You have an error in your SQL syntax; check the manual that corresponds to your MySQL server version for the right syntax to use near 'a' at line 1
 [ SQL语句 ] : SHOW COLUMNS FROM wp_order a
NOTIC: [2] Invalid argument supplied for foreach() /www/wwwroot/kmforex.com/Application/Pc/Controller/ProductController.class.php 第 392 行.
INFO: [ view_parse ] --START--
INFO: [ template_filter ] --START--
INFO: Run Behavior\ContentReplace [ RunTime:0.000650s ]
INFO: [ template_filter ] --END-- [ RunTime:0.000723s ]
NOTIC: [8] Undefined variable: lang /www/wwwroot/kmforex.com/Application/Runtime/Cache/Pc/e75184cc8fcb6640863404cc5b5539d7.php 第 502 行.
NOTIC: [8] Undefined variable: lang /www/wwwroot/kmforex.com/Application/Runtime/Cache/Pc/e75184cc8fcb6640863404cc5b5539d7.php 第 504 行.
INFO: Run Behavior\ParseTemplate [ RunTime:0.047919s ]
INFO: [ view_parse ] --END-- [ RunTime:0.047982s ]
INFO: [ view_filter ] --START--
INFO: Run Behavior\WriteHtmlCache [ RunTime:0.000152s ]
INFO: [ view_filter ] --END-- [ RunTime:0.000189s ]
INFO: [ app_end ] --START--
INFO: Run Behavior\ShowPageTrace [ RunTime:0.000413s ]
INFO: [ app_end ] --END-- [ RunTime:0.000462s ]

[ 2020-10-10T21:17:16+08:00 ] 112.36.236.154 /Pc/Product/highcharts/code/fx_seurusd/interval/fenshi/type/candlestick/height/350/length/4.html
INFO: [ app_begin ] --START--
INFO: Run Behavior\ReadHtmlCache [ RunTime:0.000363s ]
INFO: Run Behavior\CheckLang [ RunTime:0.000755s ]
INFO: [ app_begin ] --END-- [ RunTime:0.001531s ]
NOTIC: [8192] mysql_connect(): The mysql extension is deprecated and will be removed in the future: use mysqli or PDO instead /www/wwwroot/kmforex.com/ThinkPHP/Library/Think/Db/Driver/Mysql.class.php 第 52 行.
ERR: 1064:You have an error in your SQL syntax; check the manual that corresponds to your MySQL server version for the right syntax to use near 'a' at line 1
 [ SQL语句 ] : SHOW COLUMNS FROM wp_option_classify a
INFO: [ view_parse ] --START--
INFO: [ template_filter ] --START--
INFO: Run Behavior\ContentReplace [ RunTime:0.000048s ]
INFO: [ template_filter ] --END-- [ RunTime:0.000114s ]
INFO: Run Behavior\ParseTemplate [ RunTime:0.013782s ]
INFO: [ view_parse ] --END-- [ RunTime:0.013839s ]
INFO: [ view_filter ] --START--
INFO: Run Behavior\WriteHtmlCache [ RunTime:0.000121s ]
INFO: [ view_filter ] --END-- [ RunTime:0.000154s ]
INFO: [ app_end ] --START--
INFO: Run Behavior\ShowPageTrace [ RunTime:0.000501s ]
INFO: [ app_end ] --END-- [ RunTime:0.000547s ]

[ 2020-10-10T21:17:17+08:00 ] 112.36.236.154 /Pc/Data/getData/code/fx_seurusd/interval/1m/rows/60.html
INFO: [ app_begin ] --START--
INFO: Run Behavior\ReadHtmlCache [ RunTime:0.000343s ]
INFO: Run Behavior\CheckLang [ RunTime:0.000487s ]
INFO: [ app_begin ] --END-- [ RunTime:0.001124s ]
NOTIC: [2] array_slice() expects parameter 1 to be array, boolean given /www/wwwroot/kmforex.com/Application/Pc/Controller/DataController.class.php 第 61 行.

[ 2020-10-10T21:26:45+08:00 ] 103.85.165.24 /
INFO: [ app_begin ] --START--
INFO: Run Behavior\ReadHtmlCache [ RunTime:0.000423s ]
INFO: Run Behavior\CheckLang [ RunTime:0.000770s ]
INFO: [ app_begin ] --END-- [ RunTime:0.001548s ]
NOTIC: [8] Undefined index: user_id /www/wwwroot/kmforex.com/Application/Home/Controller/CommonController.class.php 第 45 行.
NOTIC: [8192] mysql_connect(): The mysql extension is deprecated and will be removed in the future: use mysqli or PDO instead /www/wwwroot/kmforex.com/ThinkPHP/Library/Think/Db/Driver/Mysql.class.php 第 52 行.
ERR: 1064:You have an error in your SQL syntax; check the manual that corresponds to your MySQL server version for the right syntax to use near 'and is_read = 1 ) LIMIT 1' at line 1
 [ SQL语句 ] : SELECT COUNT(*) AS tp_count FROM `wp_money_flow` WHERE (  YEARWEEK(FROM_UNIXTIME(dateline,'%Y-%m-%d'),1) = YEARWEEK(DATE_FORMAT(now(),'%Y-%m-%d'),1) and uid= and is_read = 1 ) LIMIT 1  
NOTIC: [8] Undefined variable: user /www/wwwroot/kmforex.com/Application/Home/Controller/CommonController.class.php 第 97 行.
NOTIC: [8] Undefined index: HTTP_REFERER /www/wwwroot/kmforex.com/Application/Home/Controller/CommonController.class.php 第 112 行.
ERR: 1064:You have an error in your SQL syntax; check the manual that corresponds to your MySQL server version for the right syntax to use near 'a' at line 1
 [ SQL语句 ] : SHOW COLUMNS FROM wp_option a
ERR: 1064:You have an error in your SQL syntax; check the manual that corresponds to your MySQL server version for the right syntax to use near ') and a.global_flag=1 ) ORDER BY b.sort asc LIMIT 0,3' at line 1
 [ SQL语句 ] : SELECT a.id,a.capital_name,a.en_name,a.capital_key,a.pid,a.Price,a.DiffRate,b.capital_length FROM wp_option a left join wp_option_info b on a.id=b.option_id  WHERE ( exists(select b.option_id from wp_user_option c where a.id=c.option_id and c.user_id=) and a.global_flag=1 ) ORDER BY b.sort asc LIMIT 0,3  
ERR: 1064:You have an error in your SQL syntax; check the manual that corresponds to your MySQL server version for the right syntax to use near 'a' at line 1
 [ SQL语句 ] : SHOW COLUMNS FROM wp_userinfo a
INFO: [ view_parse ] --START--
INFO: [ template_filter ] --START--
INFO: Run Behavior\ContentReplace [ RunTime:0.000109s ]
INFO: [ template_filter ] --END-- [ RunTime:0.000180s ]
NOTIC: [8] Undefined variable: info /www/wwwroot/kmforex.com/Application/Runtime/Cache/Home/63efecedbc841600f0dc8a3f2f4786f2.php 第 419 行.
INFO: Run Behavior\ParseTemplate [ RunTime:0.028757s ]
INFO: [ view_parse ] --END-- [ RunTime:0.028805s ]
INFO: [ view_filter ] --START--
INFO: Run Behavior\WriteHtmlCache [ RunTime:0.000141s ]
INFO: [ view_filter ] --END-- [ RunTime:0.000185s ]

[ 2020-10-10T21:26:47+08:00 ] 103.85.165.24 /
INFO: [ app_begin ] --START--
INFO: Run Behavior\ReadHtmlCache [ RunTime:0.000530s ]
INFO: Run Behavior\CheckLang [ RunTime:0.001178s ]
INFO: [ app_begin ] --END-- [ RunTime:0.002171s ]
NOTIC: [8] Undefined index: user_id /www/wwwroot/kmforex.com/Application/Home/Controller/CommonController.class.php 第 45 行.
NOTIC: [8192] mysql_connect(): The mysql extension is deprecated and will be removed in the future: use mysqli or PDO instead /www/wwwroot/kmforex.com/ThinkPHP/Library/Think/Db/Driver/Mysql.class.php 第 52 行.
ERR: 1064:You have an error in your SQL syntax; check the manual that corresponds to your MySQL server version for the right syntax to use near 'and is_read = 1 ) LIMIT 1' at line 1
 [ SQL语句 ] : SELECT COUNT(*) AS tp_count FROM `wp_money_flow` WHERE (  YEARWEEK(FROM_UNIXTIME(dateline,'%Y-%m-%d'),1) = YEARWEEK(DATE_FORMAT(now(),'%Y-%m-%d'),1) and uid= and is_read = 1 ) LIMIT 1  
NOTIC: [8] Undefined variable: user /www/wwwroot/kmforex.com/Application/Home/Controller/CommonController.class.php 第 97 行.
NOTIC: [8] Undefined index: HTTP_REFERER /www/wwwroot/kmforex.com/Application/Home/Controller/CommonController.class.php 第 112 行.
ERR: 1064:You have an error in your SQL syntax; check the manual that corresponds to your MySQL server version for the right syntax to use near 'a' at line 1
 [ SQL语句 ] : SHOW COLUMNS FROM wp_option a
ERR: 1064:You have an error in your SQL syntax; check the manual that corresponds to your MySQL server version for the right syntax to use near ') and a.global_flag=1 ) ORDER BY b.sort asc LIMIT 0,3' at line 1
 [ SQL语句 ] : SELECT a.id,a.capital_name,a.en_name,a.capital_key,a.pid,a.Price,a.DiffRate,b.capital_length FROM wp_option a left join wp_option_info b on a.id=b.option_id  WHERE ( exists(select b.option_id from wp_user_option c where a.id=c.option_id and c.user_id=) and a.global_flag=1 ) ORDER BY b.sort asc LIMIT 0,3  
ERR: 1064:You have an error in your SQL syntax; check the manual that corresponds to your MySQL server version for the right syntax to use near 'a' at line 1
 [ SQL语句 ] : SHOW COLUMNS FROM wp_userinfo a
INFO: [ view_parse ] --START--
INFO: [ template_filter ] --START--
INFO: Run Behavior\ContentReplace [ RunTime:0.000108s ]
INFO: [ template_filter ] --END-- [ RunTime:0.000180s ]
NOTIC: [8] Undefined variable: info /www/wwwroot/kmforex.com/Application/Runtime/Cache/Home/63efecedbc841600f0dc8a3f2f4786f2.php 第 419 行.
INFO: Run Behavior\ParseTemplate [ RunTime:0.018516s ]
INFO: [ view_parse ] --END-- [ RunTime:0.018576s ]
INFO: [ view_filter ] --START--
INFO: Run Behavior\WriteHtmlCache [ RunTime:0.000164s ]
INFO: [ view_filter ] --END-- [ RunTime:0.000198s ]
INFO: [ app_end ] --START--
INFO: Run Behavior\ShowPageTrace [ RunTime:0.000426s ]
INFO: [ app_end ] --END-- [ RunTime:0.000471s ]

[ 2020-10-10T21:26:58+08:00 ] 103.85.165.24 /Home/Lang/index.html
INFO: [ app_begin ] --START--
INFO: Run Behavior\ReadHtmlCache [ RunTime:0.000388s ]
INFO: Run Behavior\CheckLang [ RunTime:0.000618s ]
INFO: [ app_begin ] --END-- [ RunTime:0.001366s ]
NOTIC: [8] Undefined index: user_id /www/wwwroot/kmforex.com/Application/Home/Controller/CommonController.class.php 第 45 行.
NOTIC: [8192] mysql_connect(): The mysql extension is deprecated and will be removed in the future: use mysqli or PDO instead /www/wwwroot/kmforex.com/ThinkPHP/Library/Think/Db/Driver/Mysql.class.php 第 52 行.
ERR: 1064:You have an error in your SQL syntax; check the manual that corresponds to your MySQL server version for the right syntax to use near 'and is_read = 1 ) LIMIT 1' at line 1
 [ SQL语句 ] : SELECT COUNT(*) AS tp_count FROM `wp_money_flow` WHERE (  YEARWEEK(FROM_UNIXTIME(dateline,'%Y-%m-%d'),1) = YEARWEEK(DATE_FORMAT(now(),'%Y-%m-%d'),1) and uid= and is_read = 1 ) LIMIT 1  
NOTIC: [8] Undefined variable: user /www/wwwroot/kmforex.com/Application/Home/Controller/CommonController.class.php 第 97 行.
INFO: [ view_parse ] --START--
INFO: [ template_filter ] --START--
INFO: Run Behavior\ContentReplace [ RunTime:0.000048s ]
INFO: [ template_filter ] --END-- [ RunTime:0.000100s ]
NOTIC: [8] Use of undefined constant lang - assumed 'lang' /www/wwwroot/kmforex.com/Application/Runtime/Cache/Home/b1f1bef4f0e3b33f47c813f173785ac7.php 第 261 行.
NOTIC: [8] Use of undefined constant lang - assumed 'lang' /www/wwwroot/kmforex.com/Application/Runtime/Cache/Home/b1f1bef4f0e3b33f47c813f173785ac7.php 第 271 行.
NOTIC: [8] Use of undefined constant lang - assumed 'lang' /www/wwwroot/kmforex.com/Application/Runtime/Cache/Home/b1f1bef4f0e3b33f47c813f173785ac7.php 第 281 行.
INFO: Run Behavior\ParseTemplate [ RunTime:0.007695s ]
INFO: [ view_parse ] --END-- [ RunTime:0.007744s ]
INFO: [ view_filter ] --START--
INFO: Run Behavior\WriteHtmlCache [ RunTime:0.000122s ]
INFO: [ view_filter ] --END-- [ RunTime:0.000155s ]
INFO: [ app_end ] --START--
INFO: Run Behavior\ShowPageTrace [ RunTime:0.000398s ]
INFO: [ app_end ] --END-- [ RunTime:0.000442s ]

[ 2020-10-10T21:27:01+08:00 ] 103.85.165.24 /?l=en-us
INFO: [ app_begin ] --START--
INFO: Run Behavior\ReadHtmlCache [ RunTime:0.000326s ]
INFO: Run Behavior\CheckLang [ RunTime:0.000793s ]
INFO: [ app_begin ] --END-- [ RunTime:0.001471s ]
NOTIC: [8] Undefined index: user_id /www/wwwroot/kmforex.com/Application/Home/Controller/CommonController.class.php 第 45 行.
NOTIC: [8192] mysql_connect(): The mysql extension is deprecated and will be removed in the future: use mysqli or PDO instead /www/wwwroot/kmforex.com/ThinkPHP/Library/Think/Db/Driver/Mysql.class.php 第 52 行.
ERR: 1064:You have an error in your SQL syntax; check the manual that corresponds to your MySQL server version for the right syntax to use near 'and is_read = 1 ) LIMIT 1' at line 1
 [ SQL语句 ] : SELECT COUNT(*) AS tp_count FROM `wp_money_flow` WHERE (  YEARWEEK(FROM_UNIXTIME(dateline,'%Y-%m-%d'),1) = YEARWEEK(DATE_FORMAT(now(),'%Y-%m-%d'),1) and uid= and is_read = 1 ) LIMIT 1  
NOTIC: [8] Undefined variable: user /www/wwwroot/kmforex.com/Application/Home/Controller/CommonController.class.php 第 97 行.
ERR: 1064:You have an error in your SQL syntax; check the manual that corresponds to your MySQL server version for the right syntax to use near 'a' at line 1
 [ SQL语句 ] : SHOW COLUMNS FROM wp_option a
ERR: 1064:You have an error in your SQL syntax; check the manual that corresponds to your MySQL server version for the right syntax to use near ') and a.global_flag=1 ) ORDER BY b.sort asc LIMIT 0,3' at line 1
 [ SQL语句 ] : SELECT a.id,a.capital_name,a.en_name,a.capital_key,a.pid,a.Price,a.DiffRate,b.capital_length FROM wp_option a left join wp_option_info b on a.id=b.option_id  WHERE ( exists(select b.option_id from wp_user_option c where a.id=c.option_id and c.user_id=) and a.global_flag=1 ) ORDER BY b.sort asc LIMIT 0,3  
ERR: 1064:You have an error in your SQL syntax; check the manual that corresponds to your MySQL server version for the right syntax to use near 'a' at line 1
 [ SQL语句 ] : SHOW COLUMNS FROM wp_userinfo a
INFO: [ view_parse ] --START--
INFO: [ template_filter ] --START--
INFO: Run Behavior\ContentReplace [ RunTime:0.000105s ]
INFO: [ template_filter ] --END-- [ RunTime:0.000169s ]
NOTIC: [8] Undefined variable: info /www/wwwroot/kmforex.com/Application/Runtime/Cache/Home/63efecedbc841600f0dc8a3f2f4786f2.php 第 419 行.
INFO: Run Behavior\ParseTemplate [ RunTime:0.015375s ]
INFO: [ view_parse ] --END-- [ RunTime:0.015439s ]
INFO: [ view_filter ] --START--
INFO: Run Behavior\WriteHtmlCache [ RunTime:0.000157s ]
INFO: [ view_filter ] --END-- [ RunTime:0.000190s ]
INFO: [ app_end ] --START--
INFO: Run Behavior\ShowPageTrace [ RunTime:0.000556s ]
INFO: [ app_end ] --END-- [ RunTime:0.000612s ]

[ 2020-10-10T21:27:33+08:00 ] 103.85.165.24 /
INFO: [ app_begin ] --START--
INFO: Run Behavior\ReadHtmlCache [ RunTime:0.000386s ]
INFO: Run Behavior\CheckLang [ RunTime:0.001269s ]
INFO: [ app_begin ] --END-- [ RunTime:0.002110s ]
NOTIC: [8] Undefined index: user_id /www/wwwroot/kmforex.com/Application/Home/Controller/CommonController.class.php 第 45 行.
NOTIC: [8192] mysql_connect(): The mysql extension is deprecated and will be removed in the future: use mysqli or PDO instead /www/wwwroot/kmforex.com/ThinkPHP/Library/Think/Db/Driver/Mysql.class.php 第 52 行.
ERR: 1064:You have an error in your SQL syntax; check the manual that corresponds to your MySQL server version for the right syntax to use near 'and is_read = 1 ) LIMIT 1' at line 1
 [ SQL语句 ] : SELECT COUNT(*) AS tp_count FROM `wp_money_flow` WHERE (  YEARWEEK(FROM_UNIXTIME(dateline,'%Y-%m-%d'),1) = YEARWEEK(DATE_FORMAT(now(),'%Y-%m-%d'),1) and uid= and is_read = 1 ) LIMIT 1  
NOTIC: [8] Undefined variable: user /www/wwwroot/kmforex.com/Application/Home/Controller/CommonController.class.php 第 97 行.
NOTIC: [8] Undefined index: HTTP_REFERER /www/wwwroot/kmforex.com/Application/Home/Controller/CommonController.class.php 第 112 行.
ERR: 1064:You have an error in your SQL syntax; check the manual that corresponds to your MySQL server version for the right syntax to use near 'a' at line 1
 [ SQL语句 ] : SHOW COLUMNS FROM wp_option a
ERR: 1064:You have an error in your SQL syntax; check the manual that corresponds to your MySQL server version for the right syntax to use near ') and a.global_flag=1 ) ORDER BY b.sort asc LIMIT 0,3' at line 1
 [ SQL语句 ] : SELECT a.id,a.capital_name,a.en_name,a.capital_key,a.pid,a.Price,a.DiffRate,b.capital_length FROM wp_option a left join wp_option_info b on a.id=b.option_id  WHERE ( exists(select b.option_id from wp_user_option c where a.id=c.option_id and c.user_id=) and a.global_flag=1 ) ORDER BY b.sort asc LIMIT 0,3  
ERR: 1064:You have an error in your SQL syntax; check the manual that corresponds to your MySQL server version for the right syntax to use near 'a' at line 1
 [ SQL语句 ] : SHOW COLUMNS FROM wp_userinfo a
INFO: [ view_parse ] --START--
INFO: [ template_filter ] --START--
INFO: Run Behavior\ContentReplace [ RunTime:0.000109s ]
INFO: [ template_filter ] --END-- [ RunTime:0.000178s ]
NOTIC: [8] Undefined variable: info /www/wwwroot/kmforex.com/Application/Runtime/Cache/Home/63efecedbc841600f0dc8a3f2f4786f2.php 第 419 行.
INFO: Run Behavior\ParseTemplate [ RunTime:0.016530s ]
INFO: [ view_parse ] --END-- [ RunTime:0.016589s ]
INFO: [ view_filter ] --START--
INFO: Run Behavior\WriteHtmlCache [ RunTime:0.000172s ]
INFO: [ view_filter ] --END-- [ RunTime:0.000220s ]
INFO: [ app_end ] --START--
INFO: Run Behavior\ShowPageTrace [ RunTime:0.000413s ]
INFO: [ app_end ] --END-- [ RunTime:0.000521s ]

[ 2020-10-10T21:27:34+08:00 ] 103.85.165.24 /
INFO: [ app_begin ] --START--
INFO: Run Behavior\ReadHtmlCache [ RunTime:0.000330s ]
INFO: Run Behavior\CheckLang [ RunTime:0.000655s ]
INFO: [ app_begin ] --END-- [ RunTime:0.001295s ]
NOTIC: [8] Undefined index: user_id /www/wwwroot/kmforex.com/Application/Home/Controller/CommonController.class.php 第 45 行.
NOTIC: [8192] mysql_connect(): The mysql extension is deprecated and will be removed in the future: use mysqli or PDO instead /www/wwwroot/kmforex.com/ThinkPHP/Library/Think/Db/Driver/Mysql.class.php 第 52 行.
ERR: 1064:You have an error in your SQL syntax; check the manual that corresponds to your MySQL server version for the right syntax to use near 'and is_read = 1 ) LIMIT 1' at line 1
 [ SQL语句 ] : SELECT COUNT(*) AS tp_count FROM `wp_money_flow` WHERE (  YEARWEEK(FROM_UNIXTIME(dateline,'%Y-%m-%d'),1) = YEARWEEK(DATE_FORMAT(now(),'%Y-%m-%d'),1) and uid= and is_read = 1 ) LIMIT 1  
NOTIC: [8] Undefined variable: user /www/wwwroot/kmforex.com/Application/Home/Controller/CommonController.class.php 第 97 行.
NOTIC: [8] Undefined index: HTTP_REFERER /www/wwwroot/kmforex.com/Application/Home/Controller/CommonController.class.php 第 112 行.
ERR: 1064:You have an error in your SQL syntax; check the manual that corresponds to your MySQL server version for the right syntax to use near 'a' at line 1
 [ SQL语句 ] : SHOW COLUMNS FROM wp_option a
ERR: 1064:You have an error in your SQL syntax; check the manual that corresponds to your MySQL server version for the right syntax to use near ') and a.global_flag=1 ) ORDER BY b.sort asc LIMIT 0,3' at line 1
 [ SQL语句 ] : SELECT a.id,a.capital_name,a.en_name,a.capital_key,a.pid,a.Price,a.DiffRate,b.capital_length FROM wp_option a left join wp_option_info b on a.id=b.option_id  WHERE ( exists(select b.option_id from wp_user_option c where a.id=c.option_id and c.user_id=) and a.global_flag=1 ) ORDER BY b.sort asc LIMIT 0,3  
ERR: 1064:You have an error in your SQL syntax; check the manual that corresponds to your MySQL server version for the right syntax to use near 'a' at line 1
 [ SQL语句 ] : SHOW COLUMNS FROM wp_userinfo a
INFO: [ view_parse ] --START--
INFO: [ template_filter ] --START--
INFO: Run Behavior\ContentReplace [ RunTime:0.000110s ]
INFO: [ template_filter ] --END-- [ RunTime:0.000185s ]
NOTIC: [8] Undefined variable: info /www/wwwroot/kmforex.com/Application/Runtime/Cache/Home/63efecedbc841600f0dc8a3f2f4786f2.php 第 419 行.
INFO: Run Behavior\ParseTemplate [ RunTime:0.014642s ]
INFO: [ view_parse ] --END-- [ RunTime:0.014688s ]
INFO: [ view_filter ] --START--
INFO: Run Behavior\WriteHtmlCache [ RunTime:0.000163s ]
INFO: [ view_filter ] --END-- [ RunTime:0.000196s ]
INFO: [ app_end ] --START--
INFO: Run Behavior\ShowPageTrace [ RunTime:0.000445s ]
INFO: [ app_end ] --END-- [ RunTime:0.000489s ]

[ 2020-10-10T21:27:43+08:00 ] 183.199.43.114 /
INFO: [ app_begin ] --START--
INFO: Run Behavior\ReadHtmlCache [ RunTime:0.000444s ]
INFO: Run Behavior\CheckLang [ RunTime:0.002232s ]
INFO: [ app_begin ] --END-- [ RunTime:0.002992s ]
NOTIC: [8] Undefined index: user_id /www/wwwroot/kmforex.com/Application/Home/Controller/CommonController.class.php 第 45 行.
NOTIC: [8192] mysql_connect(): The mysql extension is deprecated and will be removed in the future: use mysqli or PDO instead /www/wwwroot/kmforex.com/ThinkPHP/Library/Think/Db/Driver/Mysql.class.php 第 52 行.
ERR: 1064:You have an error in your SQL syntax; check the manual that corresponds to your MySQL server version for the right syntax to use near 'and is_read = 1 ) LIMIT 1' at line 1
 [ SQL语句 ] : SELECT COUNT(*) AS tp_count FROM `wp_money_flow` WHERE (  YEARWEEK(FROM_UNIXTIME(dateline,'%Y-%m-%d'),1) = YEARWEEK(DATE_FORMAT(now(),'%Y-%m-%d'),1) and uid= and is_read = 1 ) LIMIT 1  
NOTIC: [8] Undefined variable: user /www/wwwroot/kmforex.com/Application/Home/Controller/CommonController.class.php 第 97 行.
NOTIC: [8] Undefined index: HTTP_REFERER /www/wwwroot/kmforex.com/Application/Home/Controller/CommonController.class.php 第 112 行.
ERR: 1064:You have an error in your SQL syntax; check the manual that corresponds to your MySQL server version for the right syntax to use near 'a' at line 1
 [ SQL语句 ] : SHOW COLUMNS FROM wp_option a
ERR: 1064:You have an error in your SQL syntax; check the manual that corresponds to your MySQL server version for the right syntax to use near ') and a.global_flag=1 ) ORDER BY b.sort asc LIMIT 0,3' at line 1
 [ SQL语句 ] : SELECT a.id,a.capital_name,a.en_name,a.capital_key,a.pid,a.Price,a.DiffRate,b.capital_length FROM wp_option a left join wp_option_info b on a.id=b.option_id  WHERE ( exists(select b.option_id from wp_user_option c where a.id=c.option_id and c.user_id=) and a.global_flag=1 ) ORDER BY b.sort asc LIMIT 0,3  
ERR: 1064:You have an error in your SQL syntax; check the manual that corresponds to your MySQL server version for the right syntax to use near 'a' at line 1
 [ SQL语句 ] : SHOW COLUMNS FROM wp_userinfo a
INFO: [ view_parse ] --START--
INFO: [ template_filter ] --START--
INFO: Run Behavior\ContentReplace [ RunTime:0.000127s ]
INFO: [ template_filter ] --END-- [ RunTime:0.000205s ]
NOTIC: [8] Undefined variable: info /www/wwwroot/kmforex.com/Application/Runtime/Cache/Home/63efecedbc841600f0dc8a3f2f4786f2.php 第 419 行.
INFO: Run Behavior\ParseTemplate [ RunTime:0.019196s ]
INFO: [ view_parse ] --END-- [ RunTime:0.019248s ]
INFO: [ view_filter ] --START--
INFO: Run Behavior\WriteHtmlCache [ RunTime:0.000138s ]
INFO: [ view_filter ] --END-- [ RunTime:0.000172s ]
INFO: [ app_end ] --START--
INFO: Run Behavior\ShowPageTrace [ RunTime:0.000404s ]
INFO: [ app_end ] --END-- [ RunTime:0.000458s ]

[ 2020-10-10T21:27:45+08:00 ] 183.199.43.114 /
INFO: [ app_begin ] --START--
INFO: Run Behavior\ReadHtmlCache [ RunTime:0.000323s ]
INFO: Run Behavior\CheckLang [ RunTime:0.000692s ]
INFO: [ app_begin ] --END-- [ RunTime:0.001321s ]
NOTIC: [8] Undefined index: user_id /www/wwwroot/kmforex.com/Application/Home/Controller/CommonController.class.php 第 45 行.
NOTIC: [8192] mysql_connect(): The mysql extension is deprecated and will be removed in the future: use mysqli or PDO instead /www/wwwroot/kmforex.com/ThinkPHP/Library/Think/Db/Driver/Mysql.class.php 第 52 行.
ERR: 1064:You have an error in your SQL syntax; check the manual that corresponds to your MySQL server version for the right syntax to use near 'and is_read = 1 ) LIMIT 1' at line 1
 [ SQL语句 ] : SELECT COUNT(*) AS tp_count FROM `wp_money_flow` WHERE (  YEARWEEK(FROM_UNIXTIME(dateline,'%Y-%m-%d'),1) = YEARWEEK(DATE_FORMAT(now(),'%Y-%m-%d'),1) and uid= and is_read = 1 ) LIMIT 1  
NOTIC: [8] Undefined variable: user /www/wwwroot/kmforex.com/Application/Home/Controller/CommonController.class.php 第 97 行.
NOTIC: [8] Undefined index: HTTP_REFERER /www/wwwroot/kmforex.com/Application/Home/Controller/CommonController.class.php 第 112 行.
ERR: 1064:You have an error in your SQL syntax; check the manual that corresponds to your MySQL server version for the right syntax to use near 'a' at line 1
 [ SQL语句 ] : SHOW COLUMNS FROM wp_option a
ERR: 1064:You have an error in your SQL syntax; check the manual that corresponds to your MySQL server version for the right syntax to use near ') and a.global_flag=1 ) ORDER BY b.sort asc LIMIT 0,3' at line 1
 [ SQL语句 ] : SELECT a.id,a.capital_name,a.en_name,a.capital_key,a.pid,a.Price,a.DiffRate,b.capital_length FROM wp_option a left join wp_option_info b on a.id=b.option_id  WHERE ( exists(select b.option_id from wp_user_option c where a.id=c.option_id and c.user_id=) and a.global_flag=1 ) ORDER BY b.sort asc LIMIT 0,3  
ERR: 1064:You have an error in your SQL syntax; check the manual that corresponds to your MySQL server version for the right syntax to use near 'a' at line 1
 [ SQL语句 ] : SHOW COLUMNS FROM wp_userinfo a
INFO: [ view_parse ] --START--
INFO: [ template_filter ] --START--
INFO: Run Behavior\ContentReplace [ RunTime:0.000110s ]
INFO: [ template_filter ] --END-- [ RunTime:0.000176s ]
NOTIC: [8] Undefined variable: info /www/wwwroot/kmforex.com/Application/Runtime/Cache/Home/63efecedbc841600f0dc8a3f2f4786f2.php 第 419 行.
INFO: Run Behavior\ParseTemplate [ RunTime:0.018354s ]
INFO: [ view_parse ] --END-- [ RunTime:0.018420s ]
INFO: [ view_filter ] --START--
INFO: Run Behavior\WriteHtmlCache [ RunTime:0.000145s ]
INFO: [ view_filter ] --END-- [ RunTime:0.000178s ]
INFO: [ app_end ] --START--
INFO: Run Behavior\ShowPageTrace [ RunTime:0.000427s ]
INFO: [ app_end ] --END-- [ RunTime:0.000471s ]

[ 2020-10-10T21:39:01+08:00 ] 61.151.178.174 /?l=en-us
INFO: [ app_begin ] --START--
INFO: Run Behavior\ReadHtmlCache [ RunTime:0.000467s ]
INFO: Run Behavior\CheckLang [ RunTime:0.006152s ]
INFO: [ app_begin ] --END-- [ RunTime:0.006955s ]
NOTIC: [8] Undefined index: user_id /www/wwwroot/kmforex.com/Application/Home/Controller/CommonController.class.php 第 45 行.
NOTIC: [8192] mysql_connect(): The mysql extension is deprecated and will be removed in the future: use mysqli or PDO instead /www/wwwroot/kmforex.com/ThinkPHP/Library/Think/Db/Driver/Mysql.class.php 第 52 行.
ERR: 1064:You have an error in your SQL syntax; check the manual that corresponds to your MySQL server version for the right syntax to use near 'and is_read = 1 ) LIMIT 1' at line 1
 [ SQL语句 ] : SELECT COUNT(*) AS tp_count FROM `wp_money_flow` WHERE (  YEARWEEK(FROM_UNIXTIME(dateline,'%Y-%m-%d'),1) = YEARWEEK(DATE_FORMAT(now(),'%Y-%m-%d'),1) and uid= and is_read = 1 ) LIMIT 1  
NOTIC: [8] Undefined variable: user /www/wwwroot/kmforex.com/Application/Home/Controller/CommonController.class.php 第 97 行.
NOTIC: [8] Undefined index: HTTP_REFERER /www/wwwroot/kmforex.com/Application/Home/Controller/CommonController.class.php 第 112 行.
ERR: 1064:You have an error in your SQL syntax; check the manual that corresponds to your MySQL server version for the right syntax to use near 'a' at line 1
 [ SQL语句 ] : SHOW COLUMNS FROM wp_option a
ERR: 1064:You have an error in your SQL syntax; check the manual that corresponds to your MySQL server version for the right syntax to use near ') and a.global_flag=1 ) ORDER BY b.sort asc LIMIT 0,3' at line 1
 [ SQL语句 ] : SELECT a.id,a.capital_name,a.en_name,a.capital_key,a.pid,a.Price,a.DiffRate,b.capital_length FROM wp_option a left join wp_option_info b on a.id=b.option_id  WHERE ( exists(select b.option_id from wp_user_option c where a.id=c.option_id and c.user_id=) and a.global_flag=1 ) ORDER BY b.sort asc LIMIT 0,3  
ERR: 1064:You have an error in your SQL syntax; check the manual that corresponds to your MySQL server version for the right syntax to use near 'a' at line 1
 [ SQL语句 ] : SHOW COLUMNS FROM wp_userinfo a
INFO: [ view_parse ] --START--
INFO: [ template_filter ] --START--
INFO: Run Behavior\ContentReplace [ RunTime:0.000118s ]
INFO: [ template_filter ] --END-- [ RunTime:0.000185s ]
NOTIC: [8] Undefined variable: info /www/wwwroot/kmforex.com/Application/Runtime/Cache/Home/63efecedbc841600f0dc8a3f2f4786f2.php 第 419 行.
INFO: Run Behavior\ParseTemplate [ RunTime:0.038050s ]
INFO: [ view_parse ] --END-- [ RunTime:0.038116s ]
INFO: [ view_filter ] --START--
INFO: Run Behavior\WriteHtmlCache [ RunTime:0.000193s ]
INFO: [ view_filter ] --END-- [ RunTime:0.000246s ]
INFO: [ app_end ] --START--
INFO: Run Behavior\ShowPageTrace [ RunTime:0.000423s ]
INFO: [ app_end ] --END-- [ RunTime:0.000470s ]

[ 2020-10-10T21:39:03+08:00 ] 101.89.239.245 /Home/Lang/index.html
INFO: [ app_begin ] --START--
INFO: Run Behavior\ReadHtmlCache [ RunTime:0.000400s ]
INFO: Run Behavior\CheckLang [ RunTime:0.000686s ]
INFO: [ app_begin ] --END-- [ RunTime:0.001451s ]
NOTIC: [8] Undefined index: user_id /www/wwwroot/kmforex.com/Application/Home/Controller/CommonController.class.php 第 45 行.
NOTIC: [8192] mysql_connect(): The mysql extension is deprecated and will be removed in the future: use mysqli or PDO instead /www/wwwroot/kmforex.com/ThinkPHP/Library/Think/Db/Driver/Mysql.class.php 第 52 行.
ERR: 1064:You have an error in your SQL syntax; check the manual that corresponds to your MySQL server version for the right syntax to use near 'and is_read = 1 ) LIMIT 1' at line 1
 [ SQL语句 ] : SELECT COUNT(*) AS tp_count FROM `wp_money_flow` WHERE (  YEARWEEK(FROM_UNIXTIME(dateline,'%Y-%m-%d'),1) = YEARWEEK(DATE_FORMAT(now(),'%Y-%m-%d'),1) and uid= and is_read = 1 ) LIMIT 1  
NOTIC: [8] Undefined variable: user /www/wwwroot/kmforex.com/Application/Home/Controller/CommonController.class.php 第 97 行.
NOTIC: [8] Undefined index: HTTP_REFERER /www/wwwroot/kmforex.com/Application/Home/Controller/CommonController.class.php 第 112 行.
INFO: [ view_parse ] --START--
INFO: [ template_filter ] --START--
INFO: Run Behavior\ContentReplace [ RunTime:0.000048s ]
INFO: [ template_filter ] --END-- [ RunTime:0.000100s ]
NOTIC: [8] Use of undefined constant lang - assumed 'lang' /www/wwwroot/kmforex.com/Application/Runtime/Cache/Home/b1f1bef4f0e3b33f47c813f173785ac7.php 第 261 行.
NOTIC: [8] Use of undefined constant lang - assumed 'lang' /www/wwwroot/kmforex.com/Application/Runtime/Cache/Home/b1f1bef4f0e3b33f47c813f173785ac7.php 第 271 行.
NOTIC: [8] Use of undefined constant lang - assumed 'lang' /www/wwwroot/kmforex.com/Application/Runtime/Cache/Home/b1f1bef4f0e3b33f47c813f173785ac7.php 第 281 行.
INFO: Run Behavior\ParseTemplate [ RunTime:0.006319s ]
INFO: [ view_parse ] --END-- [ RunTime:0.006363s ]
INFO: [ view_filter ] --START--
INFO: Run Behavior\WriteHtmlCache [ RunTime:0.000120s ]
INFO: [ view_filter ] --END-- [ RunTime:0.000152s ]
INFO: [ app_end ] --START--
INFO: Run Behavior\ShowPageTrace [ RunTime:0.000403s ]
INFO: [ app_end ] --END-- [ RunTime:0.000452s ]

